2020-07-10 10:35:39.514  ERROR  [-nio-80-exec-10]  c.example.xhbblog.Controller.MyExceptionController :  null
2020-07-10 10:36:12.174  ERROR  [-nio-80-exec-10]  c.example.xhbblog.Controller.MyExceptionController :  null
2020-07-10 10:41:25.259  ERROR  [p-nio-80-exec-6]  c.example.xhbblog.Controller.MyExceptionController :  null
2020-07-10 10:42:29.727  ERROR  [p-nio-80-exec-3]  c.example.xhbblog.Controller.MyExceptionController :  null
2020-07-10 10:43:16.254  ERROR  [p-nio-80-exec-1]  com.example.xhbblog.aop.LogAspect                  :  >>>> Target class name=com.example.xhbblog.Controller.KaptchaController | method name=imgvrifyControllerDefaultKaptcha
java.lang.NullPointerException
	 at com.example.xhbblog.Controller.KaptchaController.imgvrifyControllerDefaultKaptcha(KaptchaController.java:75) <<<<
2020-07-10 10:43:16.261  ERROR  [p-nio-80-exec-1]  c.example.xhbblog.Controller.MyExceptionController :  null
2020-07-10 10:43:16.611  ERROR  [p-nio-80-exec-6]  c.example.xhbblog.Controller.MyExceptionController :  null
2020-07-10 10:43:57.927  ERROR  [p-nio-80-exec-6]  c.example.xhbblog.Controller.MyExceptionController :  null
2020-07-10 10:45:14.367  ERROR  [p-nio-80-exec-8]  c.example.xhbblog.Controller.MyExceptionController :  null
2020-07-10 10:45:57.190  ERROR  [p-nio-80-exec-8]  c.example.xhbblog.Controller.MyExceptionController :  null
2020-07-10 10:47:17.461  ERROR  [p-nio-80-exec-7]  c.example.xhbblog.Controller.MyExceptionController :  null
2020-07-10 10:48:26.285  ERROR  [p-nio-80-exec-6]  c.example.xhbblog.Controller.MyExceptionController :  null
2020-07-10 10:49:49.413  ERROR  [p-nio-80-exec-8]  c.example.xhbblog.Controller.MyExceptionController :  null
2020-07-10 10:50:51.923  ERROR  [p-nio-80-exec-8]  c.example.xhbblog.Controller.MyExceptionController :  null
2020-07-10 10:52:09.888  ERROR  [p-nio-80-exec-9]  c.example.xhbblog.Controller.MyExceptionController :  null
2020-07-10 10:54:58.007  ERROR  [p-nio-80-exec-7]  c.example.xhbblog.Controller.MyExceptionController :  请求为http://localhost/admin/articleList发现异常null
2020-07-10 10:56:55.396  ERROR  [p-nio-80-exec-6]  c.example.xhbblog.Controller.MyExceptionController :  请求为http://localhost/admin/articleList发现异常null
2020-07-10 10:57:37.720  ERROR  [p-nio-80-exec-4]  c.example.xhbblog.Controller.MyExceptionController :  请求为http://localhost/admin/articleList发现异常null
2020-07-10 10:58:58.006  ERROR  [p-nio-80-exec-9]  c.example.xhbblog.Controller.MyExceptionController :  请求为http://localhost/admin/articleList发现异常null
2020-07-10 11:15:49.419  ERROR  [p-nio-80-exec-3]  c.example.xhbblog.Controller.MyExceptionController :  请求为http://localhost/userAdmin/articleList发现异常null
2020-07-10 11:16:26.453  ERROR  [p-nio-80-exec-5]  c.example.xhbblog.Controller.MyExceptionController :  请求为http://localhost/admin/articleList发现异常null
2020-07-10 11:19:33.020  ERROR  [p-nio-80-exec-8]  c.example.xhbblog.Controller.MyExceptionController :  请求为http://localhost/admin/articleList发现异常null
2020-07-10 11:20:08.583  ERROR  [p-nio-80-exec-5]  c.example.xhbblog.Controller.MyExceptionController :  请求为http://localhost/admin/articleList发现异常null
2020-07-10 11:20:49.182  ERROR  [p-nio-80-exec-8]  c.example.xhbblog.Controller.MyExceptionController :  请求为http://localhost/admin/articleList发现异常null
2020-07-10 11:21:26.565  ERROR  [p-nio-80-exec-2]  c.example.xhbblog.Controller.MyExceptionController :  请求为http://localhost/admin/articleList发现异常null
2020-07-10 11:21:59.957  ERROR  [p-nio-80-exec-6]  c.example.xhbblog.Controller.MyExceptionController :  请求为http://localhost/admin/articleList发现异常null
2020-07-10 11:22:32.432  ERROR  [p-nio-80-exec-1]  c.example.xhbblog.Controller.MyExceptionController :  请求为http://localhost/admin/articleList发现异常null
2020-07-10 11:25:00.468  ERROR  [p-nio-80-exec-6]  c.example.xhbblog.Controller.MyExceptionController :  请求为http://localhost/admin/articleList发现异常null
2020-07-10 11:25:31.976  ERROR  [p-nio-80-exec-9]  c.example.xhbblog.Controller.MyExceptionController :  请求为http://localhost/admin/articleList发现异常null
2020-07-10 11:25:52.853  ERROR  [p-nio-80-exec-6]  c.example.xhbblog.Controller.MyExceptionController :  请求为http://localhost/admin/articleList发现异常null
2020-07-10 11:27:06.886  ERROR  [p-nio-80-exec-2]  c.example.xhbblog.Controller.MyExceptionController :  请求为http://localhost/admin/articleList发现异常null
2020-07-10 11:29:20.948  ERROR  [p-nio-80-exec-5]  c.example.xhbblog.Controller.MyExceptionController :  请求为http://localhost/admin/articleList发现异常null
2020-07-10 11:31:01.352  ERROR  [p-nio-80-exec-7]  c.example.xhbblog.Controller.MyExceptionController :  请求为http://localhost/admin/articleList发现异常null
2020-07-10 11:31:50.583  ERROR  [p-nio-80-exec-3]  c.example.xhbblog.Controller.MyExceptionController :  请求为http://localhost/admin/articleList发现异常null
2020-07-10 11:32:35.991  ERROR  [p-nio-80-exec-8]  c.example.xhbblog.Controller.MyExceptionController :  请求为http://localhost/admin/articleList发现异常null
2020-07-10 11:33:33.347  ERROR  [p-nio-80-exec-9]  c.example.xhbblog.Controller.MyExceptionController :  请求为http://localhost/admin/articleList发现异常null
2020-07-10 11:34:27.673  ERROR  [-nio-80-exec-10]  c.example.xhbblog.Controller.MyExceptionController :  请求为http://localhost/admin/articleList发现异常null
2020-07-10 11:35:12.722  ERROR  [-nio-80-exec-10]  c.example.xhbblog.Controller.MyExceptionController :  请求为http://localhost/admin/articleList发现异常null
2020-07-10 11:36:13.463  ERROR  [p-nio-80-exec-8]  c.example.xhbblog.Controller.MyExceptionController :  请求为http://localhost/admin/articleList发现异常null
2020-07-10 11:37:26.977  ERROR  [p-nio-80-exec-2]  c.example.xhbblog.Controller.MyExceptionController :  请求为http://localhost/admin/articleList发现异常null
2020-07-10 11:41:47.408  ERROR  [p-nio-80-exec-3]  c.example.xhbblog.Controller.MyExceptionController :  请求为http://localhost/admin/articleList发现异常null
2020-07-10 11:45:31.223  ERROR  [main           ]  o.s.b.diagnostics.LoggingFailureAnalysisReporter   :  

***************************
APPLICATION FAILED TO START
***************************

Description:

Field redisUserManager in com.example.xhbblog.Service.impl.ArticleServiceImpl required a bean of type 'com.example.xhbblog.manager.RedisUserManager' that could not be found.

The injection point has the following annotations:
	- @org.springframework.beans.factory.annotation.Autowired(required=true)


Action:

Consider defining a bean of type 'com.example.xhbblog.manager.RedisUserManager' in your configuration.

2020-07-10 11:47:23.941  ERROR  [main           ]  o.s.b.diagnostics.LoggingFailureAnalysisReporter   :  

***************************
APPLICATION FAILED TO START
***************************

Description:

Field zSet in com.example.xhbblog.manager.RedisArticleManager required a bean of type 'org.springframework.data.redis.core.ZSetOperations' that could not be found.

The injection point has the following annotations:
	- @org.springframework.beans.factory.annotation.Autowired(required=true)


Action:

Consider defining a bean of type 'org.springframework.data.redis.core.ZSetOperations' in your configuration.

2020-07-10 11:49:28.112  ERROR  [p-nio-80-exec-6]  c.example.xhbblog.Controller.MyExceptionController :  请求为http://localhost/admin/articleList发现异常null
2020-07-10 11:50:49.186  ERROR  [p-nio-80-exec-6]  c.example.xhbblog.Controller.MyExceptionController :  请求为http://localhost/admin/articleList发现异常null
2020-07-10 11:57:46.208  ERROR  [p-nio-80-exec-4]  c.example.xhbblog.Controller.MyExceptionController :  请求为http://localhost/admin/articleList发现异常null
2020-07-10 12:01:09.989  ERROR  [p-nio-80-exec-3]  c.example.xhbblog.Controller.MyExceptionController :  请求为http://localhost/admin/articleList发现异常null
2020-07-10 12:01:39.972  ERROR  [main           ]  org.springframework.boot.SpringApplication         :  Application run failed
org.springframework.beans.factory.BeanCreationException: Error creating bean with name 'projectingArgumentResolverBeanPostProcessor' defined in class path resource [org/springframework/data/web/config/ProjectingArgumentResolverRegistrar.class]: BeanPostProcessor before instantiation of bean failed; nested exception is org.springframework.beans.factory.BeanCreationException: Error creating bean with name 'org.springframework.cache.annotation.ProxyCachingConfiguration': BeanPostProcessor before instantiation of bean failed; nested exception is org.springframework.beans.factory.BeanCreationException: Error creating bean with name 'org.springframework.transaction.annotation.ProxyTransactionManagementConfiguration': Initialization of bean failed; nested exception is java.lang.IllegalArgumentException: error at ::0 can't find referenced pointcut controllerMethod
	at org.springframework.beans.factory.support.AbstractAutowireCapableBeanFactory.createBean(AbstractAutowireCapableBeanFactory.java:512)
	at org.springframework.beans.factory.support.AbstractBeanFactory.lambda$doGetBean$0(AbstractBeanFactory.java:323)
	at org.springframework.beans.factory.support.DefaultSingletonBeanRegistry.getSingleton(DefaultSingletonBeanRegistry.java:222)
	at org.springframework.beans.factory.support.AbstractBeanFactory.doGetBean(AbstractBeanFactory.java:321)
	at org.springframework.beans.factory.support.AbstractBeanFactory.getBean(AbstractBeanFactory.java:207)
	at org.springframework.context.support.PostProcessorRegistrationDelegate.registerBeanPostProcessors(PostProcessorRegistrationDelegate.java:240)
	at org.springframework.context.support.AbstractApplicationContext.registerBeanPostProcessors(AbstractApplicationContext.java:722)
	at org.springframework.context.support.AbstractApplicationContext.refresh(AbstractApplicationContext.java:535)
	at org.springframework.boot.web.servlet.context.ServletWebServerApplicationContext.refresh(ServletWebServerApplicationContext.java:141)
	at org.springframework.boot.SpringApplication.refresh(SpringApplication.java:747)
	at org.springframework.boot.SpringApplication.refreshContext(SpringApplication.java:397)
	at org.springframework.boot.SpringApplication.run(SpringApplication.java:315)
	at org.springframework.boot.SpringApplication.run(SpringApplication.java:1226)
	at org.springframework.boot.SpringApplication.run(SpringApplication.java:1215)
	at com.example.xhbblog.XhbBlogApplication.main(XhbBlogApplication.java:19)
Caused by: org.springframework.beans.factory.BeanCreationException: Error creating bean with name 'org.springframework.cache.annotation.ProxyCachingConfiguration': BeanPostProcessor before instantiation of bean failed; nested exception is org.springframework.beans.factory.BeanCreationException: Error creating bean with name 'org.springframework.transaction.annotation.ProxyTransactionManagementConfiguration': Initialization of bean failed; nested exception is java.lang.IllegalArgumentException: error at ::0 can't find referenced pointcut controllerMethod
	at org.springframework.beans.factory.support.AbstractAutowireCapableBeanFactory.createBean(AbstractAutowireCapableBeanFactory.java:512)
	at org.springframework.beans.factory.support.AbstractBeanFactory.lambda$doGetBean$0(AbstractBeanFactory.java:323)
	at org.springframework.beans.factory.support.DefaultSingletonBeanRegistry.getSingleton(DefaultSingletonBeanRegistry.java:222)
	at org.springframework.beans.factory.support.AbstractBeanFactory.doGetBean(AbstractBeanFactory.java:321)
	at org.springframework.beans.factory.support.AbstractBeanFactory.getBean(AbstractBeanFactory.java:202)
	at org.springframework.beans.factory.support.ConstructorResolver.instantiateUsingFactoryMethod(ConstructorResolver.java:409)
	at org.springframework.beans.factory.support.AbstractAutowireCapableBeanFactory.instantiateUsingFactoryMethod(AbstractAutowireCapableBeanFactory.java:1338)
	at org.springframework.beans.factory.support.AbstractAutowireCapableBeanFactory.createBeanInstance(AbstractAutowireCapableBeanFactory.java:1177)
	at org.springframework.beans.factory.support.AbstractAutowireCapableBeanFactory.doCreateBean(AbstractAutowireCapableBeanFactory.java:557)
	at org.springframework.beans.factory.support.AbstractAutowireCapableBeanFactory.createBean(AbstractAutowireCapableBeanFactory.java:517)
	at org.springframework.beans.factory.support.AbstractBeanFactory.lambda$doGetBean$0(AbstractBeanFactory.java:323)
	at org.springframework.beans.factory.support.DefaultSingletonBeanRegistry.getSingleton(DefaultSingletonBeanRegistry.java:222)
	at org.springframework.beans.factory.support.AbstractBeanFactory.doGetBean(AbstractBeanFactory.java:321)
	at org.springframework.beans.factory.support.AbstractBeanFactory.getBean(AbstractBeanFactory.java:207)
	at org.springframework.aop.framework.autoproxy.BeanFactoryAdvisorRetrievalHelper.findAdvisorBeans(BeanFactoryAdvisorRetrievalHelper.java:91)
	at org.springframework.aop.framework.autoproxy.AbstractAdvisorAutoProxyCreator.findCandidateAdvisors(AbstractAdvisorAutoProxyCreator.java:109)
	at org.springframework.aop.aspectj.annotation.AnnotationAwareAspectJAutoProxyCreator.findCandidateAdvisors(AnnotationAwareAspectJAutoProxyCreator.java:92)
	at org.springframework.aop.aspectj.autoproxy.AspectJAwareAdvisorAutoProxyCreator.shouldSkip(AspectJAwareAdvisorAutoProxyCreator.java:101)
	at org.springframework.aop.framework.autoproxy.AbstractAutoProxyCreator.postProcessBeforeInstantiation(AbstractAutoProxyCreator.java:251)
	at org.springframework.beans.factory.support.AbstractAutowireCapableBeanFactory.applyBeanPostProcessorsBeforeInstantiation(AbstractAutowireCapableBeanFactory.java:1141)
	at org.springframework.beans.factory.support.AbstractAutowireCapableBeanFactory.resolveBeforeInstantiation(AbstractAutowireCapableBeanFactory.java:1114)
	at org.springframework.beans.factory.support.AbstractAutowireCapableBeanFactory.createBean(AbstractAutowireCapableBeanFactory.java:506)
	... 14 common frames omitted
Caused by: org.springframework.beans.factory.BeanCreationException: Error creating bean with name 'org.springframework.transaction.annotation.ProxyTransactionManagementConfiguration': Initialization of bean failed; nested exception is java.lang.IllegalArgumentException: error at ::0 can't find referenced pointcut controllerMethod
	at org.springframework.beans.factory.support.AbstractAutowireCapableBeanFactory.doCreateBean(AbstractAutowireCapableBeanFactory.java:603)
	at org.springframework.beans.factory.support.AbstractAutowireCapableBeanFactory.createBean(AbstractAutowireCapableBeanFactory.java:517)
	at org.springframework.beans.factory.support.AbstractBeanFactory.lambda$doGetBean$0(AbstractBeanFactory.java:323)
	at org.springframework.beans.factory.support.DefaultSingletonBeanRegistry.getSingleton(DefaultSingletonBeanRegistry.java:222)
	at org.springframework.beans.factory.support.AbstractBeanFactory.doGetBean(AbstractBeanFactory.java:321)
	at org.springframework.beans.factory.support.AbstractBeanFactory.getBean(AbstractBeanFactory.java:202)
	at org.springframework.beans.factory.support.ConstructorResolver.instantiateUsingFactoryMethod(ConstructorResolver.java:409)
	at org.springframework.beans.factory.support.AbstractAutowireCapableBeanFactory.instantiateUsingFactoryMethod(AbstractAutowireCapableBeanFactory.java:1338)
	at org.springframework.beans.factory.support.AbstractAutowireCapableBeanFactory.createBeanInstance(AbstractAutowireCapableBeanFactory.java:1177)
	at org.springframework.beans.factory.support.AbstractAutowireCapableBeanFactory.doCreateBean(AbstractAutowireCapableBeanFactory.java:557)
	at org.springframework.beans.factory.support.AbstractAutowireCapableBeanFactory.createBean(AbstractAutowireCapableBeanFactory.java:517)
	at org.springframework.beans.factory.support.AbstractBeanFactory.lambda$doGetBean$0(AbstractBeanFactory.java:323)
	at org.springframework.beans.factory.support.DefaultSingletonBeanRegistry.getSingleton(DefaultSingletonBeanRegistry.java:222)
	at org.springframework.beans.factory.support.AbstractBeanFactory.doGetBean(AbstractBeanFactory.java:321)
	at org.springframework.beans.factory.support.AbstractBeanFactory.getBean(AbstractBeanFactory.java:207)
	at org.springframework.aop.framework.autoproxy.BeanFactoryAdvisorRetrievalHelper.findAdvisorBeans(BeanFactoryAdvisorRetrievalHelper.java:91)
	at org.springframework.aop.framework.autoproxy.AbstractAdvisorAutoProxyCreator.findCandidateAdvisors(AbstractAdvisorAutoProxyCreator.java:109)
	at org.springframework.aop.aspectj.annotation.AnnotationAwareAspectJAutoProxyCreator.findCandidateAdvisors(AnnotationAwareAspectJAutoProxyCreator.java:92)
	at org.springframework.aop.aspectj.autoproxy.AspectJAwareAdvisorAutoProxyCreator.shouldSkip(AspectJAwareAdvisorAutoProxyCreator.java:101)
	at org.springframework.aop.framework.autoproxy.AbstractAutoProxyCreator.postProcessBeforeInstantiation(AbstractAutoProxyCreator.java:251)
	at org.springframework.beans.factory.support.AbstractAutowireCapableBeanFactory.applyBeanPostProcessorsBeforeInstantiation(AbstractAutowireCapableBeanFactory.java:1141)
	at org.springframework.beans.factory.support.AbstractAutowireCapableBeanFactory.resolveBeforeInstantiation(AbstractAutowireCapableBeanFactory.java:1114)
	at org.springframework.beans.factory.support.AbstractAutowireCapableBeanFactory.createBean(AbstractAutowireCapableBeanFactory.java:506)
	... 35 common frames omitted
Caused by: java.lang.IllegalArgumentException: error at ::0 can't find referenced pointcut controllerMethod
	at org.aspectj.weaver.tools.PointcutParser.parsePointcutExpression(PointcutParser.java:319)
	at org.springframework.aop.aspectj.AspectJExpressionPointcut.buildPointcutExpression(AspectJExpressionPointcut.java:227)
	at org.springframework.aop.aspectj.AspectJExpressionPointcut.obtainPointcutExpression(AspectJExpressionPointcut.java:198)
	at org.springframework.aop.aspectj.AspectJExpressionPointcut.getClassFilter(AspectJExpressionPointcut.java:177)
	at org.springframework.aop.support.AopUtils.canApply(AopUtils.java:226)
	at org.springframework.aop.support.AopUtils.canApply(AopUtils.java:289)
	at org.springframework.aop.support.AopUtils.findAdvisorsThatCanApply(AopUtils.java:321)
	at org.springframework.aop.framework.autoproxy.AbstractAdvisorAutoProxyCreator.findAdvisorsThatCanApply(AbstractAdvisorAutoProxyCreator.java:126)
	at org.springframework.aop.framework.autoproxy.AbstractAdvisorAutoProxyCreator.findEligibleAdvisors(AbstractAdvisorAutoProxyCreator.java:95)
	at org.springframework.aop.framework.autoproxy.AbstractAdvisorAutoProxyCreator.getAdvicesAndAdvisorsForBean(AbstractAdvisorAutoProxyCreator.java:76)
	at org.springframework.aop.framework.autoproxy.AbstractAutoProxyCreator.wrapIfNecessary(AbstractAutoProxyCreator.java:347)
	at org.springframework.aop.framework.autoproxy.AbstractAutoProxyCreator.postProcessAfterInitialization(AbstractAutoProxyCreator.java:299)
	at org.springframework.beans.factory.support.AbstractAutowireCapableBeanFactory.applyBeanPostProcessorsAfterInitialization(AbstractAutowireCapableBeanFactory.java:431)
	at org.springframework.beans.factory.support.AbstractAutowireCapableBeanFactory.initializeBean(AbstractAutowireCapableBeanFactory.java:1800)
	at org.springframework.beans.factory.support.AbstractAutowireCapableBeanFactory.doCreateBean(AbstractAutowireCapableBeanFactory.java:595)
	... 57 common frames omitted
2020-07-10 12:02:17.670  ERROR  [-nio-80-exec-10]  c.example.xhbblog.Controller.MyExceptionController :  请求为http://localhost/admin/articleList发现异常Null key returned for cache operation (maybe you are using named params on classes without debug info?) Builder[public com.example.xhbblog.pojo.User com.example.xhbblog.manager.RedisUserManager.get(java.lang.Integer)] caches=[user] | key='#id' | keyGenerator='' | cacheManager='' | cacheResolver='' | condition='' | unless='' | sync='false'
2020-07-10 12:03:51.834  ERROR  [p-nio-80-exec-7]  c.example.xhbblog.Controller.MyExceptionController :  请求为http://localhost/admin/articleList发现异常null
2020-07-10 12:04:54.561  ERROR  [p-nio-80-exec-7]  o.a.c.c.C.[.[localhost].[/].[dispatcherServlet]    :  Servlet.service() for servlet [dispatcherServlet] in context with path [] threw exception [Request processing failed; nested exception is java.lang.NullPointerException] with root cause
java.lang.NullPointerException: null
	at com.example.xhbblog.Controller.admin.ArticleController.list(ArticleController.java:80)
	at sun.reflect.NativeMethodAccessorImpl.invoke0(Native Method)
	at sun.reflect.NativeMethodAccessorImpl.invoke(NativeMethodAccessorImpl.java:62)
	at sun.reflect.DelegatingMethodAccessorImpl.invoke(DelegatingMethodAccessorImpl.java:43)
	at java.lang.reflect.Method.invoke(Method.java:497)
	at org.springframework.web.method.support.InvocableHandlerMethod.doInvoke(InvocableHandlerMethod.java:190)
	at org.springframework.web.method.support.InvocableHandlerMethod.invokeForRequest(InvocableHandlerMethod.java:138)
	at org.springframework.web.servlet.mvc.method.annotation.ServletInvocableHandlerMethod.invokeAndHandle(ServletInvocableHandlerMethod.java:106)
	at org.springframework.web.servlet.mvc.method.annotation.RequestMappingHandlerAdapter.invokeHandlerMethod(RequestMappingHandlerAdapter.java:879)
	at org.springframework.web.servlet.mvc.method.annotation.RequestMappingHandlerAdapter.handleInternal(RequestMappingHandlerAdapter.java:793)
	at org.springframework.web.servlet.mvc.method.AbstractHandlerMethodAdapter.handle(AbstractHandlerMethodAdapter.java:87)
	at org.springframework.web.servlet.DispatcherServlet.doDispatch(DispatcherServlet.java:1040)
	at org.springframework.web.servlet.DispatcherServlet.doService(DispatcherServlet.java:943)
	at org.springframework.web.servlet.FrameworkServlet.processRequest(FrameworkServlet.java:1006)
	at org.springframework.web.servlet.FrameworkServlet.doGet(FrameworkServlet.java:898)
	at javax.servlet.http.HttpServlet.service(HttpServlet.java:634)
	at org.springframework.web.servlet.FrameworkServlet.service(FrameworkServlet.java:883)
	at javax.servlet.http.HttpServlet.service(HttpServlet.java:741)
	at org.apache.catalina.core.ApplicationFilterChain.internalDoFilter(ApplicationFilterChain.java:231)
	at org.apache.catalina.core.ApplicationFilterChain.doFilter(ApplicationFilterChain.java:166)
	at org.apache.tomcat.websocket.server.WsFilter.doFilter(WsFilter.java:53)
	at org.apache.catalina.core.ApplicationFilterChain.internalDoFilter(ApplicationFilterChain.java:193)
	at org.apache.catalina.core.ApplicationFilterChain.doFilter(ApplicationFilterChain.java:166)
	at org.springframework.web.filter.RequestContextFilter.doFilterInternal(RequestContextFilter.java:100)
	at org.springframework.web.filter.OncePerRequestFilter.doFilter(OncePerRequestFilter.java:119)
	at org.apache.catalina.core.ApplicationFilterChain.internalDoFilter(ApplicationFilterChain.java:193)
	at org.apache.catalina.core.ApplicationFilterChain.doFilter(ApplicationFilterChain.java:166)
	at org.springframework.web.filter.FormContentFilter.doFilterInternal(FormContentFilter.java:93)
	at org.springframework.web.filter.OncePerRequestFilter.doFilter(OncePerRequestFilter.java:119)
	at org.apache.catalina.core.ApplicationFilterChain.internalDoFilter(ApplicationFilterChain.java:193)
	at org.apache.catalina.core.ApplicationFilterChain.doFilter(ApplicationFilterChain.java:166)
	at org.springframework.web.filter.CharacterEncodingFilter.doFilterInternal(CharacterEncodingFilter.java:201)
	at org.springframework.web.filter.OncePerRequestFilter.doFilter(OncePerRequestFilter.java:119)
	at org.apache.catalina.core.ApplicationFilterChain.internalDoFilter(ApplicationFilterChain.java:193)
	at org.apache.catalina.core.ApplicationFilterChain.doFilter(ApplicationFilterChain.java:166)
	at org.apache.catalina.core.StandardWrapperValve.invoke(StandardWrapperValve.java:202)
	at org.apache.catalina.core.StandardContextValve.invoke(StandardContextValve.java:96)
	at org.apache.catalina.authenticator.AuthenticatorBase.invoke(AuthenticatorBase.java:541)
	at org.apache.catalina.core.StandardHostValve.invoke(StandardHostValve.java:139)
	at org.apache.catalina.valves.ErrorReportValve.invoke(ErrorReportValve.java:92)
	at org.apache.catalina.core.StandardEngineValve.invoke(StandardEngineValve.java:74)
	at org.apache.catalina.connector.CoyoteAdapter.service(CoyoteAdapter.java:343)
	at org.apache.coyote.http11.Http11Processor.service(Http11Processor.java:367)
	at org.apache.coyote.AbstractProcessorLight.process(AbstractProcessorLight.java:65)
	at org.apache.coyote.AbstractProtocol$ConnectionHandler.process(AbstractProtocol.java:868)
	at org.apache.tomcat.util.net.NioEndpoint$SocketProcessor.doRun(NioEndpoint.java:1639)
	at org.apache.tomcat.util.net.SocketProcessorBase.run(SocketProcessorBase.java:49)
	at java.util.concurrent.ThreadPoolExecutor.runWorker(ThreadPoolExecutor.java:1142)
	at java.util.concurrent.ThreadPoolExecutor$Worker.run(ThreadPoolExecutor.java:617)
	at org.apache.tomcat.util.threads.TaskThread$WrappingRunnable.run(TaskThread.java:61)
	at java.lang.Thread.run(Thread.java:745)
2020-07-10 12:06:08.100  ERROR  [p-nio-80-exec-6]  c.example.xhbblog.Controller.MyExceptionController :  请求为http://localhost/admin/articleList发现异常Null key returned for cache operation (maybe you are using named params on classes without debug info?) Builder[public com.example.xhbblog.pojo.User com.example.xhbblog.manager.RedisUserManager.get(java.lang.Integer)] caches=[user] | key='#id' | keyGenerator='' | cacheManager='' | cacheResolver='' | condition='' | unless='' | sync='false'
2020-07-10 12:07:07.662  ERROR  [-nio-80-exec-10]  c.example.xhbblog.Controller.MyExceptionController :  请求为http://localhost/admin/articleList发现异常Null key returned for cache operation (maybe you are using named params on classes without debug info?) Builder[public com.example.xhbblog.pojo.User com.example.xhbblog.manager.RedisUserManager.get(java.lang.Integer)] caches=[user] | key='#id' | keyGenerator='' | cacheManager='' | cacheResolver='' | condition='' | unless='' | sync='false'
2020-07-10 12:07:40.948  ERROR  [p-nio-80-exec-6]  c.example.xhbblog.Controller.MyExceptionController :  请求为http://localhost/admin/articleList发现异常Null key returned for cache operation (maybe you are using named params on classes without debug info?) Builder[public com.example.xhbblog.pojo.User com.example.xhbblog.manager.RedisUserManager.get(java.lang.Integer)] caches=[user] | key='#id' | keyGenerator='' | cacheManager='' | cacheResolver='' | condition='' | unless='' | sync='false'
2020-07-10 12:09:48.399  ERROR  [p-nio-80-exec-6]  c.example.xhbblog.Controller.MyExceptionController :  请求为http://localhost/admin/articleList发现异常Null key returned for cache operation (maybe you are using named params on classes without debug info?) Builder[public com.example.xhbblog.pojo.User com.example.xhbblog.manager.RedisUserManager.get(java.lang.Integer)] caches=[user] | key='#id' | keyGenerator='' | cacheManager='' | cacheResolver='' | condition='' | unless='' | sync='false'
2020-07-10 12:11:51.354  ERROR  [-nio-80-exec-10]  c.example.xhbblog.Controller.MyExceptionController :  请求为http://localhost/admin/deleteTag发现异常
### Error updating database.  Cause: java.sql.SQLIntegrityConstraintViolationException: Cannot delete or update a parent row: a foreign key constraint fails (`xhb_blog`.`article`, CONSTRAINT `fk_article_tag` FOREIGN KEY (`tid`) REFERENCES `tag` (`id`))
### The error may exist in com/example/xhbblog/mapper/TagMapper.xml
### The error may involve com.example.xhbblog.mapper.TagMapper.deleteByPrimaryKey-Inline
### The error occurred while setting parameters
### SQL: delete from tag     where id = ?
### Cause: java.sql.SQLIntegrityConstraintViolationException: Cannot delete or update a parent row: a foreign key constraint fails (`xhb_blog`.`article`, CONSTRAINT `fk_article_tag` FOREIGN KEY (`tid`) REFERENCES `tag` (`id`))
; Cannot delete or update a parent row: a foreign key constraint fails (`xhb_blog`.`article`, CONSTRAINT `fk_article_tag` FOREIGN KEY (`tid`) REFERENCES `tag` (`id`)); nested exception is java.sql.SQLIntegrityConstraintViolationException: Cannot delete or update a parent row: a foreign key constraint fails (`xhb_blog`.`article`, CONSTRAINT `fk_article_tag` FOREIGN KEY (`tid`) REFERENCES `tag` (`id`))
