#
# There is insufficient memory for the Java Runtime Environment to continue.
# Native memory allocation (malloc) failed to allocate 4092 bytes for AllocateHeap
# Possible reasons:
#   The system is out of physical RAM or swap space
#   In 32 bit mode, the process size limit was hit
# Possible solutions:
#   Reduce memory load on the system
#   Increase physical memory or swap space
#   Check if swap backing store is full
#   Use 64 bit Java on a 64 bit OS
#   Decrease Java heap size (-Xmx/-Xms)
#   Decrease number of Java threads
#   Decrease Java thread stack sizes (-Xss)
#   Set larger code cache with -XX:ReservedCodeCacheSize=
# This output file may be truncated or incomplete.
#
#  Out of Memory Error (memory/allocation.inline.hpp:61), pid=9736, tid=1356
#
# JRE version: Java(TM) SE Runtime Environment (8.0_65-b17) (build 1.8.0_65-b17)
# Java VM: Java HotSpot(TM) Client VM (25.65-b01 mixed mode windows-x86 )
# Failed to write core dump. Minidumps are not enabled by default on client versions of Windows
#

---------------  T H R E A D  ---------------

Current thread (0x02b7e400):  VMThread [stack: 0x15500000,0x15550000] [id=1356]

Stack: [0x15500000,0x15550000],  sp=0x1554f01c,  free space=316k
Native frames: (J=compiled Java code, j=interpreted, Vv=VM code, C=native code)
V  [jvm.dll+0x1a7dbb]
V  [jvm.dll+0x1a0668]
V  [jvm.dll+0x934ad]
V  [jvm.dll+0x272e7f]
V  [jvm.dll+0xbe835]
V  [jvm.dll+0x1b3341]
V  [jvm.dll+0x1b353c]
V  [jvm.dll+0x178483]
V  [jvm.dll+0x176fba]
V  [jvm.dll+0x97020]
V  [jvm.dll+0x98311]
V  [jvm.dll+0x9a080]
V  [jvm.dll+0x9a4e9]
V  [jvm.dll+0x9930f]
V  [jvm.dll+0xa5502]
V  [jvm.dll+0x97ee3]
V  [jvm.dll+0x91eb5]
V  [jvm.dll+0x1b6756]
V  [jvm.dll+0x180f0b]
V  [jvm.dll+0x180321]
V  [jvm.dll+0x180737]
V  [jvm.dll+0x180932]
V  [jvm.dll+0x1c0466]
C  [msvcr100.dll+0x5c556]
C  [msvcr100.dll+0x5c600]
C  [KERNEL32.DLL+0x16359]
C  [ntdll.dll+0x67c24]
C  [ntdll.dll+0x67bf4]

VM_Operation (0x16bccef8): GenCollectForAllocation, mode: safepoint, requested by thread 0x15f5bc00


---------------  P R O C E S S  ---------------

Java Threads: ( => current thread )
  0x180acc00 JavaThread "lettuce-eventExecutorLoop-1-8" daemon [_thread_blocked, id=2104, stack(0x1aba0000,0x1abf0000)]
  0x180ac400 JavaThread "lettuce-eventExecutorLoop-1-7" daemon [_thread_blocked, id=7488, stack(0x1ab10000,0x1ab60000)]
  0x180ad800 JavaThread "lettuce-eventExecutorLoop-1-6" daemon [_thread_blocked, id=7552, stack(0x1aa80000,0x1aad0000)]
  0x180ae800 JavaThread "HikariPool-1 connection adder" daemon [_thread_blocked, id=13028, stack(0x1a9f0000,0x1aa40000)]
  0x180ae400 JavaThread "lettuce-eventExecutorLoop-1-5" daemon [_thread_blocked, id=1656, stack(0x1a960000,0x1a9b0000)]
  0x180abc00 JavaThread "lettuce-eventExecutorLoop-1-4" daemon [_thread_blocked, id=8676, stack(0x1a8d0000,0x1a920000)]
  0x180ab000 JavaThread "lettuce-eventExecutorLoop-1-3" daemon [_thread_blocked, id=3528, stack(0x1a840000,0x1a890000)]
  0x180ad000 JavaThread "HikariPool-1 housekeeper" daemon [_thread_blocked, id=2172, stack(0x1a7b0000,0x1a800000)]
  0x180ab800 JavaThread "lettuce-eventExecutorLoop-1-2" daemon [_thread_blocked, id=11024, stack(0x1a620000,0x1a670000)]
  0x17fbb800 JavaThread "lettuce-eventExecutorLoop-1-1" daemon [_thread_blocked, id=4468, stack(0x1a490000,0x1a4e0000)]
  0x18027400 JavaThread "lettuce-nioEventLoop-4-1" daemon [_thread_in_native, id=10532, stack(0x19340000,0x19390000)]
  0x17eca400 JavaThread "mysql-cj-abandoned-connection-cleanup" daemon [_thread_blocked, id=6784, stack(0x18e90000,0x18ee0000)]
  0x17e3e800 JavaThread "container-0" [_thread_blocked, id=5148, stack(0x18d00000,0x18d50000)]
  0x1773f800 JavaThread "Catalina-utility-2" [_thread_blocked, id=5444, stack(0x18c70000,0x18cc0000)]
  0x1773f000 JavaThread "Catalina-utility-1" [_thread_blocked, id=4572, stack(0x16c10000,0x16c60000)]
  0x15f5bc00 JavaThread "restartedMain" [_thread_blocked, id=8488, stack(0x16b80000,0x16bd0000)]
  0x15f56c00 JavaThread "Thread-1" [_thread_blocked, id=12504, stack(0x16af0000,0x16b40000)]
  0x15e54000 JavaThread "RMI TCP Accept-0" daemon [_thread_in_native, id=8868, stack(0x16620000,0x16670000)]
  0x15d12c00 JavaThread "Service Thread" daemon [_thread_blocked, id=9136, stack(0x16570000,0x165c0000)]
  0x15c8ac00 JavaThread "C1 CompilerThread0" daemon [_thread_blocked, id=7516, stack(0x164e0000,0x16530000)]
  0x15c8cc00 JavaThread "Monitor Ctrl-Break" daemon [_thread_in_native, id=8832, stack(0x16450000,0x164a0000)]
  0x152f8000 JavaThread "Attach Listener" daemon [_thread_blocked, id=2196, stack(0x157b0000,0x15800000)]
  0x152f7800 JavaThread "Signal Dispatcher" daemon [_thread_blocked, id=11688, stack(0x15720000,0x15770000)]
  0x152d1800 JavaThread "Finalizer" daemon [_thread_blocked, id=3388, stack(0x15620000,0x15670000)]
  0x152ccc00 JavaThread "Reference Handler" daemon [_thread_blocked, id=11696, stack(0x15590000,0x155e0000)]
  0x0080ec00 JavaThread "main" [_thread_blocked, id=3536, stack(0x02a30000,0x02a80000)]

Other Threads:
=>0x02b7e400 VMThread [stack: 0x15500000,0x15550000] [id=1356]
  0x15e55c00 WatcherThread [stack: 0x166b0000,0x16700000] [id=3116]

VM state:at safepoint (normal execution)

VM Mutex/Monitor currently owned by a thread:  ([mutex/lock_event])
[0x02a802e0] Threads_lock - owner thread: 0x02b7e400
[0x02a80f68] Heap_lock - owner thread: 0x15f5bc00

Heap:
 def new generation   total 8576K, used 8576K [0x04e00000, 0x05740000, 0x0a350000)
  eden space 7680K, 100% used [0x04e00000, 0x05580000, 0x05580000)
  from space 896K, 100% used [0x05580000, 0x05660000, 0x05660000)
  to   space 896K, 100% used [0x05660000, 0x05740000, 0x05740000)
 tenured generation   total 20080K, used 19979K [0x0a350000, 0x0b6ec000, 0x14e00000)
   the space 20080K,  99% used [0x0a350000, 0x0b6d2d58, 0x0b6d2e00, 0x0b6ec000)
 Metaspace       used 30560K, capacity 31959K, committed 32000K, reserved 33152K

Card table byte_map: [0x04d70000,0x04e00000] byte_map_base: 0x04d49000

Polling page: 0x00f80000

CodeCache: size=32768Kb used=3770Kb max_used=3782Kb free=28997Kb
 bounds [0x02cf0000, 0x030a8000, 0x04cf0000]
 total_blobs=2479 nmethods=2241 adapters=168
 compilation: enabled

Compilation events (10 events):
Event: 4.983 Thread 0x15c8ac00 nmethod 2441 0x02df1e88 code [0x02df2000, 0x02df2488]
Event: 4.984 Thread 0x15c8ac00 2442             java.nio.Buffer::checkIndex (22 bytes)
Event: 4.984 Thread 0x15c8ac00 nmethod 2442 0x02df1c08 code [0x02df1d10, 0x02df1e0c]
Event: 4.986 Thread 0x15c8ac00 2443             java.lang.String::equalsIgnoreCase (48 bytes)
Event: 4.986 Thread 0x15c8ac00 nmethod 2443 0x02dee088 code [0x02dee190, 0x02dee29c]
Event: 4.986 Thread 0x15c8ac00 2444   !         java.util.concurrent.ConcurrentHashMap::transfer (832 bytes)
Event: 4.988 Thread 0x15c8ac00 nmethod 2444 0x030a4b48 code [0x030a4ce0, 0x030a5bcc]
Event: 4.988 Thread 0x15c8ac00 2445   !         java.lang.ref.ReferenceQueue::poll (28 bytes)
Event: 4.988 Thread 0x15c8ac00 nmethod 2445 0x02df1288 code [0x02df1390, 0x02df15bc]
Event: 4.991 Thread 0x15c8ac00 2446             java.lang.String::substring (56 bytes)

GC Heap History (10 events):
Event: 4.720 GC heap after
Heap after GC invocations=131 (full 7):
 def new generation   total 8512K, used 124K [0x04e00000, 0x05730000, 0x0a350000)
  eden space 7616K,   1% used [0x04e00000, 0x04e1f158, 0x05570000)
  from space 896K,   0% used [0x05570000, 0x05570000, 0x05650000)
  to   space 896K,   0% used [0x05650000, 0x05650000, 0x05730000)
 tenured generation   total 18752K, used 18751K [0x0a350000, 0x0b5a0000, 0x14e00000)
   the space 18752K,  99% used [0x0a350000, 0x0b59ffd0, 0x0b5a0000, 0x0b5a0000)
 Metaspace       used 29724K, capacity 31153K, committed 31232K, reserved 32128K
}
Event: 4.742 GC heap before
{Heap before GC invocations=131 (full 7):
 def new generation   total 8512K, used 7616K [0x04e00000, 0x05730000, 0x0a350000)
  eden space 7616K, 100% used [0x04e00000, 0x05570000, 0x05570000)
  from space 896K,   0% used [0x05570000, 0x05570000, 0x05650000)
  to   space 896K,   0% used [0x05650000, 0x05650000, 0x05730000)
 tenured generation   total 18752K, used 18751K [0x0a350000, 0x0b5a0000, 0x14e00000)
   the space 18752K,  99% used [0x0a350000, 0x0b59ffd0, 0x0b5a0000, 0x0b5a0000)
 Metaspace       used 29753K, capacity 31193K, committed 31232K, reserved 32128K
Event: 4.815 GC heap after
Heap after GC invocations=132 (full 8):
 def new generation   total 8576K, used 0K [0x04e00000, 0x05740000, 0x0a350000)
  eden space 7680K,   0% used [0x04e00000, 0x04e00000, 0x05580000)
  from space 896K,   0% used [0x05580000, 0x05580000, 0x05660000)
  to   space 896K,   0% used [0x05660000, 0x05660000, 0x05740000)
 tenured generation   total 18880K, used 17873K [0x0a350000, 0x0b5c0000, 0x14e00000)
   the space 18880K,  94% used [0x0a350000, 0x0b4c46e8, 0x0b4c4800, 0x0b5c0000)
 Metaspace       used 29751K, capacity 31190K, committed 31232K, reserved 32128K
}
Event: 4.832 GC heap before
{Heap before GC invocations=132 (full 8):
 def new generation   total 8576K, used 7666K [0x04e00000, 0x05740000, 0x0a350000)
  eden space 7680K,  99% used [0x04e00000, 0x0557c858, 0x05580000)
  from space 896K,   0% used [0x05580000, 0x05580000, 0x05660000)
  to   space 896K,   0% used [0x05660000, 0x05660000, 0x05740000)
 tenured generation   total 18880K, used 17873K [0x0a350000, 0x0b5c0000, 0x14e00000)
   the space 18880K,  94% used [0x0a350000, 0x0b4c46e8, 0x0b4c4800, 0x0b5c0000)
 Metaspace       used 29772K, capacity 31193K, committed 31232K, reserved 32128K
Event: 4.834 GC heap after
Heap after GC invocations=133 (full 8):
 def new generation   total 8576K, used 391K [0x04e00000, 0x05740000, 0x0a350000)
  eden space 7680K,   0% used [0x04e00000, 0x04e00000, 0x05580000)
  from space 896K,  43% used [0x05660000, 0x056c1f58, 0x05740000)
  to   space 896K,   0% used [0x05580000, 0x05580000, 0x05660000)
 tenured generation   total 18880K, used 17873K [0x0a350000, 0x0b5c0000, 0x14e00000)
   the space 18880K,  94% used [0x0a350000, 0x0b4c46e8, 0x0b4c4800, 0x0b5c0000)
 Metaspace       used 29772K, capacity 31193K, committed 31232K, reserved 32128K
}
Event: 4.870 GC heap before
{Heap before GC invocations=133 (full 8):
 def new generation   total 8576K, used 8071K [0x04e00000, 0x05740000, 0x0a350000)
  eden space 7680K, 100% used [0x04e00000, 0x05580000, 0x05580000)
  from space 896K,  43% used [0x05660000, 0x056c1f58, 0x05740000)
  to   space 896K,   0% used [0x05580000, 0x05580000, 0x05660000)
 tenured generation   total 18880K, used 17873K [0x0a350000, 0x0b5c0000, 0x14e00000)
   the space 18880K,  94% used [0x0a350000, 0x0b4c46e8, 0x0b4c4800, 0x0b5c0000)
 Metaspace       used 29854K, capacity 31292K, committed 31360K, reserved 32128K
Event: 4.872 GC heap after
Heap after GC invocations=134 (full 8):
 def new generation   total 8576K, used 562K [0x04e00000, 0x05740000, 0x0a350000)
  eden space 7680K,   0% used [0x04e00000, 0x04e00000, 0x05580000)
  from space 896K,  62% used [0x05580000, 0x0560cb90, 0x05660000)
  to   space 896K,   0% used [0x05660000, 0x05660000, 0x05740000)
 tenured generation   total 18880K, used 17873K [0x0a350000, 0x0b5c0000, 0x14e00000)
   the space 18880K,  94% used [0x0a350000, 0x0b4c46e8, 0x0b4c4800, 0x0b5c0000)
 Metaspace       used 29854K, capacity 31292K, committed 31360K, reserved 32128K
}
Event: 4.931 GC heap before
{Heap before GC invocations=134 (full 8):
 def new generation   total 8576K, used 8242K [0x04e00000, 0x05740000, 0x0a350000)
  eden space 7680K, 100% used [0x04e00000, 0x05580000, 0x05580000)
  from space 896K,  62% used [0x05580000, 0x0560cb90, 0x05660000)
  to   space 896K,   0% used [0x05660000, 0x05660000, 0x05740000)
 tenured generation   total 18880K, used 17873K [0x0a350000, 0x0b5c0000, 0x14e00000)
   the space 18880K,  94% used [0x0a350000, 0x0b4c46e8, 0x0b4c4800, 0x0b5c0000)
 Metaspace       used 30183K, capacity 31605K, committed 31616K, reserved 32128K
Event: 4.936 GC heap after
Heap after GC invocations=135 (full 8):
 def new generation   total 8576K, used 896K [0x04e00000, 0x05740000, 0x0a350000)
  eden space 7680K,   0% used [0x04e00000, 0x04e00000, 0x05580000)
  from space 896K, 100% used [0x05660000, 0x05740000, 0x05740000)
  to   space 896K,   0% used [0x05580000, 0x05580000, 0x05660000)
 tenured generation   total 18880K, used 18669K [0x0a350000, 0x0b5c0000, 0x14e00000)
   the space 18880K,  98% used [0x0a350000, 0x0b58b5c0, 0x0b58b600, 0x0b5c0000)
 Metaspace       used 30183K, capacity 31605K, committed 31616K, reserved 32128K
}
Event: 4.991 GC heap before
{Heap before GC invocations=135 (full 8):
 def new generation   total 8576K, used 8576K [0x04e00000, 0x05740000, 0x0a350000)
  eden space 7680K, 100% used [0x04e00000, 0x05580000, 0x05580000)
  from space 896K, 100% used [0x05660000, 0x05740000, 0x05740000)
  to   space 896K,   0% used [0x05580000, 0x05580000, 0x05660000)
 tenured generation   total 18880K, used 18669K [0x0a350000, 0x0b5c0000, 0x14e00000)
   the space 18880K,  98% used [0x0a350000, 0x0b58b5c0, 0x0b58b600, 0x0b5c0000)
 Metaspace       used 30560K, capacity 31959K, committed 32000K, reserved 33152K

Deoptimization events (0 events):
No events

Internal exceptions (10 events):
Event: 3.535 Thread 0x15f5bc00 Exception <a 'java/lang/ArrayIndexOutOfBoundsException'> (0x05287910) thrown at [C:\re\workspace\8-2-build-windows-i586-cygwin\jdk8u65\4987\hotspot\src\share\vm\runtime\sharedRuntime.cpp, line 605]
Event: 3.573 Thread 0x15f5bc00 Exception <a 'java/lang/ArrayIndexOutOfBoundsException'> (0x0508dd70) thrown at [C:\re\workspace\8-2-build-windows-i586-cygwin\jdk8u65\4987\hotspot\src\share\vm\runtime\sharedRuntime.cpp, line 605]
Event: 3.588 Thread 0x15f5bc00 Exception <a 'java/lang/ArrayIndexOutOfBoundsException'> (0x0524aa38) thrown at [C:\re\workspace\8-2-build-windows-i586-cygwin\jdk8u65\4987\hotspot\src\share\vm\runtime\sharedRuntime.cpp, line 605]
Event: 4.123 Thread 0x18027400 Exception <a 'java/lang/ArrayIndexOutOfBoundsException'> (0x0546cf80) thrown at [C:\re\workspace\8-2-build-windows-i586-cygwin\jdk8u65\4987\hotspot\src\share\vm\runtime\sharedRuntime.cpp, line 605]
Event: 4.123 Thread 0x18027400 Exception <a 'java/lang/ArrayIndexOutOfBoundsException'> (0x0546dcf0) thrown at [C:\re\workspace\8-2-build-windows-i586-cygwin\jdk8u65\4987\hotspot\src\share\vm\runtime\sharedRuntime.cpp, line 605]
Event: 4.549 Thread 0x15f5bc00 Exception <a 'java/lang/ArrayIndexOutOfBoundsException'> (0x053d1f60) thrown at [C:\re\workspace\8-2-build-windows-i586-cygwin\jdk8u65\4987\hotspot\src\share\vm\runtime\sharedRuntime.cpp, line 605]
Event: 4.854 Thread 0x15f5bc00 Exception <a 'java/lang/ArrayIndexOutOfBoundsException'> (0x053b95c8) thrown at [C:\re\workspace\8-2-build-windows-i586-cygwin\jdk8u65\4987\hotspot\src\share\vm\runtime\sharedRuntime.cpp, line 605]
Event: 4.880 Thread 0x15f5bc00 Exception <a 'java/lang/ArrayIndexOutOfBoundsException'> (0x04eab9f0) thrown at [C:\re\workspace\8-2-build-windows-i586-cygwin\jdk8u65\4987\hotspot\src\share\vm\runtime\sharedRuntime.cpp, line 605]
Event: 4.880 Thread 0x15f5bc00 Exception <a 'java/lang/ArrayIndexOutOfBoundsException'> (0x04ead498) thrown at [C:\re\workspace\8-2-build-windows-i586-cygwin\jdk8u65\4987\hotspot\src\share\vm\runtime\sharedRuntime.cpp, line 605]
Event: 4.888 Thread 0x15f5bc00 Exception <a 'java/lang/NoSuchMethodError': java.lang.Object.lambda$simple$0(Ljava/lang/String;)Ljava/lang/String;> (0x04ff4a08) thrown at [C:\re\workspace\8-2-build-windows-i586-cygwin\jdk8u65\4987\hotspot\src\share\vm\interpreter\linkResolver.cpp, line 5W¶j2>G@

Events (10 events):
Event: 4.988 loading class org/apache/http/impl/nio/client/MainClientExec done
Event: 4.988 loading class org/apache/http/impl/nio/client/InternalClientExec
Event: 4.988 loading class org/apache/http/impl/nio/client/InternalClientExec done
Event: 4.989 loading class org/apache/http/conn/routing/BasicRouteDirector
Event: 4.989 loading class org/apache/http/conn/routing/BasicRouteDirector done
Event: 4.990 loading class org/apache/http/conn/routing/HttpRouteDirector
Event: 4.990 loading class org/apache/http/conn/routing/HttpRouteDirector done
Event: 4.991 loading class org/apache/http/impl/auth/HttpAuthenticator
Event: 4.991 loading class org/apache/http/impl/auth/HttpAuthenticator done
Event: 4.991 Executing VM operation: GenCollectForAllocation


Dynamic libraries:
0x001b0000 - 0x001e3000 	D:\develop\jdk\bin\java.exe
0x77850000 - 0x779ea000 	C:\WINDOWS\SYSTEM32\ntdll.dll
0x75340000 - 0x75420000 	C:\WINDOWS\System32\KERNEL32.DLL
0x75760000 - 0x7595e000 	C:\WINDOWS\System32\KERNELBASE.dll
0x70900000 - 0x7099f000 	C:\WINDOWS\SYSTEM32\apphelp.dll
0x76e20000 - 0x76e99000 	C:\WINDOWS\System32\ADVAPI32.dll
0x76ea0000 - 0x76f5f000 	C:\WINDOWS\System32\msvcrt.dll
0x75960000 - 0x759d6000 	C:\WINDOWS\System32\sechost.dll
0x75420000 - 0x754db000 	C:\WINDOWS\System32\RPCRT4.dll
0x75020000 - 0x75040000 	C:\WINDOWS\System32\SspiCli.dll
0x75010000 - 0x7501a000 	C:\WINDOWS\System32\CRYPTBASE.dll
0x769e0000 - 0x76a3f000 	C:\WINDOWS\System32\bcryptPrimitives.dll
0x75f40000 - 0x760d7000 	C:\WINDOWS\System32\USER32.dll
0x75f20000 - 0x75f37000 	C:\WINDOWS\System32\win32u.dll
0x75720000 - 0x75741000 	C:\WINDOWS\System32\GDI32.dll
0x76f60000 - 0x770ba000 	C:\WINDOWS\System32\gdi32full.dll
0x75680000 - 0x756fc000 	C:\WINDOWS\System32\msvcp_win.dll
0x77700000 - 0x7781f000 	C:\WINDOWS\System32\ucrtbase.dll
0x70590000 - 0x7079f000 	C:\WINDOWS\WinSxS\x86_microsoft.windows.common-controls_6595b64144ccf1df_6.0.18362.836_none_2e71f01a278b41f3\COMCTL32.dll
0x750c0000 - 0x75335000 	C:\WINDOWS\System32\combase.dll
0x75540000 - 0x75565000 	C:\WINDOWS\System32\IMM32.DLL
0x70080000 - 0x7013f000 	D:\develop\jdk\jre\bin\msvcr100.dll
0x6ec70000 - 0x6f034000 	D:\develop\jdk\jre\bin\client\jvm.dll
0x76b50000 - 0x76b56000 	C:\WINDOWS\System32\PSAPI.DLL
0x74050000 - 0x74074000 	C:\WINDOWS\SYSTEM32\WINMM.dll
0x738b0000 - 0x738b8000 	C:\WINDOWS\SYSTEM32\WSOCK32.dll
0x74080000 - 0x74088000 	C:\WINDOWS\SYSTEM32\VERSION.dll
0x75a70000 - 0x75ace000 	C:\WINDOWS\System32\WS2_32.dll
0x73b60000 - 0x73b83000 	C:\WINDOWS\SYSTEM32\WINMMBASE.dll
0x75640000 - 0x7567b000 	C:\WINDOWS\System32\cfgmgr32.dll
0x707a0000 - 0x707ac000 	D:\develop\jdk\jre\bin\verify.dll
0x70560000 - 0x70581000 	D:\develop\jdk\jre\bin\java.dll
0x6fed0000 - 0x6fef0000 	D:\develop\jdk\jre\bin\instrument.dll
0x70540000 - 0x70553000 	D:\develop\jdk\jre\bin\zip.dll
0x763b0000 - 0x76926000 	C:\WINDOWS\System32\SHELL32.dll
0x755b0000 - 0x75634000 	C:\WINDOWS\System32\shcore.dll
0x77130000 - 0x776f5000 	C:\WINDOWS\System32\windows.storage.dll
0x75570000 - 0x7558b000 	C:\WINDOWS\System32\profapi.dll
0x770e0000 - 0x77123000 	C:\WINDOWS\System32\powrprof.dll
0x75750000 - 0x7575d000 	C:\WINDOWS\System32\UMPDC.dll
0x76300000 - 0x76344000 	C:\WINDOWS\System32\shlwapi.dll
0x76930000 - 0x7693f000 	C:\WINDOWS\System32\kernel.appcore.dll
0x75700000 - 0x75713000 	C:\WINDOWS\System32\cryptsp.dll
0x5c4c0000 - 0x5c4d6000 	D:\develop\JetBrains\IntelliJ IDEA 2019.2.3\bin\breakgen.dll
0x70520000 - 0x70536000 	D:\develop\jdk\jre\bin\net.dll
0x73540000 - 0x73592000 	C:\WINDOWS\system32\mswsock.dll
0x74d20000 - 0x74db3000 	C:\WINDOWS\SYSTEM32\DNSAPI.dll
0x75590000 - 0x75597000 	C:\WINDOWS\System32\NSI.dll
0x74dc0000 - 0x74df2000 	C:\WINDOWS\SYSTEM32\IPHLPAPI.DLL
0x737c0000 - 0x737c8000 	C:\Windows\System32\rasadhlp.dll
0x70e20000 - 0x70e71000 	C:\WINDOWS\System32\fwpuclnt.dll
0x770c0000 - 0x770d9000 	C:\WINDOWS\System32\bcrypt.dll
0x703f0000 - 0x703fa000 	D:\develop\jdk\jre\bin\management.dll
0x70510000 - 0x7051f000 	D:\develop\jdk\jre\bin\nio.dll
0x735a0000 - 0x735cf000 	C:\WINDOWS\system32\rsaenh.dll
0x74bb0000 - 0x74bce000 	C:\WINDOWS\SYSTEM32\USERENV.dll
0x72f50000 - 0x72f63000 	C:\WINDOWS\SYSTEM32\dhcpcsvc6.DLL
0x72d80000 - 0x72d95000 	C:\WINDOWS\SYSTEM32\dhcpcsvc.DLL
0x72f70000 - 0x72f81000 	C:\WINDOWS\system32\napinsp.dll
0x72cf0000 - 0x72d06000 	C:\WINDOWS\system32\pnrpnsp.dll
0x72ed0000 - 0x72edb000 	C:\WINDOWS\System32\winrnr.dll
0x72eb0000 - 0x72ec6000 	C:\WINDOWS\system32\NLAapi.dll
0x72ea0000 - 0x72eb0000 	C:\WINDOWS\system32\wshbth.dll
0x5c480000 - 0x5c4a0000 	D:\develop\jdk\jre\bin\sunec.dll
0x74e80000 - 0x7500f000 	C:\WINDOWS\SYSTEM32\dbghelp.dll

VM Arguments:
jvm_args: -XX:TieredStopAtLevel=1 -Xverify:none -Dspring.output.ansi.enabled=always -Dcom.sun.management.jmxremote -Dspring.jmx.enabled=true -Dspring.liveBeansView.mbeanDomain -Dspring.application.admin.enabled=true -javaagent:D:\develop\JetBrains\IntelliJ IDEA 2019.2.3\lib\idea_rt.jar=58427:D:\develop\JetBrains\IntelliJ IDEA 2019.2.3\bin -Dfile.encoding=UTF-8 
java_command: com.example.xhbblog.XhbBlogApplication
java_class_path (initial): D:\develop\jdk\jre\lib\charsets.jar;D:\develop\jdk\jre\lib\deploy.jar;D:\develop\jdk\jre\lib\ext\access-bridge.jar;D:\develop\jdk\jre\lib\ext\cldrdata.jar;D:\develop\jdk\jre\lib\ext\dnsns.jar;D:\develop\jdk\jre\lib\ext\jaccess.jar;D:\develop\jdk\jre\lib\ext\jfxrt.jar;D:\develop\jdk\jre\lib\ext\localedata.jar;D:\develop\jdk\jre\lib\ext\nashorn.jar;D:\develop\jdk\jre\lib\ext\sunec.jar;D:\develop\jdk\jre\lib\ext\sunjce_provider.jar;D:\develop\jdk\jre\lib\ext\sunmscapi.jar;D:\develop\jdk\jre\lib\ext\sunpkcs11.jar;D:\develop\jdk\jre\lib\ext\zipfs.jar;D:\develop\jdk\jre\lib\javaws.jar;D:\develop\jdk\jre\lib\jce.jar;D:\develop\jdk\jre\lib\jfr.jar;D:\develop\jdk\jre\lib\jfxswt.jar;D:\develop\jdk\jre\lib\jsse.jar;D:\develop\jdk\jre\lib\management-agent.jar;D:\develop\jdk\jre\lib\plugin.jar;D:\develop\jdk\jre\lib\resources.jar;D:\develop\jdk\jre\lib\rt.jar;D:\project\xhb-blog\target\classes;D:\develop\JetBrains\IntelliJ IDEA 2019.2.3\plugins\maven\lib\maven3\conf\respository\com\github\pagehelper\pagehelper\4.1.6\pagehelper-4.1.6.jar;D:\develop\JetBrains\IntelliJ IDEA 2019.2.3\plugins\maven\lib\maven3\conf\respository\com\github\jsqlparser\jsqlparser\0.9.5\jsqlparser-0.9.5.jar;D:\develop\JetBrains\IntelliJ IDEA 2019.2.3\plugins\maven\lib\maven3\conf\respository\org\elasticsearch\elasticsearch\6.2.2\elasticsearch-6.2.2.jar;D:\develop\JetBrains\IntelliJ IDEA 2019.2.3\plugins\maven\lib\maven3\conf\respository\org\elasticsearch\elasticsearch-core\6.2.2\elasticsearch-core-6.2.2.jar;D:\develop\JetBrains\IntelliJ IDEA 2019.2.3\plugins\maven\lib\maven3\conf\respository\org\apache\lucene\lucene-core\7.2.1\lucene-core-7.2.1.jar;D:\develop\JetBrains\IntelliJ IDEA 2019.2.3\plugins\maven\lib\maven3\conf\respository\org\apache\lucene\lucene-analyzers-common\7.2.1\lucene-analyzers-common-7.2.1.jar;D:\develop\JetBrains\IntelliJ IDEA 2019.2.3\plugins\maven\lib\maven3\conf\respository\org\apache\lucene\lucene-backward-codecs\7.2.1\lucene-backward-codecs-7.2.1.jar;D
Launcher Type: SUN_STANDARD

Environment Variables:
JAVA_HOME=D:\develop\jdk
PATH=D:\develop\jdk\bin;D:\develop\Git\cmd;C:\WINDOWS\system32;C:\WINDOWS;C:\WINDOWS\System32\Wbem;C:\WINDOWS\System32\WindowsPowerShell\v1.0\;C:\WINDOWS\System32\OpenSSH\;C:\Program Files\nodejs\;C:\Users\user\AppData\Local\Programs\Python\Python38\Scripts\;C:\Users\user\AppData\Local\Programs\Python\Python38\;C:\Users\user\AppData\Local\Programs\Microsoft VS Code\bin;C:\Users\user\AppData\Local\Microsoft\WindowsApps;C:\Users\user\AppData\Roaming\npm
USERNAME=user
OS=Windows_NT
PROCESSOR_IDENTIFIER=Intel64 Family 6 Model 142 Stepping 12, GenuineIntel



---------------  S Y S T E M  ---------------

OS: Windows 10.0 , 64 bit Build 18362 (10.0.18362.778)

CPU:total 8 (4 cores per cpu, 2 threads per core) family 6 model 142 stepping 12, cmov, cx8, fxsr, mmx, sse, sse2, sse3, ssse3, sse4.1, sse4.2, popcnt, avx, avx2, aes, clmul, erms, 3dnowpref, lzcnt, ht, tsc, tscinvbit, bmi1, bmi2, adx

Memory: 4k page, physical 8256288k(1078604k free), swap 8256288k(3076k free)

vm_info: Java HotSpot(TM) Client VM (25.65-b01) for windows-x86 JRE (1.8.0_65-b17), built on Oct  6 2015 17:26:22 by "java_re" with MS VC++ 10.0 (VS2010)

time: Fri May 29 13:48:45 2020
elapsed time: 5 seconds (0d 0h 0m 5s)

