#
# There is insufficient memory for the Java Runtime Environment to continue.
# Native memory allocation (malloc) failed to allocate 42608 bytes for Chunk::new
# Possible reasons:
#   The system is out of physical RAM or swap space
#   In 32 bit mode, the process size limit was hit
# Possible solutions:
#   Reduce memory load on the system
#   Increase physical memory or swap space
#   Check if swap backing store is full
#   Use 64 bit Java on a 64 bit OS
#   Decrease Java heap size (-Xmx/-Xms)
#   Decrease number of Java threads
#   Decrease Java thread stack sizes (-Xss)
#   Set larger code cache with -XX:ReservedCodeCacheSize=
# This output file may be truncated or incomplete.
#
#  Out of Memory Error (allocation.cpp:390), pid=12848, tid=7824
#
# JRE version: Java(TM) SE Runtime Environment (8.0_65-b17) (build 1.8.0_65-b17)
# Java VM: Java HotSpot(TM) Client VM (25.65-b01 mixed mode windows-x86 )
# Failed to write core dump. Minidumps are not enabled by default on client versions of Windows
#

---------------  T H R E A D  ---------------

Current thread (0x031f1400):  JavaThread "main" [_thread_in_native, id=7824, stack(0x014b0000,0x01500000)]

Stack: [0x014b0000,0x01500000],  sp=0x014fdc20,  free space=311k
Native frames: (J=compiled Java code, j=interpreted, Vv=VM code, C=native code)
V  [jvm.dll+0x1a7dbb]
V  [jvm.dll+0x1a0668]
V  [jvm.dll+0x8b731]
V  [jvm.dll+0x8bbc7]
V  [jvm.dll+0xa3514]
V  [jvm.dll+0x3a85d]
V  [jvm.dll+0x3a8dd]
V  [jvm.dll+0x3bedf]
V  [jvm.dll+0x3ab71]
V  [jvm.dll+0x4f87f]
V  [jvm.dll+0x4ff5a]
V  [jvm.dll+0x511a0]
V  [jvm.dll+0x511c6]
V  [jvm.dll+0x10597e]
C  [java.dll+0x1e9d]
J 567  java.lang.ClassLoader.findBootstrapClass(Ljava/lang/String;)Ljava/lang/Class; (0 bytes) @ 0x035a46ea [0x035a4650+0x9a]
J 352 C1 java.lang.ClassLoader.loadClass(Ljava/lang/String;Z)Ljava/lang/Class; (122 bytes) @ 0x0356a5ec [0x0356a3f0+0x1fc]
J 352 C1 java.lang.ClassLoader.loadClass(Ljava/lang/String;Z)Ljava/lang/Class; (122 bytes) @ 0x0356a5bc [0x0356a3f0+0x1cc]
J 516 C1 sun.misc.Launcher$AppClassLoader.loadClass(Ljava/lang/String;Z)Ljava/lang/Class; (85 bytes) @ 0x035985d4 [0x03598380+0x254]
J 493 C1 java.lang.ClassLoader.loadClass(Ljava/lang/String;)Ljava/lang/Class; (7 bytes) @ 0x035937fc [0x035937d0+0x2c]
j  java.util.ResourceBundle$RBClassLoader.loadClass(Ljava/lang/String;)Ljava/lang/Class;+10
j  java.util.ResourceBundle$Control.newBundle(Ljava/lang/String;Ljava/util/Locale;Ljava/lang/String;Ljava/lang/ClassLoader;Z)Ljava/util/ResourceBundle;+24
j  java.util.ResourceBundle.loadBundle(Ljava/util/ResourceBundle$CacheKey;Ljava/util/List;Ljava/util/ResourceBundle$Control;Z)Ljava/util/ResourceBundle;+54
j  java.util.ResourceBundle.findBundle(Ljava/util/ResourceBundle$CacheKey;Ljava/util/List;Ljava/util/List;ILjava/util/ResourceBundle$Control;Ljava/util/ResourceBundle;)Ljava/util/ResourceBundle;+213
j  java.util.ResourceBundle.findBundle(Ljava/util/ResourceBundle$CacheKey;Ljava/util/List;Ljava/util/List;ILjava/util/ResourceBundle$Control;Ljava/util/ResourceBundle;)Ljava/util/ResourceBundle;+37
j  java.util.ResourceBundle.getBundleImpl(Ljava/lang/String;Ljava/util/Locale;Ljava/lang/ClassLoader;Ljava/util/ResourceBundle$Control;)Ljava/util/ResourceBundle;+187
j  java.util.ResourceBundle.getBundle(Ljava/lang/String;Ljava/util/Locale;Ljava/util/ResourceBundle$Control;)Ljava/util/ResourceBundle;+9
j  sun.util.resources.LocaleData$1.run()Ljava/util/ResourceBundle;+11
j  sun.util.resources.LocaleData$1.run()Ljava/lang/Object;+1
v  ~StubRoutines::call_stub
V  [jvm.dll+0x158985]
V  [jvm.dll+0x21df3e]
V  [jvm.dll+0x158a1e]
V  [jvm.dll+0x10934f]
C  [java.dll+0x1015]
j  sun.util.resources.LocaleData.getBundle(Ljava/lang/String;Ljava/util/Locale;)Ljava/util/ResourceBundle;+9
j  sun.util.resources.LocaleData.getTimeZoneNames(Ljava/util/Locale;)Lsun/util/resources/TimeZoneNamesBundle;+26
j  sun.util.locale.provider.LocaleResources.getTimeZoneNames(Ljava/lang/String;)[Ljava/lang/String;+76
j  sun.util.locale.provider.TimeZoneNameProviderImpl.getDisplayNameArray(Ljava/lang/String;Ljava/util/Locale;)[Ljava/lang/String;+22
j  sun.util.locale.provider.TimeZoneNameProviderImpl.getDisplayName(Ljava/lang/String;ZILjava/util/Locale;)Ljava/lang/String;+4
j  sun.util.locale.provider.TimeZoneNameUtility$TimeZoneNameGetter.getName(Ljava/util/spi/TimeZoneNameProvider;Ljava/util/Locale;Ljava/lang/String;ILjava/lang/String;)Ljava/lang/String;+126
j  sun.util.locale.provider.TimeZoneNameUtility$TimeZoneNameGetter.getObject(Ljava/util/spi/TimeZoneNameProvider;Ljava/util/Locale;Ljava/lang/String;[Ljava/lang/Object;)Ljava/lang/String;+49
j  sun.util.locale.provider.TimeZoneNameUtility$TimeZoneNameGetter.getObject(Ljava/util/spi/LocaleServiceProvider;Ljava/util/Locale;Ljava/lang/String;[Ljava/lang/Object;)Ljava/lang/Object;+9
j  sun.util.locale.provider.LocaleServiceProviderPool.getLocalizedObjectImpl(Lsun/util/locale/provider/LocaleServiceProviderPool$LocalizedObjectGetter;Ljava/util/Locale;ZLjava/lang/String;[Ljava/lang/Object;)Ljava/lang/Object;+40
j  sun.util.locale.provider.LocaleServiceProviderPool.getLocalizedObject(Lsun/util/locale/provider/LocaleServiceProviderPool$LocalizedObjectGetter;Ljava/util/Locale;Ljava/lang/String;[Ljava/lang/Object;)Ljava/lang/Object;+7
j  sun.util.locale.provider.TimeZoneNameUtility.retrieveDisplayNamesImpl(Ljava/lang/String;Ljava/util/Locale;)[Ljava/lang/String;+140
j  sun.util.locale.provider.TimeZoneNameUtility.retrieveDisplayName(Ljava/lang/String;ZILjava/util/Locale;)Ljava/lang/String;+2
j  java.util.TimeZone.getDisplayName(ZILjava/util/Locale;)Ljava/lang/String;+47
j  java.util.Date.toString()Ljava/lang/String;+150
J 778 C1 java.lang.StringBuilder.append(Ljava/lang/Object;)Ljava/lang/StringBuilder; (9 bytes) @ 0x035ec2d0 [0x035ec290+0x40]
j  org.springframework.context.support.AbstractApplicationContext.toString()Ljava/lang/String;+30
J 778 C1 java.lang.StringBuilder.append(Ljava/lang/Object;)Ljava/lang/StringBuilder; (9 bytes) @ 0x035ec2d0 [0x035ec290+0x40]
j  org.springframework.context.support.AbstractApplicationContext.getApplicationEventMulticaster()Lorg/springframework/context/event/ApplicationEventMulticaster;+24
j  org.springframework.context.support.ApplicationListenerDetector.postProcessBeforeDestruction(Ljava/lang/Object;Ljava/lang/String;)V+11
j  org.springframework.beans.factory.support.DisposableBeanAdapter.destroy()V+48
j  org.springframework.beans.factory.support.DefaultSingletonBeanRegistry.destroyBean(Ljava/lang/String;Lorg/springframework/beans/factory/DisposableBean;)V+133
j  org.springframework.beans.factory.support.DefaultSingletonBeanRegistry.destroySingleton(Ljava/lang/String;)V+41
j  org.springframework.beans.factory.support.DefaultListableBeanFactory.destroySingleton(Ljava/lang/String;)V+2
j  org.springframework.beans.factory.support.DefaultSingletonBeanRegistry.destroySingletons()V+105
j  org.springframework.beans.factory.support.DefaultListableBeanFactory.destroySingletons()V+1
j  org.springframework.context.support.AbstractApplicationContext.destroyBeans()V+4
j  org.springframework.context.support.AbstractApplicationContext.refresh()V+110
j  org.springframework.boot.web.servlet.context.ServletWebServerApplicationContext.refresh()V+1
j  org.springframework.boot.SpringApplication.refresh(Lorg/springframework/context/ApplicationContext;)V+10
j  org.springframework.boot.SpringApplication.refreshContext(Lorg/springframework/context/ConfigurableApplicationContext;)V+2
j  org.springframework.boot.SpringApplication.run([Ljava/lang/String;)Lorg/springframework/context/ConfigurableApplicationContext;+118
j  org.springframework.boot.SpringApplication.run([Ljava/lang/Class;[Ljava/lang/String;)Lorg/springframework/context/ConfigurableApplicationContext;+9
j  org.springframework.boot.SpringApplication.run(Ljava/lang/Class;[Ljava/lang/String;)Lorg/springframework/context/ConfigurableApplicationContext;+9
j  com.example.xhbblog.XhbBlogApplication.main([Ljava/lang/String;)V+3
v  ~StubRoutines::call_stub
V  [jvm.dll+0x158985]
V  [jvm.dll+0x21df3e]
V  [jvm.dll+0x158a1e]
V  [jvm.dll+0xdaac7]
V  [jvm.dll+0xe305f]
C  [java.exe+0x228d]
C  [java.exe+0xae9f]
C  [java.exe+0xaf29]
C  [KERNEL32.DLL+0x16359]
C  [ntdll.dll+0x67c24]
C  [ntdll.dll+0x67bf4]
C  0x00000000

Java frames: (J=compiled Java code, j=interpreted, Vv=VM code)
J 567  java.lang.ClassLoader.findBootstrapClass(Ljava/lang/String;)Ljava/lang/Class; (0 bytes) @ 0x035a46a6 [0x035a4650+0x56]
J 352 C1 java.lang.ClassLoader.loadClass(Ljava/lang/String;Z)Ljava/lang/Class; (122 bytes) @ 0x0356a5ec [0x0356a3f0+0x1fc]
J 352 C1 java.lang.ClassLoader.loadClass(Ljava/lang/String;Z)Ljava/lang/Class; (122 bytes) @ 0x0356a5bc [0x0356a3f0+0x1cc]
J 516 C1 sun.misc.Launcher$AppClassLoader.loadClass(Ljava/lang/String;Z)Ljava/lang/Class; (85 bytes) @ 0x035985d4 [0x03598380+0x254]
J 493 C1 java.lang.ClassLoader.loadClass(Ljava/lang/String;)Ljava/lang/Class; (7 bytes) @ 0x035937fc [0x035937d0+0x2c]
j  java.util.ResourceBundle$RBClassLoader.loadClass(Ljava/lang/String;)Ljava/lang/Class;+10
j  java.util.ResourceBundle$Control.newBundle(Ljava/lang/String;Ljava/util/Locale;Ljava/lang/String;Ljava/lang/ClassLoader;Z)Ljava/util/ResourceBundle;+24
j  java.util.ResourceBundle.loadBundle(Ljava/util/ResourceBundle$CacheKey;Ljava/util/List;Ljava/util/ResourceBundle$Control;Z)Ljava/util/ResourceBundle;+54
j  java.util.ResourceBundle.findBundle(Ljava/util/ResourceBundle$CacheKey;Ljava/util/List;Ljava/util/List;ILjava/util/ResourceBundle$Control;Ljava/util/ResourceBundle;)Ljava/util/ResourceBundle;+213
j  java.util.ResourceBundle.findBundle(Ljava/util/ResourceBundle$CacheKey;Ljava/util/List;Ljava/util/List;ILjava/util/ResourceBundle$Control;Ljava/util/ResourceBundle;)Ljava/util/ResourceBundle;+37
j  java.util.ResourceBundle.getBundleImpl(Ljava/lang/String;Ljava/util/Locale;Ljava/lang/ClassLoader;Ljava/util/ResourceBundle$Control;)Ljava/util/ResourceBundle;+187
j  java.util.ResourceBundle.getBundle(Ljava/lang/String;Ljava/util/Locale;Ljava/util/ResourceBundle$Control;)Ljava/util/ResourceBundle;+9
j  sun.util.resources.LocaleData$1.run()Ljava/util/ResourceBundle;+11
j  sun.util.resources.LocaleData$1.run()Ljava/lang/Object;+1
v  ~StubRoutines::call_stub
j  java.security.AccessController.doPrivileged(Ljava/security/PrivilegedAction;)Ljava/lang/Object;+0
j  sun.util.resources.LocaleData.getBundle(Ljava/lang/String;Ljava/util/Locale;)Ljava/util/ResourceBundle;+9
j  sun.util.resources.LocaleData.getTimeZoneNames(Ljava/util/Locale;)Lsun/util/resources/TimeZoneNamesBundle;+26
j  sun.util.locale.provider.LocaleResources.getTimeZoneNames(Ljava/lang/String;)[Ljava/lang/String;+76
j  sun.util.locale.provider.TimeZoneNameProviderImpl.getDisplayNameArray(Ljava/lang/String;Ljava/util/Locale;)[Ljava/lang/String;+22
j  sun.util.locale.provider.TimeZoneNameProviderImpl.getDisplayName(Ljava/lang/String;ZILjava/util/Locale;)Ljava/lang/String;+4
j  sun.util.locale.provider.TimeZoneNameUtility$TimeZoneNameGetter.getName(Ljava/util/spi/TimeZoneNameProvider;Ljava/util/Locale;Ljava/lang/String;ILjava/lang/String;)Ljava/lang/String;+126
j  sun.util.locale.provider.TimeZoneNameUtility$TimeZoneNameGetter.getObject(Ljava/util/spi/TimeZoneNameProvider;Ljava/util/Locale;Ljava/lang/String;[Ljava/lang/Object;)Ljava/lang/String;+49
j  sun.util.locale.provider.TimeZoneNameUtility$TimeZoneNameGetter.getObject(Ljava/util/spi/LocaleServiceProvider;Ljava/util/Locale;Ljava/lang/String;[Ljava/lang/Object;)Ljava/lang/Object;+9
j  sun.util.locale.provider.LocaleServiceProviderPool.getLocalizedObjectImpl(Lsun/util/locale/provider/LocaleServiceProviderPool$LocalizedObjectGetter;Ljava/util/Locale;ZLjava/lang/String;[Ljava/lang/Object;)Ljava/lang/Object;+40
j  sun.util.locale.provider.LocaleServiceProviderPool.getLocalizedObject(Lsun/util/locale/provider/LocaleServiceProviderPool$LocalizedObjectGetter;Ljava/util/Locale;Ljava/lang/String;[Ljava/lang/Object;)Ljava/lang/Object;+7
j  sun.util.locale.provider.TimeZoneNameUtility.retrieveDisplayNamesImpl(Ljava/lang/String;Ljava/util/Locale;)[Ljava/lang/String;+140
j  sun.util.locale.provider.TimeZoneNameUtility.retrieveDisplayName(Ljava/lang/String;ZILjava/util/Locale;)Ljava/lang/String;+2
j  java.util.TimeZone.getDisplayName(ZILjava/util/Locale;)Ljava/lang/String;+47
j  java.util.Date.toString()Ljava/lang/String;+150
J 778 C1 java.lang.StringBuilder.append(Ljava/lang/Object;)Ljava/lang/StringBuilder; (9 bytes) @ 0x035ec2d0 [0x035ec290+0x40]
j  org.springframework.context.support.AbstractApplicationContext.toString()Ljava/lang/String;+30
J 778 C1 java.lang.StringBuilder.append(Ljava/lang/Object;)Ljava/lang/StringBuilder; (9 bytes) @ 0x035ec2d0 [0x035ec290+0x40]
j  org.springframework.context.support.AbstractApplicationContext.getApplicationEventMulticaster()Lorg/springframework/context/event/ApplicationEventMulticaster;+24
j  org.springframework.context.support.ApplicationListenerDetector.postProcessBeforeDestruction(Ljava/lang/Object;Ljava/lang/String;)V+11
j  org.springframework.beans.factory.support.DisposableBeanAdapter.destroy()V+48
j  org.springframework.beans.factory.support.DefaultSingletonBeanRegistry.destroyBean(Ljava/lang/String;Lorg/springframework/beans/factory/DisposableBean;)V+133
j  org.springframework.beans.factory.support.DefaultSingletonBeanRegistry.destroySingleton(Ljava/lang/String;)V+41
j  org.springframework.beans.factory.support.DefaultListableBeanFactory.destroySingleton(Ljava/lang/String;)V+2
j  org.springframework.beans.factory.support.DefaultSingletonBeanRegistry.destroySingletons()V+105
j  org.springframework.beans.factory.support.DefaultListableBeanFactory.destroySingletons()V+1
j  org.springframework.context.support.AbstractApplicationContext.destroyBeans()V+4
j  org.springframework.context.support.AbstractApplicationContext.refresh()V+110
j  org.springframework.boot.web.servlet.context.ServletWebServerApplicationContext.refresh()V+1
j  org.springframework.boot.SpringApplication.refresh(Lorg/springframework/context/ApplicationContext;)V+10
j  org.springframework.boot.SpringApplication.refreshContext(Lorg/springframework/context/ConfigurableApplicationContext;)V+2
j  org.springframework.boot.SpringApplication.run([Ljava/lang/String;)Lorg/springframework/context/ConfigurableApplicationContext;+118
j  org.springframework.boot.SpringApplication.run([Ljava/lang/Class;[Ljava/lang/String;)Lorg/springframework/context/ConfigurableApplicationContext;+9
j  org.springframework.boot.SpringApplication.run(Ljava/lang/Class;[Ljava/lang/String;)Lorg/springframework/context/ConfigurableApplicationContext;+9
j  com.example.xhbblog.XhbBlogApplication.main([Ljava/lang/String;)V+3
v  ~StubRoutines::call_stub

---------------  P R O C E S S  ---------------

Java Threads: ( => current thread )
  0x164e5000 JavaThread "RMI TCP Accept-0" daemon [_thread_in_native, id=5856, stack(0x16cd0000,0x16d20000)]
  0x163adc00 JavaThread "Service Thread" daemon [_thread_blocked, id=12716, stack(0x16c20000,0x16c70000)]
  0x1632c000 JavaThread "C1 CompilerThread0" daemon [_thread_blocked, id=7416, stack(0x16b90000,0x16be0000)]
  0x16329800 JavaThread "Monitor Ctrl-Break" daemon [_thread_in_native, id=7352, stack(0x16b00000,0x16b50000)]
  0x15a99000 JavaThread "Attach Listener" daemon [_thread_blocked, id=13152, stack(0x15e70000,0x15ec0000)]
  0x15a93c00 JavaThread "Signal Dispatcher" daemon [_thread_blocked, id=6904, stack(0x15de0000,0x15e30000)]
  0x15a71800 JavaThread "Finalizer" daemon [_thread_blocked, id=2516, stack(0x15cf0000,0x15d40000)]
  0x15a6c800 JavaThread "Reference Handler" daemon [_thread_blocked, id=2160, stack(0x15c60000,0x15cb0000)]
=>0x031f1400 JavaThread "main" [_thread_in_native, id=7824, stack(0x014b0000,0x01500000)]

Other Threads:
  0x032ee000 VMThread [stack: 0x05560000,0x055b0000] [id=12596]
  0x164fbc00 WatcherThread [stack: 0x16d60000,0x16db0000] [id=10628]

VM state:not at safepoint (normal execution)

VM Mutex/Monitor currently owned by a thread: None

Heap:
 def new generation   total 4992K, used 1352K [0x05600000, 0x05b60000, 0x0ab50000)
  eden space 4480K,  22% used [0x05600000, 0x056ffad0, 0x05a60000)
  from space 512K,  64% used [0x05a60000, 0x05ab2890, 0x05ae0000)
  to   space 512K,   0% used [0x05ae0000, 0x05ae0000, 0x05b60000)
 tenured generation   total 10944K, used 6974K [0x0ab50000, 0x0b600000, 0x15600000)
   the space 10944K,  63% used [0x0ab50000, 0x0b21fa60, 0x0b21fc00, 0x0b600000)
 Metaspace       used 14309K, capacity 14947K, committed 14976K, reserved 16768K

Card table byte_map: [0x054d0000,0x05560000] byte_map_base: 0x054a5000

Polling page: 0x00ff0000

CodeCache: size=32768Kb used=1869Kb max_used=1869Kb free=30898Kb
 bounds [0x03450000, 0x03628000, 0x05450000]
 total_blobs=1087 nmethods=899 adapters=118
 compilation: enabled

Compilation events (10 events):
Event: 1.360 Thread 0x1632c000  902             jdk.internal.org.objectweb.asm.AnnotationWriter::put (109 bytes)
Event: 1.360 Thread 0x1632c000 nmethod 902 0x036222c8 code [0x03622400, 0x036225a0]
Event: 1.366 Thread 0x1632c000  903             org.springframework.core.annotation.MergedAnnotationsCollection::access$000 (5 bytes)
Event: 1.366 Thread 0x1632c000 nmethod 903 0x036227c8 code [0x036228c0, 0x03622930]
Event: 1.366 Thread 0x1632c000  904             org.springframework.util.ConcurrentReferenceHashMap$SoftEntryReference::getHash (5 bytes)
Event: 1.366 Thread 0x1632c000 nmethod 904 0x036229c8 code [0x03622ac0, 0x03622b40]
Event: 1.376 Thread 0x1632c000  906             sun.reflect.generics.parser.SignatureParser::parseFieldTypeSignature (6 bytes)
Event: 1.377 Thread 0x1632c000 nmethod 906 0x03622e48 code [0x03622f40, 0x03622fdc]
Event: 1.377 Thread 0x1632c000  907             sun.reflect.generics.parser.SignatureParser::parseFieldTypeSignature (73 bytes)
Event: 1.377 Thread 0x1632c000 nmethod 907 0x03623048 code [0x036231c0, 0x036233dc]

GC Heap History (10 events):
Event: 1.313 GC heap before
{Heap before GC invocations=43 (full 1):
 def new generation   total 4992K, used 4771K [0x05600000, 0x05b60000, 0x0ab50000)
  eden space 4480K, 100% used [0x05600000, 0x05a60000, 0x05a60000)
  from space 512K,  56% used [0x05ae0000, 0x05b28f28, 0x05b60000)
  to   space 512K,   0% used [0x05a60000, 0x05a60000, 0x05ae0000)
 tenured generation   total 10944K, used 6303K [0x0ab50000, 0x0b600000, 0x15600000)
   the space 10944K,  57% used [0x0ab50000, 0x0b177fb8, 0x0b178000, 0x0b600000)
 Metaspace       used 13592K, capacity 14185K, committed 14208K, reserved 14720K
Event: 1.314 GC heap after
Heap after GC invocations=44 (full 1):
 def new generation   total 4992K, used 511K [0x05600000, 0x05b60000, 0x0ab50000)
  eden space 4480K,   0% used [0x05600000, 0x05600000, 0x05a60000)
  from space 512K,  99% used [0x05a60000, 0x05adfc10, 0x05ae0000)
  to   space 512K,   0% used [0x05ae0000, 0x05ae0000, 0x05b60000)
 tenured generation   total 10944K, used 6474K [0x0ab50000, 0x0b600000, 0x15600000)
   the space 10944K,  59% used [0x0ab50000, 0x0b1a2af8, 0x0b1a2c00, 0x0b600000)
 Metaspace       used 13592K, capacity 14185K, committed 14208K, reserved 14720K
}
Event: 1.324 GC heap before
{Heap before GC invocations=44 (full 1):
 def new generation   total 4992K, used 4991K [0x05600000, 0x05b60000, 0x0ab50000)
  eden space 4480K, 100% used [0x05600000, 0x05a60000, 0x05a60000)
  from space 512K,  99% used [0x05a60000, 0x05adfc10, 0x05ae0000)
  to   space 512K,   0% used [0x05ae0000, 0x05ae0000, 0x05b60000)
 tenured generation   total 10944K, used 6474K [0x0ab50000, 0x0b600000, 0x15600000)
   the space 10944K,  59% used [0x0ab50000, 0x0b1a2af8, 0x0b1a2c00, 0x0b600000)
 Metaspace       used 13802K, capacity 14377K, committed 14464K, reserved 14720K
Event: 1.325 GC heap after
Heap after GC invocations=45 (full 1):
 def new generation   total 4992K, used 187K [0x05600000, 0x05b60000, 0x0ab50000)
  eden space 4480K,   0% used [0x05600000, 0x05600000, 0x05a60000)
  from space 512K,  36% used [0x05ae0000, 0x05b0ef60, 0x05b60000)
  to   space 512K,   0% used [0x05a60000, 0x05a60000, 0x05ae0000)
 tenured generation   total 10944K, used 6761K [0x0ab50000, 0x0b600000, 0x15600000)
   the space 10944K,  61% used [0x0ab50000, 0x0b1ea7b8, 0x0b1ea800, 0x0b600000)
 Metaspace       used 13802K, capacity 14377K, committed 14464K, reserved 14720K
}
Event: 1.333 GC heap before
{Heap before GC invocations=45 (full 1):
 def new generation   total 4992K, used 4667K [0x05600000, 0x05b60000, 0x0ab50000)
  eden space 4480K, 100% used [0x05600000, 0x05a60000, 0x05a60000)
  from space 512K,  36% used [0x05ae0000, 0x05b0ef60, 0x05b60000)
  to   space 512K,   0% used [0x05a60000, 0x05a60000, 0x05ae0000)
 tenured generation   total 10944K, used 6761K [0x0ab50000, 0x0b600000, 0x15600000)
   the space 10944K,  61% used [0x0ab50000, 0x0b1ea7b8, 0x0b1ea800, 0x0b600000)
 Metaspace       used 13947K, capacity 14537K, committed 14592K, reserved 14720K
Event: 1.334 GC heap after
Heap after GC invocations=46 (full 1):
 def new generation   total 4992K, used 415K [0x05600000, 0x05b60000, 0x0ab50000)
  eden space 4480K,   0% used [0x05600000, 0x05600000, 0x05a60000)
  from space 512K,  81% used [0x05a60000, 0x05ac7da8, 0x05ae0000)
  to   space 512K,   0% used [0x05ae0000, 0x05ae0000, 0x05b60000)
 tenured generation   total 10944K, used 6761K [0x0ab50000, 0x0b600000, 0x15600000)
   the space 10944K,  61% used [0x0ab50000, 0x0b1ea7b8, 0x0b1ea800, 0x0b600000)
 Metaspace       used 13947K, capacity 14537K, committed 14592K, reserved 14720K
}
Event: 1.350 GC heap before
{Heap before GC invocations=46 (full 1):
 def new generation   total 4992K, used 4895K [0x05600000, 0x05b60000, 0x0ab50000)
  eden space 4480K, 100% used [0x05600000, 0x05a60000, 0x05a60000)
  from space 512K,  81% used [0x05a60000, 0x05ac7da8, 0x05ae0000)
  to   space 512K,   0% used [0x05ae0000, 0x05ae0000, 0x05b60000)
 tenured generation   total 10944K, used 6761K [0x0ab50000, 0x0b600000, 0x15600000)
   the space 10944K,  61% used [0x0ab50000, 0x0b1ea7b8, 0x0b1ea800, 0x0b600000)
 Metaspace       used 14159K, capacity 14744K, committed 14848K, reserved 15744K
Event: 1.352 GC heap after
Heap after GC invocations=47 (full 1):
 def new generation   total 4992K, used 396K [0x05600000, 0x05b60000, 0x0ab50000)
  eden space 4480K,   0% used [0x05600000, 0x05600000, 0x05a60000)
  from space 512K,  77% used [0x05ae0000, 0x05b43180, 0x05b60000)
  to   space 512K,   0% used [0x05a60000, 0x05a60000, 0x05ae0000)
 tenured generation   total 10944K, used 6889K [0x0ab50000, 0x0b600000, 0x15600000)
   the space 10944K,  62% used [0x0ab50000, 0x0b20a580, 0x0b20a600, 0x0b600000)
 Metaspace       used 14159K, capacity 14744K, committed 14848K, reserved 15744K
}
Event: 1.374 GC heap before
{Heap before GC invocations=47 (full 1):
 def new generation   total 4992K, used 4876K [0x05600000, 0x05b60000, 0x0ab50000)
  eden space 4480K, 100% used [0x05600000, 0x05a60000, 0x05a60000)
  from space 512K,  77% used [0x05ae0000, 0x05b43180, 0x05b60000)
  to   space 512K,   0% used [0x05a60000, 0x05a60000, 0x05ae0000)
 tenured generation   total 10944K, used 6889K [0x0ab50000, 0x0b600000, 0x15600000)
   the space 10944K,  62% used [0x0ab50000, 0x0b20a580, 0x0b20a600, 0x0b600000)
 Metaspace       used 14247K, capacity 14851K, committed 14976K, reserved 16768K
Event: 1.376 GC heap after
Heap after GC invocations=48 (full 1):
 def new generation   total 4992K, used 330K [0x05600000, 0x05b60000, 0x0ab50000)
  eden space 4480K,   0% used [0x05600000, 0x05600000, 0x05a60000)
  from space 512K,  64% used [0x05a60000, 0x05ab2890, 0x05ae0000)
  to   space 512K,   0% used [0x05ae0000, 0x05ae0000, 0x05b60000)
 tenured generation   total 10944K, used 6974K [0x0ab50000, 0x0b600000, 0x15600000)
   the space 10944K,  63% used [0x0ab50000, 0x0b21fa60, 0x0b21fc00, 0x0b600000)
 Metaspace       used 14247K, capacity 14851K, committed 14976K, reserved 16768K
}

Deoptimization events (0 events):
No events

Internal exceptions (10 events):
Event: 1.168 Thread 0x031f1400 Exception <a 'java/lang/ClassNotFoundException': org/springframework/context/EnvironmentAwareCustomizer> (0x059be2a0) thrown at [C:\re\workspace\8-2-build-windows-i586-cygwin\jdk8u65\4987\hotspot\src\share\vm\classfile\systemDictionary.cpp, line 210]
Event: 1.168 Thread 0x031f1400 Exception <a 'java/lang/ClassNotFoundException': org/springframework/beans/factory/AwareCustomizer> (0x059f73e8) thrown at [C:\re\workspace\8-2-build-windows-i586-cygwin\jdk8u65\4987\hotspot\src\share\vm\classfile\systemDictionary.cpp, line 210]
Event: 1.294 Thread 0x031f1400 Exception <a 'java/lang/ArrayIndexOutOfBoundsException'> (0x056e8d30) thrown at [C:\re\workspace\8-2-build-windows-i586-cygwin\jdk8u65\4987\hotspot\src\share\vm\runtime\sharedRuntime.cpp, line 605]
Event: 1.294 Thread 0x031f1400 Exception <a 'java/lang/ArrayIndexOutOfBoundsException'> (0x056ea1c8) thrown at [C:\re\workspace\8-2-build-windows-i586-cygwin\jdk8u65\4987\hotspot\src\share\vm\runtime\sharedRuntime.cpp, line 605]
Event: 1.346 Thread 0x031f1400 Exception <a 'java/lang/IncompatibleClassChangeError': Found class java.lang.Object, but interface was expected> (0x059acbe8) thrown at [C:\re\workspace\8-2-build-windows-i586-cygwin\jdk8u65\4987\hotspot\src\share\vm\interpreter\linkResolver.cpp, line 641]{ ,¾¼õ?
Event: 1.359 Thread 0x031f1400 Exception <a 'java/lang/NoSuchMethodError': java.lang.Object.lambda$getAllAnnotationAttributes$0(Lorg/springframework/util/MultiValueMap;)Lorg/springframework/util/MultiValueMap;> (0x0573ed70) thrown at [C:\re\workspace\8-2-build-windows-i586-cygwin\jdk8u67œ{h$~
Event: 1.359 Thread 0x031f1400 Exception <a 'java/lang/NoSuchMethodError': java.lang.Object.lambda$identity$7(Ljava/lang/Object;)Ljava/lang/Object;> (0x0575c120) thrown at [C:\re\workspace\8-2-build-windows-i586-cygwin\jdk8u65\4987\hotspot\src\share\vm\interpreter\linkResolver.cpp, line
Event: 1.370 Thread 0x031f1400 Exception <a 'java/lang/OutOfMemoryError'> (0x0597f410) thrown at [C:\re\workspace\8-2-build-windows-i586-cygwin\jdk8u65\4987\hotspot\src\share\vm\prims\jni.cpp, line 735]
Event: 1.381 Thread 0x031f1400 Exception <a 'java/lang/OutOfMemoryError'> (0x056b4530) thrown at [C:\re\workspace\8-2-build-windows-i586-cygwin\jdk8u65\4987\hotspot\src\share\vm\prims\jni.cpp, line 735]
Event: 1.381 Thread 0x031f1400 Exception <a 'java/lang/OutOfMemoryError'> (0x056b4530) thrown at [C:\re\workspace\8-2-build-windows-i586-cygwin\jdk8u65\4987\hotspot\src\share\vm\prims\jvm.cpp, line 1390]

Events (10 events):
Event: 1.382 loading class java/util/concurrent/ConcurrentHashMap$Traverser done
Event: 1.382 loading class java/util/concurrent/ConcurrentHashMap$BaseIterator done
Event: 1.382 loading class java/util/concurrent/ConcurrentHashMap$EntryIterator done
Event: 1.382 loading class sun/util/locale/provider/TimeZoneNameUtility
Event: 1.382 loading class sun/util/locale/provider/TimeZoneNameUtility done
Event: 1.382 loading class sun/util/locale/provider/TimeZoneNameProviderImpl
Event: 1.382 loading class sun/util/locale/provider/TimeZoneNameProviderImpl done
Event: 1.382 loading class sun/util/locale/provider/TimeZoneNameUtility$TimeZoneNameGetter
Event: 1.382 loading class sun/util/locale/provider/TimeZoneNameUtility$TimeZoneNameGetter done
Event: 1.383 loading class sun/util/resources/TimeZoneNames


Dynamic libraries:
0x00e90000 - 0x00ec3000 	D:\develop\jdk\bin\java.exe
0x77860000 - 0x779fa000 	C:\WINDOWS\SYSTEM32\ntdll.dll
0x76d60000 - 0x76e40000 	C:\WINDOWS\System32\KERNEL32.DLL
0x756e0000 - 0x758de000 	C:\WINDOWS\System32\KERNELBASE.dll
0x70220000 - 0x702bf000 	C:\WINDOWS\SYSTEM32\apphelp.dll
0x76780000 - 0x767f9000 	C:\WINDOWS\System32\ADVAPI32.dll
0x75910000 - 0x759cf000 	C:\WINDOWS\System32\msvcrt.dll
0x774e0000 - 0x77556000 	C:\WINDOWS\System32\sechost.dll
0x775c0000 - 0x7767b000 	C:\WINDOWS\System32\RPCRT4.dll
0x75030000 - 0x75050000 	C:\WINDOWS\System32\SspiCli.dll
0x75020000 - 0x7502a000 	C:\WINDOWS\System32\CRYPTBASE.dll
0x76f50000 - 0x76faf000 	C:\WINDOWS\System32\bcryptPrimitives.dll
0x77340000 - 0x774d7000 	C:\WINDOWS\System32\USER32.dll
0x77230000 - 0x77247000 	C:\WINDOWS\System32\win32u.dll
0x772b0000 - 0x772d1000 	C:\WINDOWS\System32\GDI32.dll
0x770d0000 - 0x7722a000 	C:\WINDOWS\System32\gdi32full.dll
0x76ce0000 - 0x76d5c000 	C:\WINDOWS\System32\msvcp_win.dll
0x77730000 - 0x7784f000 	C:\WINDOWS\System32\ucrtbase.dll
0x705c0000 - 0x707cf000 	C:\WINDOWS\WinSxS\x86_microsoft.windows.common-controls_6595b64144ccf1df_6.0.18362.836_none_2e71f01a278b41f3\COMCTL32.dll
0x76880000 - 0x76af5000 	C:\WINDOWS\System32\combase.dll
0x758e0000 - 0x75905000 	C:\WINDOWS\System32\IMM32.DLL
0x572d0000 - 0x5738f000 	D:\develop\jdk\jre\bin\msvcr100.dll
0x77c30000 - 0x77ff4000 	D:\develop\jdk\jre\bin\client\jvm.dll
0x766d0000 - 0x766d6000 	C:\WINDOWS\System32\PSAPI.DLL
0x74540000 - 0x74548000 	C:\WINDOWS\SYSTEM32\VERSION.dll
0x740b0000 - 0x740d4000 	C:\WINDOWS\SYSTEM32\WINMM.dll
0x738c0000 - 0x738c8000 	C:\WINDOWS\SYSTEM32\WSOCK32.dll
0x76c80000 - 0x76cde000 	C:\WINDOWS\System32\WS2_32.dll
0x73dd0000 - 0x73df3000 	C:\WINDOWS\SYSTEM32\winmmbase.dll
0x76060000 - 0x7609b000 	C:\WINDOWS\System32\cfgmgr32.dll
0x572c0000 - 0x572cc000 	D:\develop\jdk\jre\bin\verify.dll
0x57290000 - 0x572b1000 	D:\develop\jdk\jre\bin\java.dll
0x70410000 - 0x70430000 	D:\develop\jdk\jre\bin\instrument.dll
0x57210000 - 0x57223000 	D:\develop\jdk\jre\bin\zip.dll
0x75050000 - 0x755c6000 	C:\WINDOWS\System32\SHELL32.dll
0x75e50000 - 0x75ed4000 	C:\WINDOWS\System32\shcore.dll
0x76100000 - 0x766c5000 	C:\WINDOWS\System32\windows.storage.dll
0x76b50000 - 0x76b6b000 	C:\WINDOWS\System32\profapi.dll
0x76b00000 - 0x76b43000 	C:\WINDOWS\System32\powrprof.dll
0x76bc0000 - 0x76bcd000 	C:\WINDOWS\System32\UMPDC.dll
0x772e0000 - 0x77324000 	C:\WINDOWS\System32\shlwapi.dll
0x77330000 - 0x7733f000 	C:\WINDOWS\System32\kernel.appcore.dll
0x77680000 - 0x77693000 	C:\WINDOWS\System32\cryptsp.dll
0x6fda0000 - 0x6fdb6000 	D:\develop\JetBrains\IntelliJ IDEA 2019.2.3\bin\breakgen.dll
0x571f0000 - 0x57206000 	D:\develop\jdk\jre\bin\net.dll
0x73510000 - 0x73562000 	C:\WINDOWS\system32\mswsock.dll
0x74c30000 - 0x74cc3000 	C:\WINDOWS\SYSTEM32\DNSAPI.dll
0x75ee0000 - 0x75ee7000 	C:\WINDOWS\System32\NSI.dll
0x74cd0000 - 0x74d02000 	C:\WINDOWS\SYSTEM32\IPHLPAPI.DLL
0x70e00000 - 0x70e08000 	C:\Windows\System32\rasadhlp.dll
0x70da0000 - 0x70df1000 	C:\WINDOWS\System32\fwpuclnt.dll
0x770b0000 - 0x770c9000 	C:\WINDOWS\System32\bcrypt.dll
0x6fdc0000 - 0x6fdca000 	D:\develop\jdk\jre\bin\management.dll
0x57280000 - 0x5728f000 	D:\develop\jdk\jre\bin\nio.dll
0x735b0000 - 0x735df000 	C:\WINDOWS\system32\rsaenh.dll
0x74c10000 - 0x74c2e000 	C:\WINDOWS\SYSTEM32\USERENV.dll
0x73030000 - 0x73043000 	C:\WINDOWS\SYSTEM32\dhcpcsvc6.DLL
0x72fc0000 - 0x72fd5000 	C:\WINDOWS\SYSTEM32\dhcpcsvc.DLL
0x73590000 - 0x735a1000 	C:\WINDOWS\system32\napinsp.dll
0x73570000 - 0x73586000 	C:\WINDOWS\system32\pnrpnsp.dll
0x73500000 - 0x7350b000 	C:\WINDOWS\System32\winrnr.dll
0x734e0000 - 0x734f6000 	C:\WINDOWS\system32\NLAapi.dll
0x734d0000 - 0x734e0000 	C:\WINDOWS\system32\wshbth.dll

VM Arguments:
jvm_args: -XX:TieredStopAtLevel=1 -Xverify:none -Dspring.output.ansi.enabled=always -Dcom.sun.management.jmxremote -Dspring.jmx.enabled=true -Dspring.liveBeansView.mbeanDomain -Dspring.application.admin.enabled=true -javaagent:D:\develop\JetBrains\IntelliJ IDEA 2019.2.3\lib\idea_rt.jar=57989:D:\develop\JetBrains\IntelliJ IDEA 2019.2.3\bin -Dfile.encoding=UTF-8 
java_command: com.example.xhbblog.XhbBlogApplication
java_class_path (initial): D:\develop\jdk\jre\lib\charsets.jar;D:\develop\jdk\jre\lib\deploy.jar;D:\develop\jdk\jre\lib\ext\access-bridge.jar;D:\develop\jdk\jre\lib\ext\cldrdata.jar;D:\develop\jdk\jre\lib\ext\dnsns.jar;D:\develop\jdk\jre\lib\ext\jaccess.jar;D:\develop\jdk\jre\lib\ext\jfxrt.jar;D:\develop\jdk\jre\lib\ext\localedata.jar;D:\develop\jdk\jre\lib\ext\nashorn.jar;D:\develop\jdk\jre\lib\ext\sunec.jar;D:\develop\jdk\jre\lib\ext\sunjce_provider.jar;D:\develop\jdk\jre\lib\ext\sunmscapi.jar;D:\develop\jdk\jre\lib\ext\sunpkcs11.jar;D:\develop\jdk\jre\lib\ext\zipfs.jar;D:\develop\jdk\jre\lib\javaws.jar;D:\develop\jdk\jre\lib\jce.jar;D:\develop\jdk\jre\lib\jfr.jar;D:\develop\jdk\jre\lib\jfxswt.jar;D:\develop\jdk\jre\lib\jsse.jar;D:\develop\jdk\jre\lib\management-agent.jar;D:\develop\jdk\jre\lib\plugin.jar;D:\develop\jdk\jre\lib\resources.jar;D:\develop\jdk\jre\lib\rt.jar;D:\project\xhb-blog\target\classes;D:\develop\JetBrains\IntelliJ IDEA 2019.2.3\plugins\maven\lib\maven3\conf\respository\com\github\pagehelper\pagehelper\4.1.6\pagehelper-4.1.6.jar;D:\develop\JetBrains\IntelliJ IDEA 2019.2.3\plugins\maven\lib\maven3\conf\respository\com\github\jsqlparser\jsqlparser\0.9.5\jsqlparser-0.9.5.jar;D:\develop\JetBrains\IntelliJ IDEA 2019.2.3\plugins\maven\lib\maven3\conf\respository\org\springframework\boot\spring-boot-starter-data-elasticsearch\2.2.5.RELEASE\spring-boot-starter-data-elasticsearch-2.2.5.RELEASE.jar;D:\develop\JetBrains\IntelliJ IDEA 2019.2.3\plugins\maven\lib\maven3\conf\respository\org\springframework\boot\spring-boot-starter\2.2.5.RELEASE\spring-boot-starter-2.2.5.RELEASE.jar;D:\develop\JetBrains\IntelliJ IDEA 2019.2.3\plugins\maven\lib\maven3\conf\respository\org\springframework\boot\spring-boot-autoconfigure\2.2.5.RELEASE\spring-boot-autoconfigure-2.2.5.RELEASE.jar;D:\develop\JetBrains\IntelliJ IDEA 2019.2.3\plugins\maven\lib\maven3\conf\respository\org\springframework\boot\spring-boot-starter-logging\2.2.5.RELEASE\spring-boot-starter-logging-2.2.5
Launcher Type: SUN_STANDARD

Environment Variables:
JAVA_HOME=D:\develop\jdk
PATH=D:\develop\jdk\bin;D:\develop\Git\cmd;C:\WINDOWS\system32;C:\WINDOWS;C:\WINDOWS\System32\Wbem;C:\WINDOWS\System32\WindowsPowerShell\v1.0\;C:\WINDOWS\System32\OpenSSH\;C:\Program Files\nodejs\;C:\Users\user\AppData\Local\Programs\Python\Python38\Scripts\;C:\Users\user\AppData\Local\Programs\Python\Python38\;C:\Users\user\AppData\Local\Programs\Microsoft VS Code\bin;C:\Users\user\AppData\Local\Microsoft\WindowsApps;C:\Users\user\AppData\Roaming\npm
USERNAME=user
OS=Windows_NT
PROCESSOR_IDENTIFIER=Intel64 Family 6 Model 142 Stepping 12, GenuineIntel



---------------  S Y S T E M  ---------------

OS: Windows 10.0 , 64 bit Build 18362 (10.0.18362.778)

CPU:total 8 (4 cores per cpu, 2 threads per core) family 6 model 142 stepping 12, cmov, cx8, fxsr, mmx, sse, sse2, sse3, ssse3, sse4.1, sse4.2, popcnt, avx, avx2, aes, clmul, erms, 3dnowpref, lzcnt, ht, tsc, tscinvbit, bmi1, bmi2, adx

Memory: 4k page, physical 8256288k(1821984k free), swap 8256288k(5124k free)

vm_info: Java HotSpot(TM) Client VM (25.65-b01) for windows-x86 JRE (1.8.0_65-b17), built on Oct  6 2015 17:26:22 by "java_re" with MS VC++ 10.0 (VS2010)

time: Thu Jun 04 16:02:07 2020
elapsed time: 1 seconds (0d 0h 0m 1s)

