#
# There is insufficient memory for the Java Runtime Environment to continue.
# Native memory allocation (malloc) failed to allocate 4092 bytes for AllocateHeap
# Possible reasons:
#   The system is out of physical RAM or swap space
#   In 32 bit mode, the process size limit was hit
# Possible solutions:
#   Reduce memory load on the system
#   Increase physical memory or swap space
#   Check if swap backing store is full
#   Use 64 bit Java on a 64 bit OS
#   Decrease Java heap size (-Xmx/-Xms)
#   Decrease number of Java threads
#   Decrease Java thread stack sizes (-Xss)
#   Set larger code cache with -XX:ReservedCodeCacheSize=
# This output file may be truncated or incomplete.
#
#  Out of Memory Error (memory/allocation.inline.hpp:61), pid=1608, tid=2252
#
# JRE version: Java(TM) SE Runtime Environment (8.0_65-b17) (build 1.8.0_65-b17)
# Java VM: Java HotSpot(TM) Client VM (25.65-b01 mixed mode windows-x86 )
# Failed to write core dump. Minidumps are not enabled by default on client versions of Windows
#

---------------  T H R E A D  ---------------

Current thread (0x02d1c800):  VMThread [stack: 0x02aa0000,0x02af0000] [id=2252]

Stack: [0x02aa0000,0x02af0000],  sp=0x02aeefac,  free space=315k
Native frames: (J=compiled Java code, j=interpreted, Vv=VM code, C=native code)
V  [jvm.dll+0x1a7dbb]
V  [jvm.dll+0x1a0668]
V  [jvm.dll+0x934ad]
V  [jvm.dll+0x272e7f]
V  [jvm.dll+0xbe835]
V  [jvm.dll+0x1b3341]
V  [jvm.dll+0x1b353c]
V  [jvm.dll+0x178483]
V  [jvm.dll+0x176fba]
V  [jvm.dll+0x97020]
V  [jvm.dll+0x98311]
V  [jvm.dll+0x9a080]
V  [jvm.dll+0x9a4e9]
V  [jvm.dll+0x9930f]
V  [jvm.dll+0xa5502]
V  [jvm.dll+0x97ee3]
V  [jvm.dll+0x91eb5]
V  [jvm.dll+0x1b6756]
V  [jvm.dll+0x180f0b]
V  [jvm.dll+0x180321]
V  [jvm.dll+0x180737]
V  [jvm.dll+0x180932]
V  [jvm.dll+0x1c0466]
C  [msvcr100.dll+0x5c556]
C  [msvcr100.dll+0x5c600]
C  [KERNEL32.DLL+0x16359]
C  [ntdll.dll+0x67c24]
C  [ntdll.dll+0x67bf4]

VM_Operation (0x00e7dfb4): GenCollectForAllocation, mode: safepoint, requested by thread 0x02b1c800


---------------  P R O C E S S  ---------------

Java Threads: ( => current thread )
  0x153af800 JavaThread "Service Thread" daemon [_thread_blocked, id=3012, stack(0x158b0000,0x15900000)]
  0x15367c00 JavaThread "C1 CompilerThread0" daemon [_thread_blocked, id=7788, stack(0x15820000,0x15870000)]
  0x15328000 JavaThread "Monitor Ctrl-Break" daemon [_thread_in_native, id=4152, stack(0x15790000,0x157e0000)]
  0x15320000 JavaThread "Attach Listener" daemon [_thread_blocked, id=6364, stack(0x15700000,0x15750000)]
  0x15318c00 JavaThread "Signal Dispatcher" daemon [_thread_blocked, id=12008, stack(0x15670000,0x156c0000)]
  0x152f7000 JavaThread "Finalizer" daemon [_thread_blocked, id=436, stack(0x15580000,0x155d0000)]
  0x152f2400 JavaThread "Reference Handler" daemon [_thread_blocked, id=1780, stack(0x154f0000,0x15540000)]
  0x02b1c800 JavaThread "main" [_thread_blocked, id=9924, stack(0x00e30000,0x00e80000)]

Other Threads:
=>0x02d1c800 VMThread [stack: 0x02aa0000,0x02af0000] [id=2252]
  0x15370400 WatcherThread [stack: 0x15940000,0x15990000] [id=1116]

VM state:at safepoint (normal execution)

VM Mutex/Monitor currently owned by a thread:  ([mutex/lock_event])
[0x02b1ad60] Threads_lock - owner thread: 0x02d1c800
[0x02b1b570] Heap_lock - owner thread: 0x02b1c800

Heap:
 def new generation   total 6912K, used 444K [0x04e00000, 0x05580000, 0x0a350000)
  eden space 6144K,   0% used [0x04e00000, 0x04e00000, 0x05400000)
  from space 768K,  57% used [0x054c0000, 0x0552f3b0, 0x05580000)
  to   space 768K,   0% used [0x05400000, 0x05400000, 0x054c0000)
 tenured generation   total 25708K, used 25703K [0x0a350000, 0x0bc6b000, 0x14e00000)
   the space 25708K,  99% used [0x0a350000, 0x0bc69e80, 0x0bc6a000, 0x0bc6b000)
 Metaspace       used 10806K, capacity 10966K, committed 11008K, reserved 11648K

Card table byte_map: [0x14e00000,0x14e90000] byte_map_base: 0x14dd9000

Polling page: 0x00ab0000

CodeCache: size=32768Kb used=3375Kb max_used=3375Kb free=29392Kb
 bounds [0x02d20000, 0x03070000, 0x04d20000]
 total_blobs=2004 nmethods=1810 adapters=125
 compilation: enabled

Compilation events (10 events):
Event: 5.799 Thread 0x15367c00 1833             java.lang.System$2::blockedOn (6 bytes)
Event: 5.799 Thread 0x15367c00 nmethod 1833 0x0306a808 code [0x0306a900, 0x0306ab10]
Event: 5.799 Thread 0x15367c00 1834   !         java.lang.Thread::blockedOn (23 bytes)
Event: 5.799 Thread 0x15367c00 nmethod 1834 0x0306ac08 code [0x0306ad00, 0x0306af00]
Event: 5.799 Thread 0x15367c00 1835             java.io.FileInputStream::read (9 bytes)
Event: 5.800 Thread 0x15367c00 nmethod 1835 0x0306af88 code [0x0306b090, 0x0306b12c]
Event: 5.804 Thread 0x15367c00 1836             org.eclipse.aether.RepositoryEvent$Builder::setArtifact (7 bytes)
Event: 5.804 Thread 0x15367c00 nmethod 1836 0x0306b1c8 code [0x0306b2c0, 0x0306b350]
Event: 5.804 Thread 0x15367c00 1837             org.eclipse.aether.artifact.AbstractArtifact::toString (91 bytes)
Event: 5.805 Thread 0x15367c00 nmethod 1837 0x0306b388 code [0x0306b570, 0x0306ba20]

GC Heap History (10 events):
Event: 5.357 GC heap after
Heap after GC invocations=80 (full 4):
 def new generation   total 6912K, used 496K [0x04e00000, 0x05580000, 0x0a350000)
  eden space 6144K,   0% used [0x04e00000, 0x04e00000, 0x05400000)
  from space 768K,  64% used [0x05400000, 0x0547c330, 0x054c0000)
  to   space 768K,   0% used [0x054c0000, 0x054c0000, 0x05580000)
 tenured generation   total 25452K, used 24881K [0x0a350000, 0x0bc2b000, 0x14e00000)
   the space 25452K,  97% used [0x0a350000, 0x0bb9c5f0, 0x0bb9c600, 0x0bc2b000)
 Metaspace       used 10282K, capacity 10441K, committed 10496K, reserved 10624K
}
Event: 5.544 GC heap before
{Heap before GC invocations=80 (full 4):
 def new generation   total 6912K, used 6640K [0x04e00000, 0x05580000, 0x0a350000)
  eden space 6144K, 100% used [0x04e00000, 0x05400000, 0x05400000)
  from space 768K,  64% used [0x05400000, 0x0547c330, 0x054c0000)
  to   space 768K,   0% used [0x054c0000, 0x054c0000, 0x05580000)
 tenured generation   total 25452K, used 24881K [0x0a350000, 0x0bc2b000, 0x14e00000)
   the space 25452K,  97% used [0x0a350000, 0x0bb9c5f0, 0x0bb9c600, 0x0bc2b000)
 Metaspace       used 10335K, capacity 10473K, committed 10496K, reserved 10624K
Event: 5.546 GC heap after
Heap after GC invocations=81 (full 4):
 def new generation   total 6912K, used 306K [0x04e00000, 0x05580000, 0x0a350000)
  eden space 6144K,   0% used [0x04e00000, 0x04e00000, 0x05400000)
  from space 768K,  39% used [0x054c0000, 0x0550c938, 0x05580000)
  to   space 768K,   0% used [0x05400000, 0x05400000, 0x054c0000)
 tenured generation   total 25452K, used 25113K [0x0a350000, 0x0bc2b000, 0x14e00000)
   the space 25452K,  98% used [0x0a350000, 0x0bbd65a8, 0x0bbd6600, 0x0bc2b000)
 Metaspace       used 10335K, capacity 10473K, committed 10496K, reserved 10624K
}
Event: 5.605 GC heap before
{Heap before GC invocations=81 (full 4):
 def new generation   total 6912K, used 6450K [0x04e00000, 0x05580000, 0x0a350000)
  eden space 6144K, 100% used [0x04e00000, 0x05400000, 0x05400000)
  from space 768K,  39% used [0x054c0000, 0x0550c938, 0x05580000)
  to   space 768K,   0% used [0x05400000, 0x05400000, 0x054c0000)
 tenured generation   total 25452K, used 25113K [0x0a350000, 0x0bc2b000, 0x14e00000)
   the space 25452K,  98% used [0x0a350000, 0x0bbd65a8, 0x0bbd6600, 0x0bc2b000)
 Metaspace       used 10335K, capacity 10473K, committed 10496K, reserved 10624K
Event: 5.608 GC heap after
Heap after GC invocations=82 (full 4):
 def new generation   total 6912K, used 218K [0x04e00000, 0x05580000, 0x0a350000)
  eden space 6144K,   0% used [0x04e00000, 0x04e00000, 0x05400000)
  from space 768K,  28% used [0x05400000, 0x054368e8, 0x054c0000)
  to   space 768K,   0% used [0x054c0000, 0x054c0000, 0x05580000)
 tenured generation   total 25452K, used 25113K [0x0a350000, 0x0bc2b000, 0x14e00000)
   the space 25452K,  98% used [0x0a350000, 0x0bbd65a8, 0x0bbd6600, 0x0bc2b000)
 Metaspace       used 10335K, capacity 10473K, committed 10496K, reserved 10624K
}
Event: 5.709 GC heap before
{Heap before GC invocations=82 (full 4):
 def new generation   total 6912K, used 6360K [0x04e00000, 0x05580000, 0x0a350000)
  eden space 6144K,  99% used [0x04e00000, 0x053ff768, 0x05400000)
  from space 768K,  28% used [0x05400000, 0x054368e8, 0x054c0000)
  to   space 768K,   0% used [0x054c0000, 0x054c0000, 0x05580000)
 tenured generation   total 25452K, used 25113K [0x0a350000, 0x0bc2b000, 0x14e00000)
   the space 25452K,  98% used [0x0a350000, 0x0bbd65a8, 0x0bbd6600, 0x0bc2b000)
 Metaspace       used 10422K, capacity 10577K, committed 10624K, reserved 10624K
Event: 5.712 GC heap after
Heap after GC invocations=83 (full 4):
 def new generation   total 6912K, used 473K [0x04e00000, 0x05580000, 0x0a350000)
  eden space 6144K,   0% used [0x04e00000, 0x04e00000, 0x05400000)
  from space 768K,  61% used [0x054c0000, 0x05536438, 0x05580000)
  to   space 768K,   0% used [0x05400000, 0x05400000, 0x054c0000)
 tenured generation   total 25452K, used 25113K [0x0a350000, 0x0bc2b000, 0x14e00000)
   the space 25452K,  98% used [0x0a350000, 0x0bbd65a8, 0x0bbd6600, 0x0bc2b000)
 Metaspace       used 10422K, capacity 10577K, committed 10624K, reserved 10624K
}
Event: 5.772 GC heap before
{Heap before GC invocations=83 (full 4):
 def new generation   total 6912K, used 6617K [0x04e00000, 0x05580000, 0x0a350000)
  eden space 6144K, 100% used [0x04e00000, 0x05400000, 0x05400000)
  from space 768K,  61% used [0x054c0000, 0x05536438, 0x05580000)
  to   space 768K,   0% used [0x05400000, 0x05400000, 0x054c0000)
 tenured generation   total 25452K, used 25113K [0x0a350000, 0x0bc2b000, 0x14e00000)
   the space 25452K,  98% used [0x0a350000, 0x0bbd65a8, 0x0bbd6600, 0x0bc2b000)
 Metaspace       used 10643K, capacity 10804K, committed 10880K, reserved 11648K
Event: 5.776 GC heap after
Heap after GC invocations=84 (full 4):
 def new generation   total 6912K, used 768K [0x04e00000, 0x05580000, 0x0a350000)
  eden space 6144K,   0% used [0x04e00000, 0x04e00000, 0x05400000)
  from space 768K, 100% used [0x05400000, 0x054c0000, 0x054c0000)
  to   space 768K,   0% used [0x054c0000, 0x054c0000, 0x05580000)
 tenured generation   total 25452K, used 25313K [0x0a350000, 0x0bc2b000, 0x14e00000)
   the space 25452K,  99% used [0x0a350000, 0x0bc085d0, 0x0bc08600, 0x0bc2b000)
 Metaspace       used 10643K, capacity 10804K, committed 10880K, reserved 11648K
}
Event: 5.838 GC heap before
{Heap before GC invocations=84 (full 4):
 def new generation   total 6912K, used 6912K [0x04e00000, 0x05580000, 0x0a350000)
  eden space 6144K, 100% used [0x04e00000, 0x05400000, 0x05400000)
  from space 768K, 100% used [0x05400000, 0x054c0000, 0x054c0000)
  to   space 768K,   0% used [0x054c0000, 0x054c0000, 0x05580000)
 tenured generation   total 25452K, used 25313K [0x0a350000, 0x0bc2b000, 0x14e00000)
   the space 25452K,  99% used [0x0a350000, 0x0bc085d0, 0x0bc08600, 0x0bc2b000)
 Metaspace       used 10806K, capacity 10966K, committed 11008K, reserved 11648K

Deoptimization events (0 events):
No events

Internal exceptions (10 events):
Event: 4.634 Thread 0x02b1c800 Exception <a 'java/lang/ArrayIndexOutOfBoundsException'> (0x05218948) thrown at [C:\re\workspace\8-2-build-windows-i586-cygwin\jdk8u65\4987\hotspot\src\share\vm\runtime\sharedRuntime.cpp, line 605]
Event: 4.716 Thread 0x02b1c800 Exception <a 'java/lang/ArrayIndexOutOfBoundsException'> (0x05219c50) thrown at [C:\re\workspace\8-2-build-windows-i586-cygwin\jdk8u65\4987\hotspot\src\share\vm\runtime\sharedRuntime.cpp, line 605]
Event: 4.716 Thread 0x02b1c800 Exception <a 'java/lang/ArrayIndexOutOfBoundsException'> (0x0521b260) thrown at [C:\re\workspace\8-2-build-windows-i586-cygwin\jdk8u65\4987\hotspot\src\share\vm\runtime\sharedRuntime.cpp, line 605]
Event: 4.717 Thread 0x02b1c800 Exception <a 'java/lang/ArrayIndexOutOfBoundsException'> (0x0523cb90) thrown at [C:\re\workspace\8-2-build-windows-i586-cygwin\jdk8u65\4987\hotspot\src\share\vm\runtime\sharedRuntime.cpp, line 605]
Event: 5.453 Thread 0x02b1c800 Exception <a 'java/lang/ArrayIndexOutOfBoundsException'> (0x051ac1b8) thrown at [C:\re\workspace\8-2-build-windows-i586-cygwin\jdk8u65\4987\hotspot\src\share\vm\runtime\sharedRuntime.cpp, line 605]
Event: 5.453 Thread 0x02b1c800 Exception <a 'java/lang/ArrayIndexOutOfBoundsException'> (0x051cd870) thrown at [C:\re\workspace\8-2-build-windows-i586-cygwin\jdk8u65\4987\hotspot\src\share\vm\runtime\sharedRuntime.cpp, line 605]
Event: 5.772 Thread 0x02b1c800 Exception <a 'java/lang/ArrayIndexOutOfBoundsException'> (0x053fd220) thrown at [C:\re\workspace\8-2-build-windows-i586-cygwin\jdk8u65\4987\hotspot\src\share\vm\runtime\sharedRuntime.cpp, line 605]
Event: 5.778 Thread 0x02b1c800 Exception <a 'java/lang/ArrayIndexOutOfBoundsException'> (0x04e430d8) thrown at [C:\re\workspace\8-2-build-windows-i586-cygwin\jdk8u65\4987\hotspot\src\share\vm\runtime\sharedRuntime.cpp, line 605]
Event: 5.779 Thread 0x02b1c800 Exception <a 'java/lang/ArrayIndexOutOfBoundsException'> (0x04e7c278) thrown at [C:\re\workspace\8-2-build-windows-i586-cygwin\jdk8u65\4987\hotspot\src\share\vm\runtime\sharedRuntime.cpp, line 605]
Event: 5.783 Thread 0x02b1c800 Exception <a 'java/lang/NoSuchMethodError': org.apache.maven.execution.MavenExecutionRequest.getFailureBehavior()Ljava/lang/String;> (0x04f44258) thrown at [C:\re\workspace\8-2-build-windows-i586-cygwin\jdk8u65\4987\hotspot\src\share\vm\interpreter\linkResx“„éˆ@

Events (10 events):
Event: 5.795 loading class sun/net/InetAddressCachePolicy$1
Event: 5.795 loading class sun/net/InetAddressCachePolicy$1 done
Event: 5.795 loading class sun/net/InetAddressCachePolicy$2
Event: 5.795 loading class sun/net/InetAddressCachePolicy$2 done
Event: 5.795 loading class java/net/InetAddress$CacheEntry
Event: 5.795 loading class java/net/InetAddress$CacheEntry done
Event: 5.795 Executing VM operation: RevokeBias
Event: 5.795 Executing VM operation: RevokeBias done
Event: 5.795 Thread 0x1670d000 Thread exited: 0x1670d000
Event: 5.838 Executing VM operation: GenCollectForAllocation


Dynamic libraries:
0x00df0000 - 0x00e23000 	D:\develop\jdk\bin\java.exe
0x77af0000 - 0x77c8a000 	C:\WINDOWS\SYSTEM32\ntdll.dll
0x76000000 - 0x760e0000 	C:\WINDOWS\System32\KERNEL32.DLL
0x77640000 - 0x7783e000 	C:\WINDOWS\System32\KERNELBASE.dll
0x69bd0000 - 0x69c6f000 	C:\WINDOWS\SYSTEM32\apphelp.dll
0x77580000 - 0x775f9000 	C:\WINDOWS\System32\ADVAPI32.dll
0x76940000 - 0x769ff000 	C:\WINDOWS\System32\msvcrt.dll
0x75d00000 - 0x75d76000 	C:\WINDOWS\System32\sechost.dll
0x76ba0000 - 0x76c5b000 	C:\WINDOWS\System32\RPCRT4.dll
0x752c0000 - 0x752e0000 	C:\WINDOWS\System32\SspiCli.dll
0x752b0000 - 0x752ba000 	C:\WINDOWS\System32\CRYPTBASE.dll
0x756d0000 - 0x7572f000 	C:\WINDOWS\System32\bcryptPrimitives.dll
0x76a00000 - 0x76b97000 	C:\WINDOWS\System32\USER32.dll
0x77600000 - 0x77617000 	C:\WINDOWS\System32\win32u.dll
0x75680000 - 0x756a1000 	C:\WINDOWS\System32\GDI32.dll
0x752e0000 - 0x7543a000 	C:\WINDOWS\System32\gdi32full.dll
0x77990000 - 0x77a0c000 	C:\WINDOWS\System32\msvcp_win.dll
0x754d0000 - 0x755ef000 	C:\WINDOWS\System32\ucrtbase.dll
0x707f0000 - 0x709ff000 	C:\WINDOWS\WinSxS\x86_microsoft.windows.common-controls_6595b64144ccf1df_6.0.18362.836_none_2e71f01a278b41f3\COMCTL32.dll
0x76c80000 - 0x76ef5000 	C:\WINDOWS\System32\combase.dll
0x75f50000 - 0x75f75000 	C:\WINDOWS\System32\IMM32.DLL
0x6f790000 - 0x6f84f000 	D:\develop\jdk\jre\bin\msvcr100.dll
0x6d6a0000 - 0x6da64000 	D:\develop\jdk\jre\bin\client\jvm.dll
0x77a10000 - 0x77a16000 	C:\WINDOWS\System32\PSAPI.DLL
0x74e40000 - 0x74e48000 	C:\WINDOWS\SYSTEM32\VERSION.dll
0x73b50000 - 0x73b58000 	C:\WINDOWS\SYSTEM32\WSOCK32.dll
0x74e10000 - 0x74e34000 	C:\WINDOWS\SYSTEM32\WINMM.dll
0x75d80000 - 0x75dde000 	C:\WINDOWS\System32\WS2_32.dll
0x74de0000 - 0x74e03000 	C:\WINDOWS\SYSTEM32\WINMMBASE.dll
0x76f00000 - 0x76f3b000 	C:\WINDOWS\System32\cfgmgr32.dll
0x70ab0000 - 0x70abc000 	D:\develop\jdk\jre\bin\verify.dll
0x6fa50000 - 0x6fa71000 	D:\develop\jdk\jre\bin\java.dll
0x6e680000 - 0x6e6a0000 	D:\develop\jdk\jre\bin\instrument.dll
0x6fa30000 - 0x6fa43000 	D:\develop\jdk\jre\bin\zip.dll
0x75780000 - 0x75cf6000 	C:\WINDOWS\System32\SHELL32.dll
0x77040000 - 0x770c4000 	C:\WINDOWS\System32\shcore.dll
0x76370000 - 0x76935000 	C:\WINDOWS\System32\windows.storage.dll
0x756b0000 - 0x756cb000 	C:\WINDOWS\System32\profapi.dll
0x75730000 - 0x75773000 	C:\WINDOWS\System32\powrprof.dll
0x77a70000 - 0x77a7d000 	C:\WINDOWS\System32\UMPDC.dll
0x77a20000 - 0x77a64000 	C:\WINDOWS\System32\shlwapi.dll
0x761f0000 - 0x761ff000 	C:\WINDOWS\System32\kernel.appcore.dll
0x77620000 - 0x77633000 	C:\WINDOWS\System32\cryptsp.dll
0x6de20000 - 0x6de36000 	D:\develop\JetBrains\IntelliJ IDEA 2019.2.3\bin\breakgen.dll
0x6f770000 - 0x6f786000 	D:\develop\jdk\jre\bin\net.dll
0x72fe0000 - 0x73032000 	C:\WINDOWS\system32\mswsock.dll
0x73220000 - 0x7324f000 	C:\WINDOWS\system32\rsaenh.dll
0x75fe0000 - 0x75ff9000 	C:\WINDOWS\System32\bcrypt.dll
0x74d90000 - 0x74dae000 	C:\WINDOWS\SYSTEM32\USERENV.dll
0x73cb0000 - 0x73ce2000 	C:\WINDOWS\SYSTEM32\IPHLPAPI.DLL
0x77520000 - 0x77527000 	C:\WINDOWS\System32\NSI.dll
0x732f0000 - 0x73303000 	C:\WINDOWS\SYSTEM32\dhcpcsvc6.DLL
0x732a0000 - 0x732b5000 	C:\WINDOWS\SYSTEM32\dhcpcsvc.DLL
0x73bf0000 - 0x73c83000 	C:\WINDOWS\SYSTEM32\DNSAPI.dll
0x6e930000 - 0x6e93f000 	D:\develop\jdk\jre\bin\nio.dll
0x6f9f0000 - 0x6f9f9000 	C:\Users\user\AppData\Local\Temp\jansi-1.17.1-7174582241644594699.dll
0x6e940000 - 0x6e949000 	C:\Users\user\AppData\Local\Temp\jansi-1.17.1-2353894635813729982.dll
0x6fa20000 - 0x6fa2a000 	D:\develop\jdk\jre\bin\management.dll
0x73060000 - 0x73071000 	C:\WINDOWS\system32\napinsp.dll
0x73040000 - 0x73056000 	C:\WINDOWS\system32\pnrpnsp.dll
0x72fd0000 - 0x72fdb000 	C:\WINDOWS\System32\winrnr.dll
0x72fb0000 - 0x72fc6000 	C:\WINDOWS\system32\NLAapi.dll
0x72fa0000 - 0x72fb0000 	C:\WINDOWS\system32\wshbth.dll
0x72d20000 - 0x72d28000 	C:\Windows\System32\rasadhlp.dll
0x72cc0000 - 0x72d11000 	C:\WINDOWS\System32\fwpuclnt.dll

VM Arguments:
jvm_args: -Dmaven.multiModuleProjectDirectory=D:\project\xhb-blog -Dmaven.home=D:\develop\JetBrains\IntelliJ IDEA 2019.2.3\plugins\maven\lib\maven3 -Dclassworlds.conf=D:\develop\JetBrains\IntelliJ IDEA 2019.2.3\plugins\maven\lib\maven3\bin\m2.conf -Dmaven.ext.class.path=D:\develop\JetBrains\IntelliJ IDEA 2019.2.3\plugins\maven\lib\maven-event-listener.jar -javaagent:D:\develop\JetBrains\IntelliJ IDEA 2019.2.3\lib\idea_rt.jar=58619:D:\develop\JetBrains\IntelliJ IDEA 2019.2.3\bin -Dfile.encoding=UTF-8 
java_command: org.codehaus.classworlds.Launcher -Didea.version2019.2.3 -s D:/develop/JetBrains/IntelliJ IDEA 2019.2.3/plugins/maven/lib/maven3/conf/settings.xml -Dmaven.repo.local=D:\develop\JetBrains\IntelliJ IDEA 2019.2.3\plugins\maven\lib\maven3\conf\respository -DskipTests=true package
java_class_path (initial): D:\develop\JetBrains\IntelliJ IDEA 2019.2.3\plugins\maven\lib\maven3\boot\plexus-classworlds-2.6.0.jar;D:\develop\JetBrains\IntelliJ IDEA 2019.2.3\lib\idea_rt.jar
Launcher Type: SUN_STANDARD

Environment Variables:
JAVA_HOME=D:\develop\jdk
PATH=D:\develop\jdk\bin;D:\develop\Git\cmd;C:\WINDOWS\system32;C:\WINDOWS;C:\WINDOWS\System32\Wbem;C:\WINDOWS\System32\WindowsPowerShell\v1.0\;C:\WINDOWS\System32\OpenSSH\;C:\Program Files\nodejs\;C:\Users\user\AppData\Local\Programs\Python\Python38\Scripts\;C:\Users\user\AppData\Local\Programs\Python\Python38\;C:\Users\user\AppData\Local\Programs\Microsoft VS Code\bin;C:\Users\user\AppData\Local\Microsoft\WindowsApps;C:\Users\user\AppData\Roaming\npm
USERNAME=user
OS=Windows_NT
PROCESSOR_IDENTIFIER=Intel64 Family 6 Model 142 Stepping 12, GenuineIntel



---------------  S Y S T E M  ---------------

OS: Windows 10.0 , 64 bit Build 18362 (10.0.18362.778)

CPU:total 8 (4 cores per cpu, 2 threads per core) family 6 model 142 stepping 12, cmov, cx8, fxsr, mmx, sse, sse2, sse3, ssse3, sse4.1, sse4.2, popcnt, avx, avx2, aes, clmul, erms, 3dnowpref, lzcnt, ht, tsc, tscinvbit, bmi1, bmi2, adx

Memory: 4k page, physical 8256288k(899080k free), swap 8256288k(4096k free)

vm_info: Java HotSpot(TM) Client VM (25.65-b01) for windows-x86 JRE (1.8.0_65-b17), built on Oct  6 2015 17:26:22 by "java_re" with MS VC++ 10.0 (VS2010)

time: Sat May 30 18:28:40 2020
elapsed time: 5 seconds (0d 0h 0m 5s)

