#
# There is insufficient memory for the Java Runtime Environment to continue.
# Native memory allocation (malloc) failed to allocate 32756 bytes for ChunkPool::allocate
# Possible reasons:
#   The system is out of physical RAM or swap space
#   In 32 bit mode, the process size limit was hit
# Possible solutions:
#   Reduce memory load on the system
#   Increase physical memory or swap space
#   Check if swap backing store is full
#   Use 64 bit Java on a 64 bit OS
#   Decrease Java heap size (-Xmx/-Xms)
#   Decrease number of Java threads
#   Decrease Java thread stack sizes (-Xss)
#   Set larger code cache with -XX:ReservedCodeCacheSize=
# This output file may be truncated or incomplete.
#
#  Out of Memory Error (allocation.cpp:273), pid=12952, tid=1852
#
# JRE version: Java(TM) SE Runtime Environment (8.0_65-b17) (build 1.8.0_65-b17)
# Java VM: Java HotSpot(TM) Client VM (25.65-b01 mixed mode windows-x86 )
# Failed to write core dump. Minidumps are not enabled by default on client versions of Windows
#

---------------  T H R E A D  ---------------

Current thread (0x15efac00):  JavaThread "C1 CompilerThread0" daemon [_thread_in_native, id=1852, stack(0x16740000,0x16790000)]

Stack: [0x16740000,0x16790000],  sp=0x1678ee78,  free space=315k
Native frames: (J=compiled Java code, j=interpreted, Vv=VM code, C=native code)
V  [jvm.dll+0x1a7dbb]
V  [jvm.dll+0x1a0668]
V  [jvm.dll+0x8b571]
V  [jvm.dll+0x8b74d]
V  [jvm.dll+0x8bbc7]
V  [jvm.dll+0xa3514]
V  [jvm.dll+0x60696]
V  [jvm.dll+0x6087e]
V  [jvm.dll+0x298822]
V  [jvm.dll+0x2a4cc6]
V  [jvm.dll+0x1cd4a9]
V  [jvm.dll+0x2a48dc]
V  [jvm.dll+0x2a48f9]
V  [jvm.dll+0x286268]
V  [jvm.dll+0x2867cd]
V  [jvm.dll+0x28685a]
V  [jvm.dll+0x2869c8]
V  [jvm.dll+0x286c42]
V  [jvm.dll+0x6f26a]
V  [jvm.dll+0x6fa1f]
V  [jvm.dll+0x17bddc]
V  [jvm.dll+0x17beca]
V  [jvm.dll+0x1c0466]
C  [msvcr100.dll+0x5c556]
C  [msvcr100.dll+0x5c600]
C  [KERNEL32.DLL+0x16359]
C  [ntdll.dll+0x67c24]
C  [ntdll.dll+0x67bf4]
C  0x00000000


Current CompileTask:
C1:   4014 2133             java.lang.invoke.AbstractValidatingLambdaMetafactory::validateMetafactoryArgs (864 bytes)


---------------  P R O C E S S  ---------------

Java Threads: ( => current thread )
  0x16622c00 JavaThread "lettuce-eventExecutorLoop-1-6" daemon [_thread_blocked, id=9928, stack(0x1ace0000,0x1ad30000)]
  0x16622000 JavaThread "HikariPool-1 connection adder" daemon [_thread_blocked, id=6668, stack(0x1ac50000,0x1aca0000)]
  0x16621800 JavaThread "lettuce-eventExecutorLoop-1-5" daemon [_thread_blocked, id=5252, stack(0x1abc0000,0x1ac10000)]
  0x16624c00 JavaThread "lettuce-eventExecutorLoop-1-4" daemon [_thread_blocked, id=8476, stack(0x1ab30000,0x1ab80000)]
  0x16622400 JavaThread "lettuce-eventExecutorLoop-1-3" daemon [_thread_blocked, id=2492, stack(0x1aaa0000,0x1aaf0000)]
  0x16624400 JavaThread "HikariPool-1 housekeeper" daemon [_thread_blocked, id=6700, stack(0x1aa10000,0x1aa60000)]
  0x16624000 JavaThread "lettuce-eventExecutorLoop-1-2" daemon [_thread_blocked, id=5340, stack(0x1a880000,0x1a8d0000)]
  0x181ce400 JavaThread "lettuce-eventExecutorLoop-1-1" daemon [_thread_blocked, id=4748, stack(0x1a6f0000,0x1a740000)]
  0x181d4800 JavaThread "lettuce-nioEventLoop-4-1" daemon [_thread_blocked, id=4544, stack(0x195a0000,0x195f0000)]
  0x18173000 JavaThread "mysql-cj-abandoned-connection-cleanup" daemon [_thread_blocked, id=5016, stack(0x190f0000,0x19140000)]
  0x180d3000 JavaThread "container-0" [_thread_blocked, id=8660, stack(0x18f60000,0x18fb0000)]
  0x180d0800 JavaThread "Catalina-utility-2" [_thread_blocked, id=6240, stack(0x18ed0000,0x18f20000)]
  0x17bd3400 JavaThread "Catalina-utility-1" [_thread_blocked, id=11880, stack(0x16e70000,0x16ec0000)]
  0x161c4800 JavaThread "restartedMain" [_thread_in_vm, id=8688, stack(0x16de0000,0x16e30000)]
  0x161c6c00 JavaThread "Thread-1" [_thread_blocked, id=6444, stack(0x16d50000,0x16da0000)]
  0x160aec00 JavaThread "RMI TCP Accept-0" daemon [_thread_in_native, id=8708, stack(0x16880000,0x168d0000)]
  0x15f82c00 JavaThread "Service Thread" daemon [_thread_blocked, id=7616, stack(0x167d0000,0x16820000)]
=>0x15efac00 JavaThread "C1 CompilerThread0" daemon [_thread_in_native, id=1852, stack(0x16740000,0x16790000)]
  0x15efcc00 JavaThread "Monitor Ctrl-Break" daemon [_thread_in_native, id=10992, stack(0x166b0000,0x16700000)]
  0x15698000 JavaThread "Attach Listener" daemon [_thread_blocked, id=11196, stack(0x15a20000,0x15a70000)]
  0x15697800 JavaThread "Signal Dispatcher" daemon [_thread_blocked, id=2404, stack(0x15990000,0x159e0000)]
  0x15671800 JavaThread "Finalizer" daemon [_thread_blocked, id=12732, stack(0x158a0000,0x158f0000)]
  0x1566cc00 JavaThread "Reference Handler" daemon [_thread_blocked, id=7240, stack(0x051a0000,0x051f0000)]
  0x02e9ec00 JavaThread "main" [_thread_blocked, id=7260, stack(0x02930000,0x02980000)]

Other Threads:
  0x02dce400 VMThread [stack: 0x05110000,0x05160000] [id=11692]
  0x160cd800 WatcherThread [stack: 0x16910000,0x16960000] [id=4200]

VM state:not at safepoint (normal execution)

VM Mutex/Monitor currently owned by a thread: None

Heap:
 def new generation   total 7808K, used 1483K [0x05200000, 0x05a70000, 0x0a750000)
  eden space 6976K,   9% used [0x05200000, 0x052a2ed0, 0x058d0000)
  from space 832K,  99% used [0x058d0000, 0x0599fff8, 0x059a0000)
  to   space 832K,   0% used [0x059a0000, 0x059a0000, 0x05a70000)
 tenured generation   total 18032K, used 17749K [0x0a750000, 0x0b8ec000, 0x15200000)
   the space 18032K,  98% used [0x0a750000, 0x0b8a5660, 0x0b8a5800, 0x0b8ec000)
 Metaspace       used 29721K, capacity 31157K, committed 31232K, reserved 32128K

Card table byte_map: [0x05040000,0x050d0000] byte_map_base: 0x05017000

Polling page: 0x011a0000

CodeCache: size=32768Kb used=3461Kb max_used=3461Kb free=29306Kb
 bounds [0x03040000, 0x033a8000, 0x05040000]
 total_blobs=2350 nmethods=2113 adapters=167
 compilation: enabled

Compilation events (10 events):
Event: 4.001 Thread 0x15efac00 nmethod 2127 0x033a0488 code [0x033a0580, 0x033a0600]
Event: 4.001 Thread 0x15efac00 2128             com.mysql.cj.protocol.a.NativePacketPayload::getByteBuffer (5 bytes)
Event: 4.001 Thread 0x15efac00 nmethod 2128 0x033a0648 code [0x033a0740, 0x033a07c0]
Event: 4.001 Thread 0x15efac00 2129             com.mysql.cj.protocol.a.NativePacketPayload::setPosition (6 bytes)
Event: 4.001 Thread 0x15efac00 nmethod 2129 0x033a0808 code [0x033a0900, 0x033a0980]
Event: 4.001 Thread 0x15efac00 2130             java.lang.reflect.Modifier::isFinal (13 bytes)
Event: 4.001 Thread 0x15efac00 nmethod 2130 0x033a09c8 code [0x033a0ac0, 0x033a0b40]
Event: 4.001 Thread 0x15efac00 2131   !         java.util.concurrent.ConcurrentHashMap::clear (176 bytes)
Event: 4.001 Thread 0x15efac00 nmethod 2131 0x033a0b88 code [0x033a0cc0, 0x033a10f8]
Event: 4.002 Thread 0x15efac00 2133             java.lang.invoke.AbstractValidatingLambdaMetafactory::validateMetafactoryArgs (864 bytes)

GC Heap History (10 events):
Event: 3.661 GC heap before
{Heap before GC invocations=123 (full 2):
 def new generation   total 7744K, used 7699K [0x05200000, 0x05a60000, 0x0a750000)
  eden space 6912K, 100% used [0x05200000, 0x058c0000, 0x058c0000)
  from space 832K,  94% used [0x058c0000, 0x05984e80, 0x05990000)
  to   space 832K,   0% used [0x05990000, 0x05990000, 0x05a60000)
 tenured generation   total 17008K, used 16014K [0x0a750000, 0x0b7ec000, 0x15200000)
   the space 17008K,  94% used [0x0a750000, 0x0b6f3838, 0x0b6f3a00, 0x0b7ec000)
 Metaspace       used 27450K, capacity 28791K, committed 28800K, reserved 29056K
Event: 3.664 GC heap after
Heap after GC invocations=124 (full 2):
 def new generation   total 7744K, used 663K [0x05200000, 0x05a60000, 0x0a750000)
  eden space 6912K,   0% used [0x05200000, 0x05200000, 0x058c0000)
  from space 832K,  79% used [0x05990000, 0x05a35fc8, 0x05a60000)
  to   space 832K,   0% used [0x058c0000, 0x058c0000, 0x05990000)
 tenured generation   total 17008K, used 16388K [0x0a750000, 0x0b7ec000, 0x15200000)
   the space 17008K,  96% used [0x0a750000, 0x0b7511f0, 0x0b751200, 0x0b7ec000)
 Metaspace       used 27450K, capacity 28791K, committed 28800K, reserved 29056K
}
Event: 3.698 GC heap before
{Heap before GC invocations=124 (full 2):
 def new generation   total 7744K, used 7575K [0x05200000, 0x05a60000, 0x0a750000)
  eden space 6912K, 100% used [0x05200000, 0x058c0000, 0x058c0000)
  from space 832K,  79% used [0x05990000, 0x05a35fc8, 0x05a60000)
  to   space 832K,   0% used [0x058c0000, 0x058c0000, 0x05990000)
 tenured generation   total 17008K, used 16388K [0x0a750000, 0x0b7ec000, 0x15200000)
   the space 17008K,  96% used [0x0a750000, 0x0b7511f0, 0x0b751200, 0x0b7ec000)
 Metaspace       used 27780K, capacity 29153K, committed 29184K, reserved 30080K
Event: 3.700 GC heap after
Heap after GC invocations=125 (full 2):
 def new generation   total 7744K, used 350K [0x05200000, 0x05a60000, 0x0a750000)
  eden space 6912K,   0% used [0x05200000, 0x05200000, 0x058c0000)
  from space 832K,  42% used [0x058c0000, 0x05917968, 0x05990000)
  to   space 832K,   0% used [0x05990000, 0x05990000, 0x05a60000)
 tenured generation   total 17008K, used 16682K [0x0a750000, 0x0b7ec000, 0x15200000)
   the space 17008K,  98% used [0x0a750000, 0x0b79ab30, 0x0b79ac00, 0x0b7ec000)
 Metaspace       used 27780K, capacity 29153K, committed 29184K, reserved 30080K
}
Event: 3.743 GC heap before
{Heap before GC invocations=125 (full 2):
 def new generation   total 7744K, used 7262K [0x05200000, 0x05a60000, 0x0a750000)
  eden space 6912K, 100% used [0x05200000, 0x058c0000, 0x058c0000)
  from space 832K,  42% used [0x058c0000, 0x05917968, 0x05990000)
  to   space 832K,   0% used [0x05990000, 0x05990000, 0x05a60000)
 tenured generation   total 17008K, used 16682K [0x0a750000, 0x0b7ec000, 0x15200000)
   the space 17008K,  98% used [0x0a750000, 0x0b79ab30, 0x0b79ac00, 0x0b7ec000)
 Metaspace       used 28159K, capacity 29535K, committed 29568K, reserved 30080K
Event: 3.746 GC heap after
Heap after GC invocations=126 (full 2):
 def new generation   total 7744K, used 831K [0x05200000, 0x05a60000, 0x0a750000)
  eden space 6912K,   0% used [0x05200000, 0x05200000, 0x058c0000)
  from space 832K,  99% used [0x05990000, 0x05a5fe68, 0x05a60000)
  to   space 832K,   0% used [0x058c0000, 0x058c0000, 0x05990000)
 tenured generation   total 17008K, used 16725K [0x0a750000, 0x0b7ec000, 0x15200000)
   the space 17008K,  98% used [0x0a750000, 0x0b7a5628, 0x0b7a5800, 0x0b7ec000)
 Metaspace       used 28159K, capacity 29535K, committed 29568K, reserved 30080K
}
Event: 3.791 GC heap before
{Heap before GC invocations=126 (full 2):
 def new generation   total 7744K, used 7743K [0x05200000, 0x05a60000, 0x0a750000)
  eden space 6912K, 100% used [0x05200000, 0x058c0000, 0x058c0000)
  from space 832K,  99% used [0x05990000, 0x05a5fe68, 0x05a60000)
  to   space 832K,   0% used [0x058c0000, 0x058c0000, 0x05990000)
 tenured generation   total 17008K, used 16725K [0x0a750000, 0x0b7ec000, 0x15200000)
   the space 17008K,  98% used [0x0a750000, 0x0b7a5628, 0x0b7a5800, 0x0b7ec000)
 Metaspace       used 28650K, capacity 30033K, committed 30080K, reserved 30080K
Event: 3.833 GC heap after
Heap after GC invocations=127 (full 3):
 def new generation   total 7808K, used 331K [0x05200000, 0x05a70000, 0x0a750000)
  eden space 6976K,   4% used [0x05200000, 0x05252f60, 0x058d0000)
  from space 832K,   0% used [0x058d0000, 0x058d0000, 0x059a0000)
  to   space 832K,   0% used [0x059a0000, 0x059a0000, 0x05a70000)
 tenured generation   total 17136K, used 17130K [0x0a750000, 0x0b80c000, 0x15200000)
   the space 17136K,  99% used [0x0a750000, 0x0b80aae8, 0x0b80ac00, 0x0b80c000)
 Metaspace       used 28646K, capacity 30028K, committed 30080K, reserved 30080K
}
Event: 3.889 GC heap before
{Heap before GC invocations=127 (full 3):
 def new generation   total 7808K, used 6976K [0x05200000, 0x05a70000, 0x0a750000)
  eden space 6976K, 100% used [0x05200000, 0x058d0000, 0x058d0000)
  from space 832K,   0% used [0x058d0000, 0x058d0000, 0x059a0000)
  to   space 832K,   0% used [0x059a0000, 0x059a0000, 0x05a70000)
 tenured generation   total 17136K, used 17130K [0x0a750000, 0x0b80c000, 0x15200000)
   the space 17136K,  99% used [0x0a750000, 0x0b80aae8, 0x0b80ac00, 0x0b80c000)
 Metaspace       used 29209K, capacity 30579K, committed 30592K, reserved 31104K
Event: 3.942 GC heap after
Heap after GC invocations=128 (full 4):
 def new generation   total 7808K, used 0K [0x05200000, 0x05a70000, 0x0a750000)
  eden space 6976K,   0% used [0x05200000, 0x05200000, 0x058d0000)
  from space 832K,   0% used [0x059a0000, 0x059a0000, 0x05a70000)
  to   space 832K,   0% used [0x058d0000, 0x058d0000, 0x059a0000)
 tenured generation   total 18032K, used 17491K [0x0a750000, 0x0b8ec000, 0x15200000)
   the space 18032K,  97% used [0x0a750000, 0x0b864d50, 0x0b864e00, 0x0b8ec000)
 Metaspace       used 29209K, capacity 30579K, committed 30592K, reserved 31104K
}

Deoptimization events (0 events):
No events

Internal exceptions (10 events):
Event: 3.639 Thread 0x181d4800 Exception <a 'java/lang/ArrayIndexOutOfBoundsException'> (0x0554dab8) thrown at [C:\re\workspace\8-2-build-windows-i586-cygwin\jdk8u65\4987\hotspot\src\share\vm\runtime\sharedRuntime.cpp, line 605]
Event: 3.970 Thread 0x161c4800 Exception <a 'java/lang/ArrayIndexOutOfBoundsException'> (0x05303e00) thrown at [C:\re\workspace\8-2-build-windows-i586-cygwin\jdk8u65\4987\hotspot\src\share\vm\runtime\sharedRuntime.cpp, line 605]
Event: 3.998 Thread 0x161c4800 Exception <a 'java/lang/OutOfMemoryError': unable to create new native thread> (0x05708ee0) thrown at [C:\re\workspace\8-2-build-windows-i586-cygwin\jdk8u65\4987\hotspot\src\share\vm\prims\jvm.cpp, line 3020]
Event: 3.998 Thread 0x161c4800 Exception <a 'java/lang/reflect/InvocationTargetException'> (0x057098b8) thrown at [C:\re\workspace\8-2-build-windows-i586-cygwin\jdk8u65\4987\hotspot\src\share\vm\runtime\reflection.cpp, line 1092]
Event: 3.998 Thread 0x161c4800 Exception <a 'java/lang/reflect/InvocationTargetException'> (0x05709eb8) thrown at [C:\re\workspace\8-2-build-windows-i586-cygwin\jdk8u65\4987\hotspot\src\share\vm\runtime\reflection.cpp, line 1092]
Event: 4.000 Thread 0x161c4800 Exception <a 'java/lang/OutOfMemoryError': unable to create new native thread> (0x05769420) thrown at [C:\re\workspace\8-2-build-windows-i586-cygwin\jdk8u65\4987\hotspot\src\share\vm\prims\jvm.cpp, line 3020]
Event: 4.000 Thread 0x161c4800 Exception <a 'java/lang/reflect/InvocationTargetException'> (0x057699f0) thrown at [C:\re\workspace\8-2-build-windows-i586-cygwin\jdk8u65\4987\hotspot\src\share\vm\runtime\reflection.cpp, line 1092]
Event: 4.001 Thread 0x161c4800 Exception <a 'java/lang/NoSuchMethodError': java.lang.Object.lambda$toStream$0(Ljava/util/Optional;)Ljava/util/stream/Stream;> (0x0577b080) thrown at [C:\re\workspace\8-2-build-windows-i586-cygwin\jdk8u65\4987\hotspot\src\share\vm\interpreter\linkResolver.ÙŠGó@
Event: 4.002 Thread 0x161c4800 Exception <a 'java/lang/NoSuchMethodError': java.lang.Object.of(Ljava/lang/Object;)Ljava/util/stream/Stream;> (0x05799ca0) thrown at [C:\re\workspace\8-2-build-windows-i586-cygwin\jdk8u65\4987\hotspot\src\share\vm\interpreter\linkResolver.cpp, line 582]
Event: 4.002 Thread 0x161c4800 Exception <a 'java/lang/NoSuchMethodError': java.lang.Object.empty()Ljava/util/stream/Stream;> (0x0579d900) thrown at [C:\re\workspace\8-2-build-windows-i586-cygwin\jdk8u65\4987\hotspot\src\share\vm\interpreter\linkResolver.cpp, line 582]

Events (10 events):
Event: 4.005 loading class io/lettuce/core/event/connection/ConnectionDeactivatedEvent
Event: 4.005 loading class io/lettuce/core/event/connection/ConnectionDeactivatedEvent done
Event: 4.005 loading class java/util/concurrent/ConcurrentHashMap$ValueSpliterator
Event: 4.005 loading class java/util/concurrent/ConcurrentHashMap$ValueSpliterator done
Event: 4.005 loading class io/lettuce/core/support/AsyncPool
Event: 4.005 loading class io/lettuce/core/support/AsyncPool done
Event: 4.005 loading class io/netty/buffer/PoolArena$1
Event: 4.005 loading class io/netty/buffer/PoolArena$1 done
Event: 4.005 loading class io/lettuce/core/support/AsyncPool
Event: 4.005 loading class io/lettuce/core/support/AsyncPool done


Dynamic libraries:
0x006d0000 - 0x00703000 	D:\develop\jdk\bin\java.exe
0x77850000 - 0x779ea000 	C:\WINDOWS\SYSTEM32\ntdll.dll
0x75340000 - 0x75420000 	C:\WINDOWS\System32\KERNEL32.DLL
0x75760000 - 0x7595e000 	C:\WINDOWS\System32\KERNELBASE.dll
0x70900000 - 0x7099f000 	C:\WINDOWS\SYSTEM32\apphelp.dll
0x76e20000 - 0x76e99000 	C:\WINDOWS\System32\ADVAPI32.dll
0x76ea0000 - 0x76f5f000 	C:\WINDOWS\System32\msvcrt.dll
0x75960000 - 0x759d6000 	C:\WINDOWS\System32\sechost.dll
0x75420000 - 0x754db000 	C:\WINDOWS\System32\RPCRT4.dll
0x75020000 - 0x75040000 	C:\WINDOWS\System32\SspiCli.dll
0x75010000 - 0x7501a000 	C:\WINDOWS\System32\CRYPTBASE.dll
0x769e0000 - 0x76a3f000 	C:\WINDOWS\System32\bcryptPrimitives.dll
0x75f40000 - 0x760d7000 	C:\WINDOWS\System32\USER32.dll
0x75f20000 - 0x75f37000 	C:\WINDOWS\System32\win32u.dll
0x75720000 - 0x75741000 	C:\WINDOWS\System32\GDI32.dll
0x76f60000 - 0x770ba000 	C:\WINDOWS\System32\gdi32full.dll
0x75680000 - 0x756fc000 	C:\WINDOWS\System32\msvcp_win.dll
0x77700000 - 0x7781f000 	C:\WINDOWS\System32\ucrtbase.dll
0x70590000 - 0x7079f000 	C:\WINDOWS\WinSxS\x86_microsoft.windows.common-controls_6595b64144ccf1df_6.0.18362.836_none_2e71f01a278b41f3\COMCTL32.dll
0x750c0000 - 0x75335000 	C:\WINDOWS\System32\combase.dll
0x75540000 - 0x75565000 	C:\WINDOWS\System32\IMM32.DLL
0x70840000 - 0x708ff000 	D:\develop\jdk\jre\bin\msvcr100.dll
0x70000000 - 0x703c4000 	D:\develop\jdk\jre\bin\client\jvm.dll
0x76b50000 - 0x76b56000 	C:\WINDOWS\System32\PSAPI.DLL
0x74050000 - 0x74074000 	C:\WINDOWS\SYSTEM32\WINMM.dll
0x738b0000 - 0x738b8000 	C:\WINDOWS\SYSTEM32\WSOCK32.dll
0x74080000 - 0x74088000 	C:\WINDOWS\SYSTEM32\VERSION.dll
0x75a70000 - 0x75ace000 	C:\WINDOWS\System32\WS2_32.dll
0x73b60000 - 0x73b83000 	C:\WINDOWS\SYSTEM32\WINMMBASE.dll
0x75640000 - 0x7567b000 	C:\WINDOWS\System32\cfgmgr32.dll
0x70830000 - 0x7083c000 	D:\develop\jdk\jre\bin\verify.dll
0x70800000 - 0x70821000 	D:\develop\jdk\jre\bin\java.dll
0x6a2a0000 - 0x6a2c0000 	D:\develop\jdk\jre\bin\instrument.dll
0x707e0000 - 0x707f3000 	D:\develop\jdk\jre\bin\zip.dll
0x763b0000 - 0x76926000 	C:\WINDOWS\System32\SHELL32.dll
0x755b0000 - 0x75634000 	C:\WINDOWS\System32\shcore.dll
0x77130000 - 0x776f5000 	C:\WINDOWS\System32\windows.storage.dll
0x75570000 - 0x7558b000 	C:\WINDOWS\System32\profapi.dll
0x770e0000 - 0x77123000 	C:\WINDOWS\System32\powrprof.dll
0x75750000 - 0x7575d000 	C:\WINDOWS\System32\UMPDC.dll
0x76300000 - 0x76344000 	C:\WINDOWS\System32\shlwapi.dll
0x76930000 - 0x7693f000 	C:\WINDOWS\System32\kernel.appcore.dll
0x75700000 - 0x75713000 	C:\WINDOWS\System32\cryptsp.dll
0x5f700000 - 0x5f716000 	D:\develop\JetBrains\IntelliJ IDEA 2019.2.3\bin\breakgen.dll
0x707c0000 - 0x707d6000 	D:\develop\jdk\jre\bin\net.dll
0x73540000 - 0x73592000 	C:\WINDOWS\system32\mswsock.dll
0x74d20000 - 0x74db3000 	C:\WINDOWS\SYSTEM32\DNSAPI.dll
0x75590000 - 0x75597000 	C:\WINDOWS\System32\NSI.dll
0x74dc0000 - 0x74df2000 	C:\WINDOWS\SYSTEM32\IPHLPAPI.DLL
0x737c0000 - 0x737c8000 	C:\Windows\System32\rasadhlp.dll
0x70e20000 - 0x70e71000 	C:\WINDOWS\System32\fwpuclnt.dll
0x770c0000 - 0x770d9000 	C:\WINDOWS\System32\bcrypt.dll
0x5f720000 - 0x5f72a000 	D:\develop\jdk\jre\bin\management.dll
0x707b0000 - 0x707bf000 	D:\develop\jdk\jre\bin\nio.dll
0x735a0000 - 0x735cf000 	C:\WINDOWS\system32\rsaenh.dll
0x74bb0000 - 0x74bce000 	C:\WINDOWS\SYSTEM32\USERENV.dll
0x72f50000 - 0x72f63000 	C:\WINDOWS\SYSTEM32\dhcpcsvc6.DLL
0x72d80000 - 0x72d95000 	C:\WINDOWS\SYSTEM32\dhcpcsvc.DLL
0x72f70000 - 0x72f81000 	C:\WINDOWS\system32\napinsp.dll
0x72cf0000 - 0x72d06000 	C:\WINDOWS\system32\pnrpnsp.dll
0x72ed0000 - 0x72edb000 	C:\WINDOWS\System32\winrnr.dll
0x72eb0000 - 0x72ec6000 	C:\WINDOWS\system32\NLAapi.dll
0x72ea0000 - 0x72eb0000 	C:\WINDOWS\system32\wshbth.dll

VM Arguments:
jvm_args: -XX:TieredStopAtLevel=1 -Xverify:none -Dspring.output.ansi.enabled=always -Dcom.sun.management.jmxremote -Dspring.jmx.enabled=true -Dspring.liveBeansView.mbeanDomain -Dspring.application.admin.enabled=true -javaagent:D:\develop\JetBrains\IntelliJ IDEA 2019.2.3\lib\idea_rt.jar=54928:D:\develop\JetBrains\IntelliJ IDEA 2019.2.3\bin -Dfile.encoding=UTF-8 
java_command: com.example.xhbblog.XhbBlogApplication
java_class_path (initial): D:\develop\jdk\jre\lib\charsets.jar;D:\develop\jdk\jre\lib\deploy.jar;D:\develop\jdk\jre\lib\ext\access-bridge.jar;D:\develop\jdk\jre\lib\ext\cldrdata.jar;D:\develop\jdk\jre\lib\ext\dnsns.jar;D:\develop\jdk\jre\lib\ext\jaccess.jar;D:\develop\jdk\jre\lib\ext\jfxrt.jar;D:\develop\jdk\jre\lib\ext\localedata.jar;D:\develop\jdk\jre\lib\ext\nashorn.jar;D:\develop\jdk\jre\lib\ext\sunec.jar;D:\develop\jdk\jre\lib\ext\sunjce_provider.jar;D:\develop\jdk\jre\lib\ext\sunmscapi.jar;D:\develop\jdk\jre\lib\ext\sunpkcs11.jar;D:\develop\jdk\jre\lib\ext\zipfs.jar;D:\develop\jdk\jre\lib\javaws.jar;D:\develop\jdk\jre\lib\jce.jar;D:\develop\jdk\jre\lib\jfr.jar;D:\develop\jdk\jre\lib\jfxswt.jar;D:\develop\jdk\jre\lib\jsse.jar;D:\develop\jdk\jre\lib\management-agent.jar;D:\develop\jdk\jre\lib\plugin.jar;D:\develop\jdk\jre\lib\resources.jar;D:\develop\jdk\jre\lib\rt.jar;D:\project\xhb-blog\target\classes;D:\develop\JetBrains\IntelliJ IDEA 2019.2.3\plugins\maven\lib\maven3\conf\respository\com\github\pagehelper\pagehelper\4.1.6\pagehelper-4.1.6.jar;D:\develop\JetBrains\IntelliJ IDEA 2019.2.3\plugins\maven\lib\maven3\conf\respository\com\github\jsqlparser\jsqlparser\0.9.5\jsqlparser-0.9.5.jar;D:\develop\JetBrains\IntelliJ IDEA 2019.2.3\plugins\maven\lib\maven3\conf\respository\org\elasticsearch\elasticsearch\6.2.2\elasticsearch-6.2.2.jar;D:\develop\JetBrains\IntelliJ IDEA 2019.2.3\plugins\maven\lib\maven3\conf\respository\org\elasticsearch\elasticsearch-core\6.2.2\elasticsearch-core-6.2.2.jar;D:\develop\JetBrains\IntelliJ IDEA 2019.2.3\plugins\maven\lib\maven3\conf\respository\org\apache\lucene\lucene-core\7.2.1\lucene-core-7.2.1.jar;D:\develop\JetBrains\IntelliJ IDEA 2019.2.3\plugins\maven\lib\maven3\conf\respository\org\apache\lucene\lucene-analyzers-common\7.2.1\lucene-analyzers-common-7.2.1.jar;D:\develop\JetBrains\IntelliJ IDEA 2019.2.3\plugins\maven\lib\maven3\conf\respository\org\apache\lucene\lucene-backward-codecs\7.2.1\lucene-backward-codecs-7.2.1.jar;D
Launcher Type: SUN_STANDARD

Environment Variables:
JAVA_HOME=D:\develop\jdk
PATH=D:\develop\jdk\bin;D:\develop\Git\cmd;C:\WINDOWS\system32;C:\WINDOWS;C:\WINDOWS\System32\Wbem;C:\WINDOWS\System32\WindowsPowerShell\v1.0\;C:\WINDOWS\System32\OpenSSH\;C:\Program Files\nodejs\;C:\Users\user\AppData\Local\Programs\Python\Python38\Scripts\;C:\Users\user\AppData\Local\Programs\Python\Python38\;C:\Users\user\AppData\Local\Programs\Microsoft VS Code\bin;C:\Users\user\AppData\Local\Microsoft\WindowsApps;C:\Users\user\AppData\Roaming\npm
USERNAME=user
OS=Windows_NT
PROCESSOR_IDENTIFIER=Intel64 Family 6 Model 142 Stepping 12, GenuineIntel



---------------  S Y S T E M  ---------------

OS: Windows 10.0 , 64 bit Build 18362 (10.0.18362.778)

CPU:total 8 (4 cores per cpu, 2 threads per core) family 6 model 142 stepping 12, cmov, cx8, fxsr, mmx, sse, sse2, sse3, ssse3, sse4.1, sse4.2, popcnt, avx, avx2, aes, clmul, erms, 3dnowpref, lzcnt, ht, tsc, tscinvbit, bmi1, bmi2, adx

Memory: 4k page, physical 8256288k(1309820k free), swap 8256288k(2124k free)

vm_info: Java HotSpot(TM) Client VM (25.65-b01) for windows-x86 JRE (1.8.0_65-b17), built on Oct  6 2015 17:26:22 by "java_re" with MS VC++ 10.0 (VS2010)

time: Thu May 28 11:14:19 2020
elapsed time: 4 seconds (0d 0h 0m 4s)

