#
# There is insufficient memory for the Java Runtime Environment to continue.
# Native memory allocation (malloc) failed to allocate 42608 bytes for Chunk::new
# Possible reasons:
#   The system is out of physical RAM or swap space
#   In 32 bit mode, the process size limit was hit
# Possible solutions:
#   Reduce memory load on the system
#   Increase physical memory or swap space
#   Check if swap backing store is full
#   Use 64 bit Java on a 64 bit OS
#   Decrease Java heap size (-Xmx/-Xms)
#   Decrease number of Java threads
#   Decrease Java thread stack sizes (-Xss)
#   Set larger code cache with -XX:ReservedCodeCacheSize=
# This output file may be truncated or incomplete.
#
#  Out of Memory Error (allocation.cpp:390), pid=10360, tid=5588
#
# JRE version: Java(TM) SE Runtime Environment (8.0_65-b17) (build 1.8.0_65-b17)
# Java VM: Java HotSpot(TM) Client VM (25.65-b01 mixed mode windows-x86 )
# Failed to write core dump. Minidumps are not enabled by default on client versions of Windows
#

---------------  T H R E A D  ---------------

Current thread (0x15c9bc00):  JavaThread "restartedMain" [_thread_in_native, id=5588, stack(0x16c40000,0x16c90000)]

Stack: [0x16c40000,0x16c90000],  sp=0x16c8d670,  free space=309k
Native frames: (J=compiled Java code, j=interpreted, Vv=VM code, C=native code)
V  [jvm.dll+0x1a7dbb]
V  [jvm.dll+0x1a0668]
V  [jvm.dll+0x8b731]
V  [jvm.dll+0x8bbc7]
V  [jvm.dll+0xa3514]
V  [jvm.dll+0x3a85d]
V  [jvm.dll+0x3a8dd]
V  [jvm.dll+0x3bedf]
V  [jvm.dll+0x3ab71]
V  [jvm.dll+0x4f87f]
V  [jvm.dll+0x4ff5a]
V  [jvm.dll+0x511a0]
V  [jvm.dll+0x511c6]
V  [jvm.dll+0x10597e]
C  [java.dll+0x1e9d]
J 572  java.lang.ClassLoader.findBootstrapClass(Ljava/lang/String;)Ljava/lang/Class; (0 bytes) @ 0x030371aa [0x03037110+0x9a]
J 374 C1 java.lang.ClassLoader.loadClass(Ljava/lang/String;Z)Ljava/lang/Class; (122 bytes) @ 0x02ffe22c [0x02ffe030+0x1fc]
J 374 C1 java.lang.ClassLoader.loadClass(Ljava/lang/String;Z)Ljava/lang/Class; (122 bytes) @ 0x02ffe1fc [0x02ffe030+0x1cc]
J 516 C1 sun.misc.Launcher$AppClassLoader.loadClass(Ljava/lang/String;Z)Ljava/lang/Class; (85 bytes) @ 0x0302b554 [0x0302b300+0x254]
J 500 C1 java.lang.ClassLoader.loadClass(Ljava/lang/String;)Ljava/lang/Class; (7 bytes) @ 0x03027c3c [0x03027c10+0x2c]
j  java.util.ResourceBundle$RBClassLoader.loadClass(Ljava/lang/String;)Ljava/lang/Class;+10
j  java.util.ResourceBundle$Control.newBundle(Ljava/lang/String;Ljava/util/Locale;Ljava/lang/String;Ljava/lang/ClassLoader;Z)Ljava/util/ResourceBundle;+24
j  java.util.ResourceBundle.loadBundle(Ljava/util/ResourceBundle$CacheKey;Ljava/util/List;Ljava/util/ResourceBundle$Control;Z)Ljava/util/ResourceBundle;+54
j  java.util.ResourceBundle.findBundle(Ljava/util/ResourceBundle$CacheKey;Ljava/util/List;Ljava/util/List;ILjava/util/ResourceBundle$Control;Ljava/util/ResourceBundle;)Ljava/util/ResourceBundle;+213
j  java.util.ResourceBundle.findBundle(Ljava/util/ResourceBundle$CacheKey;Ljava/util/List;Ljava/util/List;ILjava/util/ResourceBundle$Control;Ljava/util/ResourceBundle;)Ljava/util/ResourceBundle;+37
j  java.util.ResourceBundle.getBundleImpl(Ljava/lang/String;Ljava/util/Locale;Ljava/lang/ClassLoader;Ljava/util/ResourceBundle$Control;)Ljava/util/ResourceBundle;+187
j  java.util.ResourceBundle.getBundle(Ljava/lang/String;Ljava/util/Locale;Ljava/util/ResourceBundle$Control;)Ljava/util/ResourceBundle;+9
j  sun.util.resources.LocaleData$1.run()Ljava/util/ResourceBundle;+11
j  sun.util.resources.LocaleData$1.run()Ljava/lang/Object;+1
v  ~StubRoutines::call_stub
V  [jvm.dll+0x158985]
V  [jvm.dll+0x21df3e]
V  [jvm.dll+0x158a1e]
V  [jvm.dll+0x10934f]
C  [java.dll+0x1015]
j  sun.util.resources.LocaleData.getBundle(Ljava/lang/String;Ljava/util/Locale;)Ljava/util/ResourceBundle;+9
j  sun.util.resources.LocaleData.getTimeZoneNames(Ljava/util/Locale;)Lsun/util/resources/TimeZoneNamesBundle;+26
j  sun.util.locale.provider.LocaleResources.getTimeZoneNames(Ljava/lang/String;)[Ljava/lang/String;+76
j  sun.util.locale.provider.TimeZoneNameProviderImpl.getDisplayNameArray(Ljava/lang/String;Ljava/util/Locale;)[Ljava/lang/String;+22
j  sun.util.locale.provider.TimeZoneNameProviderImpl.getDisplayName(Ljava/lang/String;ZILjava/util/Locale;)Ljava/lang/String;+4
j  sun.util.locale.provider.TimeZoneNameUtility$TimeZoneNameGetter.getName(Ljava/util/spi/TimeZoneNameProvider;Ljava/util/Locale;Ljava/lang/String;ILjava/lang/String;)Ljava/lang/String;+126
j  sun.util.locale.provider.TimeZoneNameUtility$TimeZoneNameGetter.getObject(Ljava/util/spi/TimeZoneNameProvider;Ljava/util/Locale;Ljava/lang/String;[Ljava/lang/Object;)Ljava/lang/String;+49
j  sun.util.locale.provider.TimeZoneNameUtility$TimeZoneNameGetter.getObject(Ljava/util/spi/LocaleServiceProvider;Ljava/util/Locale;Ljava/lang/String;[Ljava/lang/Object;)Ljava/lang/Object;+9
j  sun.util.locale.provider.LocaleServiceProviderPool.getLocalizedObjectImpl(Lsun/util/locale/provider/LocaleServiceProviderPool$LocalizedObjectGetter;Ljava/util/Locale;ZLjava/lang/String;[Ljava/lang/Object;)Ljava/lang/Object;+40
j  sun.util.locale.provider.LocaleServiceProviderPool.getLocalizedObject(Lsun/util/locale/provider/LocaleServiceProviderPool$LocalizedObjectGetter;Ljava/util/Locale;Ljava/lang/String;[Ljava/lang/Object;)Ljava/lang/Object;+7
j  sun.util.locale.provider.TimeZoneNameUtility.retrieveDisplayNamesImpl(Ljava/lang/String;Ljava/util/Locale;)[Ljava/lang/String;+140
j  sun.util.locale.provider.TimeZoneNameUtility.retrieveDisplayName(Ljava/lang/String;ZILjava/util/Locale;)Ljava/lang/String;+2
j  java.util.TimeZone.getDisplayName(ZILjava/util/Locale;)Ljava/lang/String;+47
j  java.util.Date.toString()Ljava/lang/String;+150
J 766 C1 java.lang.StringBuilder.append(Ljava/lang/Object;)Ljava/lang/StringBuilder; (9 bytes) @ 0x0307b310 [0x0307b2d0+0x40]
j  org.springframework.context.support.AbstractApplicationContext.toString()Ljava/lang/String;+30
J 766 C1 java.lang.StringBuilder.append(Ljava/lang/Object;)Ljava/lang/StringBuilder; (9 bytes) @ 0x0307b310 [0x0307b2d0+0x40]
j  org.springframework.context.support.AbstractApplicationContext.getApplicationEventMulticaster()Lorg/springframework/context/event/ApplicationEventMulticaster;+24
j  org.springframework.context.support.ApplicationListenerDetector.postProcessBeforeDestruction(Ljava/lang/Object;Ljava/lang/String;)V+11
j  org.springframework.beans.factory.support.DisposableBeanAdapter.destroy()V+48
j  org.springframework.beans.factory.support.DefaultSingletonBeanRegistry.destroyBean(Ljava/lang/String;Lorg/springframework/beans/factory/DisposableBean;)V+133
j  org.springframework.beans.factory.support.DefaultSingletonBeanRegistry.destroySingleton(Ljava/lang/String;)V+41
j  org.springframework.beans.factory.support.DefaultListableBeanFactory.destroySingleton(Ljava/lang/String;)V+2
j  org.springframework.beans.factory.support.DefaultSingletonBeanRegistry.destroySingletons()V+105
j  org.springframework.beans.factory.support.DefaultListableBeanFactory.destroySingletons()V+1
j  org.springframework.context.support.AbstractApplicationContext.destroyBeans()V+4
j  org.springframework.context.support.AbstractApplicationContext.refresh()V+110
j  org.springframework.boot.web.servlet.context.ServletWebServerApplicationContext.refresh()V+1
j  org.springframework.boot.SpringApplication.refresh(Lorg/springframework/context/ApplicationContext;)V+10
j  org.springframework.boot.SpringApplication.refreshContext(Lorg/springframework/context/ConfigurableApplicationContext;)V+2
j  org.springframework.boot.SpringApplication.run([Ljava/lang/String;)Lorg/springframework/context/ConfigurableApplicationContext;+118
j  org.springframework.boot.SpringApplication.run([Ljava/lang/Class;[Ljava/lang/String;)Lorg/springframework/context/ConfigurableApplicationContext;+9
j  org.springframework.boot.SpringApplication.run(Ljava/lang/Class;[Ljava/lang/String;)Lorg/springframework/context/ConfigurableApplicationContext;+9
j  com.example.xhbblog.XhbBlogApplication.main([Ljava/lang/String;)V+3
v  ~StubRoutines::call_stub
V  [jvm.dll+0x158985]
V  [jvm.dll+0x21df3e]
V  [jvm.dll+0x158a1e]
V  [jvm.dll+0x165208]
V  [jvm.dll+0x165473]
V  [jvm.dll+0x102153]
C  [java.dll+0x3b26]
j  sun.reflect.NativeMethodAccessorImpl.invoke(Ljava/lang/Object;[Ljava/lang/Object;)Ljava/lang/Object;+100
j  sun.reflect.DelegatingMethodAccessorImpl.invoke(Ljava/lang/Object;[Ljava/lang/Object;)Ljava/lang/Object;+6
j  java.lang.reflect.Method.invoke(Ljava/lang/Object;[Ljava/lang/Object;)Ljava/lang/Object;+56
j  org.springframework.boot.devtools.restart.RestartLauncher.run()V+41
v  ~StubRoutines::call_stub
V  [jvm.dll+0x158985]
V  [jvm.dll+0x21df3e]
V  [jvm.dll+0x158a1e]
V  [jvm.dll+0x158ba6]
V  [jvm.dll+0x158c17]
V  [jvm.dll+0xfd45f]
V  [jvm.dll+0x17bddc]
V  [jvm.dll+0x17beca]
V  [jvm.dll+0x1c0466]
C  [msvcr100.dll+0x5c556]
C  [msvcr100.dll+0x5c600]
C  [KERNEL32.DLL+0x16359]
C  [ntdll.dll+0x67b74]
C  [ntdll.dll+0x67b44]
C  0x00000000

Java frames: (J=compiled Java code, j=interpreted, Vv=VM code)
J 572  java.lang.ClassLoader.findBootstrapClass(Ljava/lang/String;)Ljava/lang/Class; (0 bytes) @ 0x03037166 [0x03037110+0x56]
J 374 C1 java.lang.ClassLoader.loadClass(Ljava/lang/String;Z)Ljava/lang/Class; (122 bytes) @ 0x02ffe22c [0x02ffe030+0x1fc]
J 374 C1 java.lang.ClassLoader.loadClass(Ljava/lang/String;Z)Ljava/lang/Class; (122 bytes) @ 0x02ffe1fc [0x02ffe030+0x1cc]
J 516 C1 sun.misc.Launcher$AppClassLoader.loadClass(Ljava/lang/String;Z)Ljava/lang/Class; (85 bytes) @ 0x0302b554 [0x0302b300+0x254]
J 500 C1 java.lang.ClassLoader.loadClass(Ljava/lang/String;)Ljava/lang/Class; (7 bytes) @ 0x03027c3c [0x03027c10+0x2c]
j  java.util.ResourceBundle$RBClassLoader.loadClass(Ljava/lang/String;)Ljava/lang/Class;+10
j  java.util.ResourceBundle$Control.newBundle(Ljava/lang/String;Ljava/util/Locale;Ljava/lang/String;Ljava/lang/ClassLoader;Z)Ljava/util/ResourceBundle;+24
j  java.util.ResourceBundle.loadBundle(Ljava/util/ResourceBundle$CacheKey;Ljava/util/List;Ljava/util/ResourceBundle$Control;Z)Ljava/util/ResourceBundle;+54
j  java.util.ResourceBundle.findBundle(Ljava/util/ResourceBundle$CacheKey;Ljava/util/List;Ljava/util/List;ILjava/util/ResourceBundle$Control;Ljava/util/ResourceBundle;)Ljava/util/ResourceBundle;+213
j  java.util.ResourceBundle.findBundle(Ljava/util/ResourceBundle$CacheKey;Ljava/util/List;Ljava/util/List;ILjava/util/ResourceBundle$Control;Ljava/util/ResourceBundle;)Ljava/util/ResourceBundle;+37
j  java.util.ResourceBundle.getBundleImpl(Ljava/lang/String;Ljava/util/Locale;Ljava/lang/ClassLoader;Ljava/util/ResourceBundle$Control;)Ljava/util/ResourceBundle;+187
j  java.util.ResourceBundle.getBundle(Ljava/lang/String;Ljava/util/Locale;Ljava/util/ResourceBundle$Control;)Ljava/util/ResourceBundle;+9
j  sun.util.resources.LocaleData$1.run()Ljava/util/ResourceBundle;+11
j  sun.util.resources.LocaleData$1.run()Ljava/lang/Object;+1
v  ~StubRoutines::call_stub
j  java.security.AccessController.doPrivileged(Ljava/security/PrivilegedAction;)Ljava/lang/Object;+0
j  sun.util.resources.LocaleData.getBundle(Ljava/lang/String;Ljava/util/Locale;)Ljava/util/ResourceBundle;+9
j  sun.util.resources.LocaleData.getTimeZoneNames(Ljava/util/Locale;)Lsun/util/resources/TimeZoneNamesBundle;+26
j  sun.util.locale.provider.LocaleResources.getTimeZoneNames(Ljava/lang/String;)[Ljava/lang/String;+76
j  sun.util.locale.provider.TimeZoneNameProviderImpl.getDisplayNameArray(Ljava/lang/String;Ljava/util/Locale;)[Ljava/lang/String;+22
j  sun.util.locale.provider.TimeZoneNameProviderImpl.getDisplayName(Ljava/lang/String;ZILjava/util/Locale;)Ljava/lang/String;+4
j  sun.util.locale.provider.TimeZoneNameUtility$TimeZoneNameGetter.getName(Ljava/util/spi/TimeZoneNameProvider;Ljava/util/Locale;Ljava/lang/String;ILjava/lang/String;)Ljava/lang/String;+126
j  sun.util.locale.provider.TimeZoneNameUtility$TimeZoneNameGetter.getObject(Ljava/util/spi/TimeZoneNameProvider;Ljava/util/Locale;Ljava/lang/String;[Ljava/lang/Object;)Ljava/lang/String;+49
j  sun.util.locale.provider.TimeZoneNameUtility$TimeZoneNameGetter.getObject(Ljava/util/spi/LocaleServiceProvider;Ljava/util/Locale;Ljava/lang/String;[Ljava/lang/Object;)Ljava/lang/Object;+9
j  sun.util.locale.provider.LocaleServiceProviderPool.getLocalizedObjectImpl(Lsun/util/locale/provider/LocaleServiceProviderPool$LocalizedObjectGetter;Ljava/util/Locale;ZLjava/lang/String;[Ljava/lang/Object;)Ljava/lang/Object;+40
j  sun.util.locale.provider.LocaleServiceProviderPool.getLocalizedObject(Lsun/util/locale/provider/LocaleServiceProviderPool$LocalizedObjectGetter;Ljava/util/Locale;Ljava/lang/String;[Ljava/lang/Object;)Ljava/lang/Object;+7
j  sun.util.locale.provider.TimeZoneNameUtility.retrieveDisplayNamesImpl(Ljava/lang/String;Ljava/util/Locale;)[Ljava/lang/String;+140
j  sun.util.locale.provider.TimeZoneNameUtility.retrieveDisplayName(Ljava/lang/String;ZILjava/util/Locale;)Ljava/lang/String;+2
j  java.util.TimeZone.getDisplayName(ZILjava/util/Locale;)Ljava/lang/String;+47
j  java.util.Date.toString()Ljava/lang/String;+150
J 766 C1 java.lang.StringBuilder.append(Ljava/lang/Object;)Ljava/lang/StringBuilder; (9 bytes) @ 0x0307b310 [0x0307b2d0+0x40]
j  org.springframework.context.support.AbstractApplicationContext.toString()Ljava/lang/String;+30
J 766 C1 java.lang.StringBuilder.append(Ljava/lang/Object;)Ljava/lang/StringBuilder; (9 bytes) @ 0x0307b310 [0x0307b2d0+0x40]
j  org.springframework.context.support.AbstractApplicationContext.getApplicationEventMulticaster()Lorg/springframework/context/event/ApplicationEventMulticaster;+24
j  org.springframework.context.support.ApplicationListenerDetector.postProcessBeforeDestruction(Ljava/lang/Object;Ljava/lang/String;)V+11
j  org.springframework.beans.factory.support.DisposableBeanAdapter.destroy()V+48
j  org.springframework.beans.factory.support.DefaultSingletonBeanRegistry.destroyBean(Ljava/lang/String;Lorg/springframework/beans/factory/DisposableBean;)V+133
j  org.springframework.beans.factory.support.DefaultSingletonBeanRegistry.destroySingleton(Ljava/lang/String;)V+41
j  org.springframework.beans.factory.support.DefaultListableBeanFactory.destroySingleton(Ljava/lang/String;)V+2
j  org.springframework.beans.factory.support.DefaultSingletonBeanRegistry.destroySingletons()V+105
j  org.springframework.beans.factory.support.DefaultListableBeanFactory.destroySingletons()V+1
j  org.springframework.context.support.AbstractApplicationContext.destroyBeans()V+4
j  org.springframework.context.support.AbstractApplicationContext.refresh()V+110
j  org.springframework.boot.web.servlet.context.ServletWebServerApplicationContext.refresh()V+1
j  org.springframework.boot.SpringApplication.refresh(Lorg/springframework/context/ApplicationContext;)V+10
j  org.springframework.boot.SpringApplication.refreshContext(Lorg/springframework/context/ConfigurableApplicationContext;)V+2
j  org.springframework.boot.SpringApplication.run([Ljava/lang/String;)Lorg/springframework/context/ConfigurableApplicationContext;+118
j  org.springframework.boot.SpringApplication.run([Ljava/lang/Class;[Ljava/lang/String;)Lorg/springframework/context/ConfigurableApplicationContext;+9
j  org.springframework.boot.SpringApplication.run(Ljava/lang/Class;[Ljava/lang/String;)Lorg/springframework/context/ConfigurableApplicationContext;+9
j  com.example.xhbblog.XhbBlogApplication.main([Ljava/lang/String;)V+3
v  ~StubRoutines::call_stub
j  sun.reflect.NativeMethodAccessorImpl.invoke0(Ljava/lang/reflect/Method;Ljava/lang/Object;[Ljava/lang/Object;)Ljava/lang/Object;+0
j  sun.reflect.NativeMethodAccessorImpl.invoke(Ljava/lang/Object;[Ljava/lang/Object;)Ljava/lang/Object;+100
j  sun.reflect.DelegatingMethodAccessorImpl.invoke(Ljava/lang/Object;[Ljava/lang/Object;)Ljava/lang/Object;+6
j  java.lang.reflect.Method.invoke(Ljava/lang/Object;[Ljava/lang/Object;)Ljava/lang/Object;+56
j  org.springframework.boot.devtools.restart.RestartLauncher.run()V+41
v  ~StubRoutines::call_stub

---------------  P R O C E S S  ---------------

Java Threads: ( => current thread )
=>0x15c9bc00 JavaThread "restartedMain" [_thread_in_native, id=5588, stack(0x16c40000,0x16c90000)]
  0x15c9b400 JavaThread "Thread-1" [_thread_blocked, id=12372, stack(0x16bb0000,0x16c00000)]
  0x15bc8800 JavaThread "RMI TCP Accept-0" daemon [_thread_in_native, id=9464, stack(0x15ee0000,0x15f30000)]
  0x159ee800 JavaThread "Service Thread" daemon [_thread_blocked, id=3652, stack(0x15e30000,0x15e80000)]
  0x15a5e400 JavaThread "C1 CompilerThread0" daemon [_thread_blocked, id=8864, stack(0x15da0000,0x15df0000)]
  0x159fe000 JavaThread "Monitor Ctrl-Break" daemon [_thread_in_native, id=11956, stack(0x15d10000,0x15d60000)]
  0x15493400 JavaThread "Attach Listener" daemon [_thread_blocked, id=6080, stack(0x15870000,0x158c0000)]
  0x154c7c00 JavaThread "Signal Dispatcher" daemon [_thread_blocked, id=7420, stack(0x157e0000,0x15830000)]
  0x1546c000 JavaThread "Finalizer" daemon [_thread_blocked, id=12188, stack(0x156f0000,0x15740000)]
  0x15467000 JavaThread "Reference Handler" daemon [_thread_blocked, id=9368, stack(0x15660000,0x156b0000)]
  0x02de3c00 JavaThread "main" [_thread_blocked, id=7188, stack(0x02690000,0x026e0000)]

Other Threads:
  0x15462800 VMThread [stack: 0x04f70000,0x04fc0000] [id=10524]
  0x15bd5000 WatcherThread [stack: 0x15f70000,0x15fc0000] [id=9632]

VM state:not at safepoint (normal execution)

VM Mutex/Monitor currently owned by a thread: None

Heap:
 def new generation   total 4992K, used 1326K [0x05000000, 0x05560000, 0x0a550000)
  eden space 4480K,  18% used [0x05000000, 0x050cb958, 0x05460000)
  from space 512K,  99% used [0x05460000, 0x054dffd8, 0x054e0000)
  to   space 512K,   0% used [0x054e0000, 0x054e0000, 0x05560000)
 tenured generation   total 10944K, used 7799K [0x0a550000, 0x0b000000, 0x15000000)
   the space 10944K,  71% used [0x0a550000, 0x0acede68, 0x0acee000, 0x0b000000)
 Metaspace       used 15142K, capacity 15843K, committed 15872K, reserved 17792K

Card table byte_map: [0x04ee0000,0x04f70000] byte_map_base: 0x04eb8000

Polling page: 0x00fc0000

CodeCache: size=32768Kb used=2175Kb max_used=2175Kb free=30592Kb
 bounds [0x02ee0000, 0x03108000, 0x04ee0000]
 total_blobs=1322 nmethods=1133 adapters=118
 compilation: disabled (not enough contiguous free space left)

Compilation events (10 events):
Event: 1.705 Thread 0x15a5e400 1134             org.springframework.core.annotation.AnnotationAttributes::fromMap (27 bytes)
Event: 1.705 Thread 0x15a5e400 nmethod 1134 0x030ff348 code [0x030ff450, 0x030ff5cc]
Event: 1.706 Thread 0x15a5e400 1135             org.springframework.util.ConcurrentReferenceHashMap$ReferenceManager::createReference (43 bytes)
Event: 1.706 Thread 0x15a5e400 nmethod 1135 0x030ff688 code [0x030ff7a0, 0x030ff95c]
Event: 1.706 Thread 0x15a5e400 1136             org.springframework.util.ConcurrentReferenceHashMap::access$400 (5 bytes)
Event: 1.706 Thread 0x15a5e400 nmethod 1136 0x030ffa88 code [0x030ffb80, 0x030ffbf0]
Event: 1.706 Thread 0x15a5e400 1137             org.springframework.util.ConcurrentReferenceHashMap$SoftEntryReference::<init> (18 bytes)
Event: 1.706 Thread 0x15a5e400 nmethod 1137 0x030ffc88 code [0x030ffd80, 0x030ffe60]
Event: 1.713 Thread 0x15a5e400 1138  s          java.lang.reflect.Executable::declaredAnnotations (59 bytes)
Event: 1.714 Thread 0x15a5e400 


GC Heap History (10 events):
Event: 1.613 GC heap before
{Heap before GC invocations=47 (full 1):
 def new generation   total 4992K, used 4980K [0x05000000, 0x05560000, 0x0a550000)
  eden space 4480K, 100% used [0x05000000, 0x05460000, 0x05460000)
  from space 512K,  97% used [0x054e0000, 0x0555d140, 0x05560000)
  to   space 512K,   0% used [0x05460000, 0x05460000, 0x054e0000)
 tenured generation   total 10944K, used 7161K [0x0a550000, 0x0b000000, 0x15000000)
   the space 10944K,  65% used [0x0a550000, 0x0ac4e680, 0x0ac4e800, 0x0b000000)
 Metaspace       used 14593K, capacity 15281K, committed 15360K, reserved 15744K
Event: 1.616 GC heap after
Heap after GC invocations=48 (full 1):
 def new generation   total 4992K, used 387K [0x05000000, 0x05560000, 0x0a550000)
  eden space 4480K,   0% used [0x05000000, 0x05000000, 0x05460000)
  from space 512K,  75% used [0x05460000, 0x054c0c98, 0x054e0000)
  to   space 512K,   0% used [0x054e0000, 0x054e0000, 0x05560000)
 tenured generation   total 10944K, used 7249K [0x0a550000, 0x0b000000, 0x15000000)
   the space 10944K,  66% used [0x0a550000, 0x0ac64780, 0x0ac64800, 0x0b000000)
 Metaspace       used 14593K, capacity 15281K, committed 15360K, reserved 15744K
}
Event: 1.644 GC heap before
{Heap before GC invocations=48 (full 1):
 def new generation   total 4992K, used 4867K [0x05000000, 0x05560000, 0x0a550000)
  eden space 4480K, 100% used [0x05000000, 0x05460000, 0x05460000)
  from space 512K,  75% used [0x05460000, 0x054c0c98, 0x054e0000)
  to   space 512K,   0% used [0x054e0000, 0x054e0000, 0x05560000)
 tenured generation   total 10944K, used 7249K [0x0a550000, 0x0b000000, 0x15000000)
   the space 10944K,  66% used [0x0a550000, 0x0ac64780, 0x0ac64800, 0x0b000000)
 Metaspace       used 14684K, capacity 15385K, committed 15488K, reserved 15744K
Event: 1.646 GC heap after
Heap after GC invocations=49 (full 1):
 def new generation   total 4992K, used 309K [0x05000000, 0x05560000, 0x0a550000)
  eden space 4480K,   0% used [0x05000000, 0x05000000, 0x05460000)
  from space 512K,  60% used [0x054e0000, 0x0552d578, 0x05560000)
  to   space 512K,   0% used [0x05460000, 0x05460000, 0x054e0000)
 tenured generation   total 10944K, used 7384K [0x0a550000, 0x0b000000, 0x15000000)
   the space 10944K,  67% used [0x0a550000, 0x0ac86100, 0x0ac86200, 0x0b000000)
 Metaspace       used 14684K, capacity 15385K, committed 15488K, reserved 15744K
}
Event: 1.673 GC heap before
{Heap before GC invocations=49 (full 1):
 def new generation   total 4992K, used 4789K [0x05000000, 0x05560000, 0x0a550000)
  eden space 4480K, 100% used [0x05000000, 0x05460000, 0x05460000)
  from space 512K,  60% used [0x054e0000, 0x0552d578, 0x05560000)
  to   space 512K,   0% used [0x05460000, 0x05460000, 0x054e0000)
 tenured generation   total 10944K, used 7384K [0x0a550000, 0x0b000000, 0x15000000)
   the space 10944K,  67% used [0x0a550000, 0x0ac86100, 0x0ac86200, 0x0b000000)
 Metaspace       used 14791K, capacity 15481K, committed 15488K, reserved 15744K
Event: 1.674 GC heap after
Heap after GC invocations=50 (full 1):
 def new generation   total 4992K, used 312K [0x05000000, 0x05560000, 0x0a550000)
  eden space 4480K,   0% used [0x05000000, 0x05000000, 0x05460000)
  from space 512K,  61% used [0x05460000, 0x054ae380, 0x054e0000)
  to   space 512K,   0% used [0x054e0000, 0x054e0000, 0x05560000)
 tenured generation   total 10944K, used 7545K [0x0a550000, 0x0b000000, 0x15000000)
   the space 10944K,  68% used [0x0a550000, 0x0acae5e0, 0x0acae600, 0x0b000000)
 Metaspace       used 14791K, capacity 15481K, committed 15488K, reserved 15744K
}
Event: 1.701 GC heap before
{Heap before GC invocations=50 (full 1):
 def new generation   total 4992K, used 4792K [0x05000000, 0x05560000, 0x0a550000)
  eden space 4480K, 100% used [0x05000000, 0x05460000, 0x05460000)
  from space 512K,  61% used [0x05460000, 0x054ae380, 0x054e0000)
  to   space 512K,   0% used [0x054e0000, 0x054e0000, 0x05560000)
 tenured generation   total 10944K, used 7545K [0x0a550000, 0x0b000000, 0x15000000)
   the space 10944K,  68% used [0x0a550000, 0x0acae5e0, 0x0acae600, 0x0b000000)
 Metaspace       used 14932K, capacity 15643K, committed 15744K, reserved 16768K
Event: 1.702 GC heap after
Heap after GC invocations=51 (full 1):
 def new generation   total 4992K, used 379K [0x05000000, 0x05560000, 0x0a550000)
  eden space 4480K,   0% used [0x05000000, 0x05000000, 0x05460000)
  from space 512K,  74% used [0x054e0000, 0x0553eed0, 0x05560000)
  to   space 512K,   0% used [0x05460000, 0x05460000, 0x054e0000)
 tenured generation   total 10944K, used 7646K [0x0a550000, 0x0b000000, 0x15000000)
   the space 10944K,  69% used [0x0a550000, 0x0acc78d0, 0x0acc7a00, 0x0b000000)
 Metaspace       used 14932K, capacity 15643K, committed 15744K, reserved 16768K
}
Event: 1.732 GC heap before
{Heap before GC invocations=51 (full 1):
 def new generation   total 4992K, used 4859K [0x05000000, 0x05560000, 0x0a550000)
  eden space 4480K, 100% used [0x05000000, 0x05460000, 0x05460000)
  from space 512K,  74% used [0x054e0000, 0x0553eed0, 0x05560000)
  to   space 512K,   0% used [0x05460000, 0x05460000, 0x054e0000)
 tenured generation   total 10944K, used 7646K [0x0a550000, 0x0b000000, 0x15000000)
   the space 10944K,  69% used [0x0a550000, 0x0acc78d0, 0x0acc7a00, 0x0b000000)
 Metaspace       used 15122K, capacity 15843K, committed 15872K, reserved 17792K
Event: 1.734 GC heap after
Heap after GC invocations=52 (full 1):
 def new generation   total 4992K, used 511K [0x05000000, 0x05560000, 0x0a550000)
  eden space 4480K,   0% used [0x05000000, 0x05000000, 0x05460000)
  from space 512K,  99% used [0x05460000, 0x054dffd8, 0x054e0000)
  to   space 512K,   0% used [0x054e0000, 0x054e0000, 0x05560000)
 tenured generation   total 10944K, used 7799K [0x0a550000, 0x0b000000, 0x15000000)
   the space 10944K,  71% used [0x0a550000, 0x0acede68, 0x0acee000, 0x0b000000)
 Metaspace       used 15122K, capacity 15843K, committed 15872K, reserved 17792K
}

Deoptimization events (0 events):
No events

Internal exceptions (10 events):
Event: 1.638 Thread 0x15c9bc00 Exception <a 'java/lang/ArrayIndexOutOfBoundsException'> (0x0535ee08) thrown at [C:\re\workspace\8-2-build-windows-i586-cygwin\jdk8u65\4987\hotspot\src\share\vm\runtime\sharedRuntime.cpp, line 605]
Event: 1.653 Thread 0x15c9bc00 Exception <a 'java/lang/ArrayIndexOutOfBoundsException'> (0x051489d0) thrown at [C:\re\workspace\8-2-build-windows-i586-cygwin\jdk8u65\4987\hotspot\src\share\vm\runtime\sharedRuntime.cpp, line 605]
Event: 1.662 Thread 0x15c9bc00 Exception <a 'java/lang/ArrayIndexOutOfBoundsException'> (0x0529fe78) thrown at [C:\re\workspace\8-2-build-windows-i586-cygwin\jdk8u65\4987\hotspot\src\share\vm\runtime\sharedRuntime.cpp, line 605]
Event: 1.667 Thread 0x15c9bc00 Exception <a 'java/lang/ArrayIndexOutOfBoundsException'> (0x053692c0) thrown at [C:\re\workspace\8-2-build-windows-i586-cygwin\jdk8u65\4987\hotspot\src\share\vm\runtime\sharedRuntime.cpp, line 605]
Event: 1.672 Thread 0x15c9bc00 Exception <a 'java/lang/ArrayIndexOutOfBoundsException'> (0x05443990) thrown at [C:\re\workspace\8-2-build-windows-i586-cygwin\jdk8u65\4987\hotspot\src\share\vm\runtime\sharedRuntime.cpp, line 605]
Event: 1.687 Thread 0x15c9bc00 Exception <a 'java/lang/ArrayIndexOutOfBoundsException'> (0x052275b0) thrown at [C:\re\workspace\8-2-build-windows-i586-cygwin\jdk8u65\4987\hotspot\src\share\vm\runtime\sharedRuntime.cpp, line 605]
Event: 1.691 Thread 0x15c9bc00 Exception <a 'java/lang/ArrayIndexOutOfBoundsException'> (0x0528e0e0) thrown at [C:\re\workspace\8-2-build-windows-i586-cygwin\jdk8u65\4987\hotspot\src\share\vm\runtime\sharedRuntime.cpp, line 605]
Event: 1.702 Thread 0x15c9bc00 Exception <a 'java/lang/ArrayIndexOutOfBoundsException'> (0x05000560) thrown at [C:\re\workspace\8-2-build-windows-i586-cygwin\jdk8u65\4987\hotspot\src\share\vm\runtime\sharedRuntime.cpp, line 605]
Event: 1.727 Thread 0x15c9bc00 Exception <a 'java/lang/NoSuchMethodError': org.slf4j.impl.StaticMarkerBinder.getSingleton()Lorg/slf4j/impl/StaticMarkerBinder;> (0x0540b3c8) thrown at [C:\re\workspace\8-2-build-windows-i586-cygwin\jdk8u65\4987\hotspot\src\share\vm\interpreter\linkResolveTN ‘[Øû?
Event: 1.740 Thread 0x15c9bc00 Exception <a 'java/lang/OutOfMemoryError'> (0x0509fd40) thrown at [C:\re\workspace\8-2-build-windows-i586-cygwin\jdk8u65\4987\hotspot\src\share\vm\prims\jni.cpp, line 735]

Events (10 events):
Event: 1.746 loading class java/util/concurrent/ConcurrentHashMap$Traverser done
Event: 1.746 loading class java/util/concurrent/ConcurrentHashMap$BaseIterator done
Event: 1.746 loading class java/util/concurrent/ConcurrentHashMap$EntryIterator done
Event: 1.747 loading class sun/util/locale/provider/TimeZoneNameUtility
Event: 1.747 loading class sun/util/locale/provider/TimeZoneNameUtility done
Event: 1.747 loading class sun/util/locale/provider/TimeZoneNameProviderImpl
Event: 1.747 loading class sun/util/locale/provider/TimeZoneNameProviderImpl done
Event: 1.747 loading class sun/util/locale/provider/TimeZoneNameUtility$TimeZoneNameGetter
Event: 1.747 loading class sun/util/locale/provider/TimeZoneNameUtility$TimeZoneNameGetter done
Event: 1.747 loading class sun/util/resources/TimeZoneNames


Dynamic libraries:
0x01000000 - 0x01033000 	D:\develop\jdk\bin\java.exe
0x775d0000 - 0x7776a000 	C:\WINDOWS\SYSTEM32\ntdll.dll
0x773d0000 - 0x774b0000 	C:\WINDOWS\System32\KERNEL32.DLL
0x75000000 - 0x751fe000 	C:\WINDOWS\System32\KERNELBASE.dll
0x6c980000 - 0x6ca1f000 	C:\WINDOWS\SYSTEM32\apphelp.dll
0x756c0000 - 0x75739000 	C:\WINDOWS\System32\ADVAPI32.dll
0x75f40000 - 0x75fff000 	C:\WINDOWS\System32\msvcrt.dll
0x74ef0000 - 0x74f66000 	C:\WINDOWS\System32\sechost.dll
0x768c0000 - 0x7697b000 	C:\WINDOWS\System32\RPCRT4.dll
0x74da0000 - 0x74dc0000 	C:\WINDOWS\System32\SspiCli.dll
0x74d90000 - 0x74d9a000 	C:\WINDOWS\System32\CRYPTBASE.dll
0x74fa0000 - 0x74fff000 	C:\WINDOWS\System32\bcryptPrimitives.dll
0x76d10000 - 0x76ea7000 	C:\WINDOWS\System32\USER32.dll
0x76c00000 - 0x76c17000 	C:\WINDOWS\System32\win32u.dll
0x74e20000 - 0x74e41000 	C:\WINDOWS\System32\GDI32.dll
0x75de0000 - 0x75f3a000 	C:\WINDOWS\System32\gdi32full.dll
0x76ae0000 - 0x76b5c000 	C:\WINDOWS\System32\msvcp_win.dll
0x752d0000 - 0x753ef000 	C:\WINDOWS\System32\ucrtbase.dll
0x6f1a0000 - 0x6f3af000 	C:\WINDOWS\WinSxS\x86_microsoft.windows.common-controls_6595b64144ccf1df_6.0.18362.720_none_2e6bec9c2790ac71\COMCTL32.dll
0x75440000 - 0x756b5000 	C:\WINDOWS\System32\combase.dll
0x74f70000 - 0x74f95000 	C:\WINDOWS\System32\IMM32.DLL
0x6b550000 - 0x6b60f000 	D:\develop\jdk\jre\bin\msvcr100.dll
0x698c0000 - 0x69c84000 	D:\develop\jdk\jre\bin\client\jvm.dll
0x752c0000 - 0x752c6000 	C:\WINDOWS\System32\PSAPI.DLL
0x746e0000 - 0x746e8000 	C:\WINDOWS\SYSTEM32\WSOCK32.dll
0x761c0000 - 0x7621e000 	C:\WINDOWS\System32\WS2_32.dll
0x74920000 - 0x74944000 	C:\WINDOWS\SYSTEM32\WINMM.dll
0x74d80000 - 0x74d88000 	C:\WINDOWS\SYSTEM32\VERSION.dll
0x748f0000 - 0x74913000 	C:\WINDOWS\SYSTEM32\WINMMBASE.dll
0x76cc0000 - 0x76cfb000 	C:\WINDOWS\System32\cfgmgr32.dll
0x6b890000 - 0x6b89c000 	D:\develop\jdk\jre\bin\verify.dll
0x6b860000 - 0x6b881000 	D:\develop\jdk\jre\bin\java.dll
0x6ef00000 - 0x6ef20000 	D:\develop\jdk\jre\bin\instrument.dll
0x6b840000 - 0x6b853000 	D:\develop\jdk\jre\bin\zip.dll
0x75740000 - 0x75cba000 	C:\WINDOWS\System32\SHELL32.dll
0x76b70000 - 0x76bf4000 	C:\WINDOWS\System32\shcore.dll
0x762f0000 - 0x768b5000 	C:\WINDOWS\System32\windows.storage.dll
0x752a0000 - 0x752bb000 	C:\WINDOWS\System32\profapi.dll
0x76000000 - 0x76043000 	C:\WINDOWS\System32\powrprof.dll
0x76d00000 - 0x76d0d000 	C:\WINDOWS\System32\UMPDC.dll
0x753f0000 - 0x75434000 	C:\WINDOWS\System32\shlwapi.dll
0x75200000 - 0x7520f000 	C:\WINDOWS\System32\kernel.appcore.dll
0x76220000 - 0x76233000 	C:\WINDOWS\System32\cryptsp.dll
0x6eee0000 - 0x6eef6000 	D:\develop\JetBrains\IntelliJ IDEA 2019.2.3\bin\breakgen.dll
0x6b820000 - 0x6b836000 	D:\develop\jdk\jre\bin\net.dll
0x72310000 - 0x72362000 	C:\WINDOWS\system32\mswsock.dll
0x742b0000 - 0x74341000 	C:\WINDOWS\SYSTEM32\DNSAPI.dll
0x76b60000 - 0x76b67000 	C:\WINDOWS\System32\NSI.dll
0x74c10000 - 0x74c42000 	C:\WINDOWS\SYSTEM32\IPHLPAPI.DLL
0x6f9a0000 - 0x6f9a8000 	C:\Windows\System32\rasadhlp.dll
0x6f940000 - 0x6f991000 	C:\WINDOWS\System32\fwpuclnt.dll
0x74ed0000 - 0x74ee9000 	C:\WINDOWS\System32\bcrypt.dll
0x687c0000 - 0x687ca000 	D:\develop\jdk\jre\bin\management.dll
0x6b810000 - 0x6b81f000 	D:\develop\jdk\jre\bin\nio.dll
0x745d0000 - 0x745ff000 	C:\WINDOWS\system32\rsaenh.dll
0x74d50000 - 0x74d6e000 	C:\WINDOWS\SYSTEM32\USERENV.dll
0x73d80000 - 0x73d93000 	C:\WINDOWS\SYSTEM32\dhcpcsvc6.DLL
0x747b0000 - 0x747c5000 	C:\WINDOWS\SYSTEM32\dhcpcsvc.DLL
0x72390000 - 0x723a1000 	C:\WINDOWS\system32\napinsp.dll
0x72370000 - 0x72386000 	C:\WINDOWS\system32\pnrpnsp.dll
0x72300000 - 0x7230b000 	C:\WINDOWS\System32\winrnr.dll
0x722e0000 - 0x722f6000 	C:\WINDOWS\system32\NLAapi.dll
0x722d0000 - 0x722e0000 	C:\WINDOWS\system32\wshbth.dll

VM Arguments:
jvm_args: -XX:TieredStopAtLevel=1 -Xverify:none -Dspring.output.ansi.enabled=always -Dcom.sun.management.jmxremote -Dspring.jmx.enabled=true -Dspring.liveBeansView.mbeanDomain -Dspring.application.admin.enabled=true -javaagent:D:\develop\JetBrains\IntelliJ IDEA 2019.2.3\lib\idea_rt.jar=62455:D:\develop\JetBrains\IntelliJ IDEA 2019.2.3\bin -Dfile.encoding=UTF-8 
java_command: com.example.xhbblog.XhbBlogApplication
java_class_path (initial): D:\develop\jdk\jre\lib\charsets.jar;D:\develop\jdk\jre\lib\deploy.jar;D:\develop\jdk\jre\lib\ext\access-bridge.jar;D:\develop\jdk\jre\lib\ext\cldrdata.jar;D:\develop\jdk\jre\lib\ext\dnsns.jar;D:\develop\jdk\jre\lib\ext\jaccess.jar;D:\develop\jdk\jre\lib\ext\jfxrt.jar;D:\develop\jdk\jre\lib\ext\localedata.jar;D:\develop\jdk\jre\lib\ext\nashorn.jar;D:\develop\jdk\jre\lib\ext\sunec.jar;D:\develop\jdk\jre\lib\ext\sunjce_provider.jar;D:\develop\jdk\jre\lib\ext\sunmscapi.jar;D:\develop\jdk\jre\lib\ext\sunpkcs11.jar;D:\develop\jdk\jre\lib\ext\zipfs.jar;D:\develop\jdk\jre\lib\javaws.jar;D:\develop\jdk\jre\lib\jce.jar;D:\develop\jdk\jre\lib\jfr.jar;D:\develop\jdk\jre\lib\jfxswt.jar;D:\develop\jdk\jre\lib\jsse.jar;D:\develop\jdk\jre\lib\management-agent.jar;D:\develop\jdk\jre\lib\plugin.jar;D:\develop\jdk\jre\lib\resources.jar;D:\develop\jdk\jre\lib\rt.jar;D:\project\xhb-blog\target\classes;D:\develop\JetBrains\IntelliJ IDEA 2019.2.3\plugins\maven\lib\maven3\conf\respository\com\github\pagehelper\pagehelper\4.1.6\pagehelper-4.1.6.jar;D:\develop\JetBrains\IntelliJ IDEA 2019.2.3\plugins\maven\lib\maven3\conf\respository\com\github\jsqlparser\jsqlparser\0.9.5\jsqlparser-0.9.5.jar;D:\develop\JetBrains\IntelliJ IDEA 2019.2.3\plugins\maven\lib\maven3\conf\respository\com\qiniu\qiniu-java-sdk\7.2.28\qiniu-java-sdk-7.2.28.jar;D:\develop\JetBrains\IntelliJ IDEA 2019.2.3\plugins\maven\lib\maven3\conf\respository\com\squareup\okhttp3\okhttp\3.14.7\okhttp-3.14.7.jar;D:\develop\JetBrains\IntelliJ IDEA 2019.2.3\plugins\maven\lib\maven3\conf\respository\com\squareup\okio\okio\1.17.2\okio-1.17.2.jar;D:\develop\JetBrains\IntelliJ IDEA 2019.2.3\plugins\maven\lib\maven3\conf\respository\com\google\code\gson\gson\2.8.6\gson-2.8.6.jar;D:\develop\JetBrains\IntelliJ IDEA 2019.2.3\plugins\maven\lib\maven3\conf\respository\mysql\mysql-connector-java\8.0.19\mysql-connector-java-8.0.19.jar;D:\develop\JetBrains\IntelliJ IDEA 2019.2.3\plugins\maven\lib\maven3\conf\respository
Launcher Type: SUN_STANDARD

Environment Variables:
JAVA_HOME=D:\develop\jdk
PATH=D:\develop\jdk\bin;D:\develop\Git\cmd;C:\Program Files\nodejs\;C:\WINDOWS\system32;C:\WINDOWS;C:\WINDOWS\System32\Wbem;C:\WINDOWS\System32\WindowsPowerShell\v1.0\;C:\WINDOWS\System32\OpenSSH\;;C:\Users\user\AppData\Local\Programs\Microsoft VS Code\bin;C:\Users\user\AppData\Roaming\npm;%USERPROFILE%\AppData\Local\Microsoft\WindowsApps
USERNAME=user
OS=Windows_NT
PROCESSOR_IDENTIFIER=Intel64 Family 6 Model 142 Stepping 12, GenuineIntel



---------------  S Y S T E M  ---------------

OS: Windows 10.0 , 64 bit Build 18362 (10.0.18362.329)

CPU:total 8 (4 cores per cpu, 2 threads per core) family 6 model 142 stepping 12, cmov, cx8, fxsr, mmx, sse, sse2, sse3, ssse3, sse4.1, sse4.2, popcnt, avx, avx2, aes, clmul, erms, 3dnowpref, lzcnt, ht, tsc, tscinvbit, bmi1, bmi2, adx

Memory: 4k page, physical 8256288k(1148880k free), swap 8256288k(4080k free)

vm_info: Java HotSpot(TM) Client VM (25.65-b01) for windows-x86 JRE (1.8.0_65-b17), built on Oct  6 2015 17:26:22 by "java_re" with MS VC++ 10.0 (VS2010)

time: Wed Apr 01 13:55:33 2020
elapsed time: 1 seconds (0d 0h 0m 1s)

